{
  "stats": {
    "suites": 1,
    "tests": 1,
    "passes": 1,
    "pending": 0,
    "failures": 0,
    "start": "2026-04-27T17:59:48.928Z",
    "end": "2026-04-27T17:59:58.922Z",
    "duration": 9994,
    "testsRegistered": 1,
    "passPercent": 100,
    "pendingPercent": 0,
    "other": 0,
    "hasOther": false,
    "skipped": 0,
    "hasSkipped": false
  },
  "results": [
    {
      "uuid": "359b2626-563e-42f1-8982-42c23502b264",
      "title": "",
      "fullFile": "cypress/e2e/05_link_conexao/04_conexao_portoSantos.cy.js",
      "file": "cypress/e2e/05_link_conexao/04_conexao_portoSantos.cy.js",
      "beforeHooks": [],
      "afterHooks": [],
      "tests": [],
      "suites": [
        {
          "uuid": "1a951a7d-2813-4098-9e23-fe3c6a711118",
          "title": "Validar link de conexão com o Porto de Santos",
          "fullFile": "",
          "file": "",
          "beforeHooks": [],
          "afterHooks": [],
          "tests": [
            {
              "title": "Deve validar o link do card de conexão com o Porto de Santos e redirecionar para a página de conexão com o Porto de Santos",
              "fullTitle": "Validar link de conexão com o Porto de Santos Deve validar o link do card de conexão com o Porto de Santos e redirecionar para a página de conexão com o Porto de Santos",
              "timedOut": null,
              "duration": 9944,
              "state": "passed",
              "speed": "medium",
              "pass": true,
              "fail": false,
              "pending": false,
              "context": null,
              "code": "// cy.get('[data-tab=\"slick_tabs-content-carousel-2\"]').click({ force: true });\n// cy.get('#slick-slide90 > .carousel-cards-content-text > .aem-Grid > .button > clientlib > .about-card-button > .focusable').click({ force: true });\n// cy.url().should('include', '/destinos/porto-santos')",
              "err": {},
              "uuid": "f905867f-79d0-43a9-b3dc-43580889e6ad",
              "parentUUID": "1a951a7d-2813-4098-9e23-fe3c6a711118",
              "isHook": false,
              "skipped": false
            }
          ],
          "suites": [],
          "passes": [
            "f905867f-79d0-43a9-b3dc-43580889e6ad"
          ],
          "failures": [],
          "pending": [],
          "skipped": [],
          "duration": 9944,
          "root": false,
          "rootEmpty": false,
          "_timeout": 2000
        }
      ],
      "passes": [],
      "failures": [],
      "pending": [],
      "skipped": [],
      "duration": 0,
      "root": true,
      "rootEmpty": true,
      "_timeout": 2000
    }
  ],
  "meta": {
    "mocha": {
      "version": "7.2.0"
    },
    "mochawesome": {
      "options": {
        "quiet": false,
        "reportFilename": "mochawesome",
        "saveHtml": true,
        "saveJson": true,
        "consoleReporter": "spec",
        "useInlineDiffs": false,
        "code": true
      },
      "version": "7.1.4"
    },
    "marge": {
      "options": {
        "reportDir": "cypress/reports",
        "overwrite": false,
        "html": true,
        "json": true,
        "embeddedScreenshots": true,
        "inlineAssets": true
      },
      "version": "6.3.2"
    }
  }
}