{
  "stats": {
    "suites": 1,
    "tests": 1,
    "passes": 1,
    "pending": 0,
    "failures": 0,
    "start": "2026-04-27T17:39:46.524Z",
    "end": "2026-04-27T17:40:03.297Z",
    "duration": 16773,
    "testsRegistered": 1,
    "passPercent": 100,
    "pendingPercent": 0,
    "other": 0,
    "hasOther": false,
    "skipped": 0,
    "hasSkipped": false
  },
  "results": [
    {
      "uuid": "3cd5c7e5-5590-40cf-b304-f60204fd0e44",
      "title": "",
      "fullFile": "cypress/e2e/06_cards_duvidas_frequentes/03_reembolso.cy.js",
      "file": "cypress/e2e/06_cards_duvidas_frequentes/03_reembolso.cy.js",
      "beforeHooks": [],
      "afterHooks": [],
      "tests": [],
      "suites": [
        {
          "uuid": "9d61670c-d245-41b7-b99b-c06670b7cb0c",
          "title": "Validar Cards - dúvidas frequentes",
          "fullFile": "",
          "file": "",
          "beforeHooks": [],
          "afterHooks": [],
          "tests": [
            {
              "title": "Deve validar Cards - reembolso",
              "fullTitle": "Validar Cards - dúvidas frequentes Deve validar Cards - reembolso",
              "timedOut": null,
              "duration": 16699,
              "state": "passed",
              "speed": "slow",
              "pass": true,
              "fail": false,
              "pending": false,
              "context": null,
              "code": "cy.get(':nth-child(5) > .custom-padding > .container > :nth-child(1) > .aem-Grid > .image > .cmp-image > #cmp-image-link > .cmp-image__image').click();\ncy.url().should('include', '/reembolso');",
              "err": {},
              "uuid": "5000cdca-006c-4820-be85-1d989ea8e154",
              "parentUUID": "9d61670c-d245-41b7-b99b-c06670b7cb0c",
              "isHook": false,
              "skipped": false
            }
          ],
          "suites": [],
          "passes": [
            "5000cdca-006c-4820-be85-1d989ea8e154"
          ],
          "failures": [],
          "pending": [],
          "skipped": [],
          "duration": 16699,
          "root": false,
          "rootEmpty": false,
          "_timeout": 2000
        }
      ],
      "passes": [],
      "failures": [],
      "pending": [],
      "skipped": [],
      "duration": 0,
      "root": true,
      "rootEmpty": true,
      "_timeout": 2000
    }
  ],
  "meta": {
    "mocha": {
      "version": "7.2.0"
    },
    "mochawesome": {
      "options": {
        "quiet": false,
        "reportFilename": "mochawesome",
        "saveHtml": true,
        "saveJson": true,
        "consoleReporter": "spec",
        "useInlineDiffs": false,
        "code": true
      },
      "version": "7.1.4"
    },
    "marge": {
      "options": {
        "reportDir": "cypress/reports",
        "overwrite": false,
        "html": true,
        "json": true,
        "embeddedScreenshots": true,
        "inlineAssets": true
      },
      "version": "6.3.2"
    }
  }
}