{
  "stats": {
    "suites": 1,
    "tests": 1,
    "passes": 1,
    "pending": 0,
    "failures": 0,
    "start": "2026-04-27T23:03:19.667Z",
    "end": "2026-04-27T23:03:36.792Z",
    "duration": 17125,
    "testsRegistered": 1,
    "passPercent": 100,
    "pendingPercent": 0,
    "other": 0,
    "hasOther": false,
    "skipped": 0,
    "hasSkipped": false
  },
  "results": [
    {
      "uuid": "73d27d0e-ec52-4bef-9323-9094f25a3b5c",
      "title": "",
      "fullFile": "cypress/e2e/06_cards_duvidas_frequentes/02_remarcacao.cy.js",
      "file": "cypress/e2e/06_cards_duvidas_frequentes/02_remarcacao.cy.js",
      "beforeHooks": [],
      "afterHooks": [],
      "tests": [],
      "suites": [
        {
          "uuid": "39c6fc73-7016-4b84-a59c-b51369d0d1d6",
          "title": "Validar Cards - dúvidas frequentes",
          "fullFile": "",
          "file": "",
          "beforeHooks": [],
          "afterHooks": [],
          "tests": [
            {
              "title": "Deve validar Cards - remarcação",
              "fullTitle": "Validar Cards - dúvidas frequentes Deve validar Cards - remarcação",
              "timedOut": null,
              "duration": 17033,
              "state": "passed",
              "speed": "slow",
              "pass": true,
              "fail": false,
              "pending": false,
              "context": null,
              "code": "cy.get(':nth-child(4) > .custom-padding > .container > :nth-child(1) > .aem-Grid > .image > .cmp-image > #cmp-image-link > .cmp-image__image').click();\ncy.url().should('include', '/remarcacao');",
              "err": {},
              "uuid": "81de2100-5342-45f4-b8b9-a4ad70e81787",
              "parentUUID": "39c6fc73-7016-4b84-a59c-b51369d0d1d6",
              "isHook": false,
              "skipped": false
            }
          ],
          "suites": [],
          "passes": [
            "81de2100-5342-45f4-b8b9-a4ad70e81787"
          ],
          "failures": [],
          "pending": [],
          "skipped": [],
          "duration": 17033,
          "root": false,
          "rootEmpty": false,
          "_timeout": 2000
        }
      ],
      "passes": [],
      "failures": [],
      "pending": [],
      "skipped": [],
      "duration": 0,
      "root": true,
      "rootEmpty": true,
      "_timeout": 2000
    }
  ],
  "meta": {
    "mocha": {
      "version": "7.2.0"
    },
    "mochawesome": {
      "options": {
        "quiet": false,
        "reportFilename": "mochawesome",
        "saveHtml": true,
        "saveJson": true,
        "consoleReporter": "spec",
        "useInlineDiffs": false,
        "code": true
      },
      "version": "7.1.4"
    },
    "marge": {
      "options": {
        "reportDir": "cypress/reports/",
        "overwrite": false,
        "html": true,
        "json": true,
        "embeddedScreenshots": true,
        "inlineAssets": true
      },
      "version": "6.3.2"
    }
  }
}