{
  "stats": {
    "suites": 1,
    "tests": 1,
    "passes": 1,
    "pending": 0,
    "failures": 0,
    "start": "2026-04-27T17:44:09.949Z",
    "end": "2026-04-27T17:45:13.534Z",
    "duration": 63585,
    "testsRegistered": 1,
    "passPercent": 100,
    "pendingPercent": 0,
    "other": 0,
    "hasOther": false,
    "skipped": 0,
    "hasSkipped": false
  },
  "results": [
    {
      "uuid": "17f44702-c2e5-4b59-8c9f-391a43871b27",
      "title": "",
      "fullFile": "cypress/e2e/00_smoke/busca_passagens.cy.js",
      "file": "cypress/e2e/00_smoke/busca_passagens.cy.js",
      "beforeHooks": [],
      "afterHooks": [],
      "tests": [],
      "suites": [
        {
          "uuid": "2d18780b-6087-44d4-afcf-2bcc45dd57bf",
          "title": "Fazer busca de destinos, selecionar datas, compra de passagens, selecionar assentos e finalizar compra",
          "fullFile": "",
          "file": "",
          "beforeHooks": [],
          "afterHooks": [],
          "tests": [
            {
              "title": "Fazer busca de destinos IDA com 1 passageiro",
              "fullTitle": "Fazer busca de destinos, selecionar datas, compra de passagens, selecionar assentos e finalizar compra Fazer busca de destinos IDA com 1 passageiro",
              "timedOut": null,
              "duration": 63499,
              "state": "passed",
              "speed": "slow",
              "pass": true,
              "fail": false,
              "pending": false,
              "context": null,
              "code": "cy.get(_locators.default.BUSCAS.DESTINO_IDA).click().type('São Paulo (Todos) (SP)', {\n  delay: 100\n}).should('exist').invoke('show');\ncy.contains(' São Paulo (Todos) (SP) ').click({\n  force: true\n});\ncy.get(_locators.default.BUSCAS.DESTINO_VOLTA).click().type('Rio de Janeiro (Todos) (RJ)', {\n  delay: 100\n}).should('exist').invoke('show');\ncy.contains(' Rio de Janeiro (Todos) (RJ) ').click({\n  force: true\n});\ncy.get(_locators.default.BUSCAS.DATA_IDA).click();\ncy.selecionarDataIda(2);\ncy.get(_locators.default.BUSCAS.BOTAO_BUSCAR, {\n  timeout: 90000\n}).should('be.visible').click();\ncy.wait(5000);\ncy.selecionarPassagemAleatoria1({\n  timeout: 90000\n});\ncy.wait(2000);\ncy.get(_locators.default.CHECK_PASSAGEIRO, {\n  timeout: 90000\n}).click({\n  force: true\n});\ncy.get(_locators.default.BOTAO_AVANCAR).should('be.visible').and('not.be.disabled').click();\ncy.contains('Escolha o seu assento', {\n  timeout: 90000\n}).should('be.visible');\ncy.selecionarAssentoAleatorio({\n  timeout: 90000\n});\ncy.get(_locators.default.BOTAO_AVANCAR).should('be.visible').click();\n// cy.url({ timeout: 90000 }).should('include', '/pagamento')\n// Não finalizar a compra para evitar transações reais\n// cy.get('#tab-pix').click()\n// cy.get('.conditions-check', { timeout: 20000 }).click({ force: true })\n// cy.get('#payment-submit').should('be.visible').and('not.be.disabled').click();",
              "err": {},
              "uuid": "72eaa950-36ab-4b3c-8711-d6389a97f26b",
              "parentUUID": "2d18780b-6087-44d4-afcf-2bcc45dd57bf",
              "isHook": false,
              "skipped": false
            }
          ],
          "suites": [],
          "passes": [
            "72eaa950-36ab-4b3c-8711-d6389a97f26b"
          ],
          "failures": [],
          "pending": [],
          "skipped": [],
          "duration": 63499,
          "root": false,
          "rootEmpty": false,
          "_timeout": 2000
        }
      ],
      "passes": [],
      "failures": [],
      "pending": [],
      "skipped": [],
      "duration": 0,
      "root": true,
      "rootEmpty": true,
      "_timeout": 2000
    }
  ],
  "meta": {
    "mocha": {
      "version": "7.2.0"
    },
    "mochawesome": {
      "options": {
        "quiet": false,
        "reportFilename": "mochawesome",
        "saveHtml": true,
        "saveJson": true,
        "consoleReporter": "spec",
        "useInlineDiffs": false,
        "code": true
      },
      "version": "7.1.4"
    },
    "marge": {
      "options": {
        "reportDir": "cypress/reports",
        "overwrite": false,
        "html": true,
        "json": true,
        "embeddedScreenshots": true,
        "inlineAssets": true
      },
      "version": "6.3.2"
    }
  }
}