{
  "stats": {
    "suites": 1,
    "tests": 1,
    "passes": 1,
    "pending": 0,
    "failures": 0,
    "start": "2026-04-27T15:16:25.536Z",
    "end": "2026-04-27T15:16:42.754Z",
    "duration": 17218,
    "testsRegistered": 1,
    "passPercent": 100,
    "pendingPercent": 0,
    "other": 0,
    "hasOther": false,
    "skipped": 0,
    "hasSkipped": false
  },
  "results": [
    {
      "uuid": "ea978ec1-7de1-48d0-a8ec-68268a2af3e3",
      "title": "",
      "fullFile": "cypress/e2e/06_cards_duvidas_frequentes/01_info_viagens.cy.js",
      "file": "cypress/e2e/06_cards_duvidas_frequentes/01_info_viagens.cy.js",
      "beforeHooks": [],
      "afterHooks": [],
      "tests": [],
      "suites": [
        {
          "uuid": "aed14012-d77d-4351-a431-fb46cfadc2a9",
          "title": "Validar Cards - dúvidas frequentes",
          "fullFile": "",
          "file": "",
          "beforeHooks": [],
          "afterHooks": [],
          "tests": [
            {
              "title": "Deve validar Cards - informação para sua viagem",
              "fullTitle": "Validar Cards - dúvidas frequentes Deve validar Cards - informação para sua viagem",
              "timedOut": null,
              "duration": 17147,
              "state": "passed",
              "speed": "slow",
              "pass": true,
              "fail": false,
              "pending": false,
              "context": null,
              "code": "cy.get(':nth-child(3) > .custom-padding > .container > :nth-child(1) > .aem-Grid > .image > .cmp-image > #cmp-image-link > .cmp-image__image').click();\ncy.url().should('include', 'https://www.viacaocometa.com.br/informacao-para-sua-viagem');",
              "err": {},
              "uuid": "f7cb4318-bad3-466d-acc0-8bcc95de1c14",
              "parentUUID": "aed14012-d77d-4351-a431-fb46cfadc2a9",
              "isHook": false,
              "skipped": false
            }
          ],
          "suites": [],
          "passes": [
            "f7cb4318-bad3-466d-acc0-8bcc95de1c14"
          ],
          "failures": [],
          "pending": [],
          "skipped": [],
          "duration": 17147,
          "root": false,
          "rootEmpty": false,
          "_timeout": 2000
        }
      ],
      "passes": [],
      "failures": [],
      "pending": [],
      "skipped": [],
      "duration": 0,
      "root": true,
      "rootEmpty": true,
      "_timeout": 2000
    }
  ],
  "meta": {
    "mocha": {
      "version": "7.2.0"
    },
    "mochawesome": {
      "options": {
        "quiet": false,
        "reportFilename": "mochawesome",
        "saveHtml": true,
        "saveJson": true,
        "consoleReporter": "spec",
        "useInlineDiffs": false,
        "code": true
      },
      "version": "7.1.4"
    },
    "marge": {
      "options": {
        "reportDir": "cypress/reports",
        "overwrite": false,
        "html": true,
        "json": true,
        "embeddedScreenshots": true,
        "inlineAssets": true
      },
      "version": "6.3.2"
    }
  }
}