{
  "stats": {
    "suites": 1,
    "tests": 5,
    "passes": 5,
    "pending": 0,
    "failures": 0,
    "start": "2026-04-27T15:17:37.059Z",
    "end": "2026-04-27T15:18:17.096Z",
    "duration": 40037,
    "testsRegistered": 5,
    "passPercent": 100,
    "pendingPercent": 0,
    "other": 0,
    "hasOther": false,
    "skipped": 0,
    "hasSkipped": false
  },
  "results": [
    {
      "uuid": "6f5d1b4e-eb9e-469b-8b5e-536b8f7516c1",
      "title": "",
      "fullFile": "cypress/e2e/07_links_footer/01_validar_links.cy.js",
      "file": "cypress/e2e/07_links_footer/01_validar_links.cy.js",
      "beforeHooks": [],
      "afterHooks": [],
      "tests": [],
      "suites": [
        {
          "uuid": "577a34bb-0aaf-4063-95d4-ffd9f455603f",
          "title": "Validar todos os Links Footer",
          "fullFile": "",
          "file": "",
          "beforeHooks": [],
          "afterHooks": [],
          "tests": [
            {
              "title": "Deve validar Links Footer - Instagram",
              "fullTitle": "Validar todos os Links Footer Deve validar Links Footer - Instagram",
              "timedOut": null,
              "duration": 12401,
              "state": "passed",
              "speed": "slow",
              "pass": true,
              "fail": false,
              "pending": false,
              "context": null,
              "code": "cy.get('.social-networks-list > :nth-child(1) > [href=\"https://www.instagram.com/viacaocometa.oficial/?hl=pt-br\"]').click();",
              "err": {},
              "uuid": "2fd26771-6e8d-480c-a729-101ee289cdb9",
              "parentUUID": "577a34bb-0aaf-4063-95d4-ffd9f455603f",
              "isHook": false,
              "skipped": false
            },
            {
              "title": "Deve validar Links Footer - Facebook",
              "fullTitle": "Validar todos os Links Footer Deve validar Links Footer - Facebook",
              "timedOut": null,
              "duration": 5616,
              "state": "passed",
              "speed": "medium",
              "pass": true,
              "fail": false,
              "pending": false,
              "context": null,
              "code": "cy.get('a[href=\"https://www.facebook.com/ViacaoCometaOficial\"]').click();",
              "err": {},
              "uuid": "0f032341-4933-4e07-8980-f218ab37356b",
              "parentUUID": "577a34bb-0aaf-4063-95d4-ffd9f455603f",
              "isHook": false,
              "skipped": false
            },
            {
              "title": "Deve validar Links Footer - Atendimento virtual whatsapp",
              "fullTitle": "Validar todos os Links Footer Deve validar Links Footer - Atendimento virtual whatsapp",
              "timedOut": null,
              "duration": 5551,
              "state": "passed",
              "speed": "medium",
              "pass": true,
              "fail": false,
              "pending": false,
              "context": null,
              "code": "cy.get('[href=\"https://api.whatsapp.com/send?phone=5511972645808\"] > b').click();\ncy.url().should('include', '/send?phone=5511972645808');",
              "err": {},
              "uuid": "530ff474-09fc-4d5c-9f36-9ed88644fd31",
              "parentUUID": "577a34bb-0aaf-4063-95d4-ffd9f455603f",
              "isHook": false,
              "skipped": false
            },
            {
              "title": "Deve validar Links Footer - Vendas whatsapp",
              "fullTitle": "Validar todos os Links Footer Deve validar Links Footer - Vendas whatsapp",
              "timedOut": null,
              "duration": 7546,
              "state": "passed",
              "speed": "medium",
              "pass": true,
              "fail": false,
              "pending": false,
              "context": null,
              "code": "cy.get(':nth-child(2) > [href=\"https://wa.me/5511933153607\"]').click();\n// cy.url().should('include', '/5511933153607')",
              "err": {},
              "uuid": "17f32362-0cee-4f15-9cc0-f1ca4abf7ff6",
              "parentUUID": "577a34bb-0aaf-4063-95d4-ffd9f455603f",
              "isHook": false,
              "skipped": false
            },
            {
              "title": "Deve validar Links Footer - Fale Conosco",
              "fullTitle": "Validar todos os Links Footer Deve validar Links Footer - Fale Conosco",
              "timedOut": null,
              "duration": 8619,
              "state": "passed",
              "speed": "medium",
              "pass": true,
              "fail": false,
              "pending": false,
              "context": null,
              "code": "cy.get(':nth-child(4) > :nth-child(1) > [href=\"/fale-conosco\"]').click();\ncy.url().should('include', '/fale-conosco');",
              "err": {},
              "uuid": "fe467c46-a9e1-4fa6-a87d-4f24dcfa6812",
              "parentUUID": "577a34bb-0aaf-4063-95d4-ffd9f455603f",
              "isHook": false,
              "skipped": false
            }
          ],
          "suites": [],
          "passes": [
            "2fd26771-6e8d-480c-a729-101ee289cdb9",
            "0f032341-4933-4e07-8980-f218ab37356b",
            "530ff474-09fc-4d5c-9f36-9ed88644fd31",
            "17f32362-0cee-4f15-9cc0-f1ca4abf7ff6",
            "fe467c46-a9e1-4fa6-a87d-4f24dcfa6812"
          ],
          "failures": [],
          "pending": [],
          "skipped": [],
          "duration": 39733,
          "root": false,
          "rootEmpty": false,
          "_timeout": 2000
        }
      ],
      "passes": [],
      "failures": [],
      "pending": [],
      "skipped": [],
      "duration": 0,
      "root": true,
      "rootEmpty": true,
      "_timeout": 2000
    }
  ],
  "meta": {
    "mocha": {
      "version": "7.2.0"
    },
    "mochawesome": {
      "options": {
        "quiet": false,
        "reportFilename": "mochawesome",
        "saveHtml": true,
        "saveJson": true,
        "consoleReporter": "spec",
        "useInlineDiffs": false,
        "code": true
      },
      "version": "7.1.4"
    },
    "marge": {
      "options": {
        "reportDir": "cypress/reports",
        "overwrite": false,
        "html": true,
        "json": true,
        "embeddedScreenshots": true,
        "inlineAssets": true
      },
      "version": "6.3.2"
    }
  }
}