{
  "stats": {
    "suites": 1,
    "tests": 1,
    "passes": 1,
    "pending": 0,
    "failures": 0,
    "start": "2026-04-28T04:06:38.547Z",
    "end": "2026-04-28T04:06:55.714Z",
    "duration": 17167,
    "testsRegistered": 1,
    "passPercent": 100,
    "pendingPercent": 0,
    "other": 0,
    "hasOther": false,
    "skipped": 0,
    "hasSkipped": false
  },
  "results": [
    {
      "uuid": "75f53e5f-d60d-4522-a29c-e5a81d55d911",
      "title": "",
      "fullFile": "cypress/e2e/06_cards_duvidas_frequentes/03_reembolso.cy.js",
      "file": "cypress/e2e/06_cards_duvidas_frequentes/03_reembolso.cy.js",
      "beforeHooks": [],
      "afterHooks": [],
      "tests": [],
      "suites": [
        {
          "uuid": "12c4ac9b-907a-4310-b062-2c1bea31ae4a",
          "title": "Validar Cards - dúvidas frequentes",
          "fullFile": "",
          "file": "",
          "beforeHooks": [],
          "afterHooks": [],
          "tests": [
            {
              "title": "Deve validar Cards - reembolso",
              "fullTitle": "Validar Cards - dúvidas frequentes Deve validar Cards - reembolso",
              "timedOut": null,
              "duration": 17072,
              "state": "passed",
              "speed": "slow",
              "pass": true,
              "fail": false,
              "pending": false,
              "context": null,
              "code": "cy.get(':nth-child(5) > .custom-padding > .container > :nth-child(1) > .aem-Grid > .image > .cmp-image > #cmp-image-link > .cmp-image__image').click();\ncy.url().should('include', '/reembolso');",
              "err": {},
              "uuid": "9e5d66c3-5b52-42f8-95d1-4aa1479b60b3",
              "parentUUID": "12c4ac9b-907a-4310-b062-2c1bea31ae4a",
              "isHook": false,
              "skipped": false
            }
          ],
          "suites": [],
          "passes": [
            "9e5d66c3-5b52-42f8-95d1-4aa1479b60b3"
          ],
          "failures": [],
          "pending": [],
          "skipped": [],
          "duration": 17072,
          "root": false,
          "rootEmpty": false,
          "_timeout": 2000
        }
      ],
      "passes": [],
      "failures": [],
      "pending": [],
      "skipped": [],
      "duration": 0,
      "root": true,
      "rootEmpty": true,
      "_timeout": 2000
    }
  ],
  "meta": {
    "mocha": {
      "version": "7.2.0"
    },
    "mochawesome": {
      "options": {
        "quiet": false,
        "reportFilename": "mochawesome",
        "saveHtml": true,
        "saveJson": true,
        "consoleReporter": "spec",
        "useInlineDiffs": false,
        "code": true
      },
      "version": "7.1.4"
    },
    "marge": {
      "options": {
        "reportDir": "cypress/reports/",
        "overwrite": false,
        "html": true,
        "json": true,
        "embeddedScreenshots": true,
        "inlineAssets": true
      },
      "version": "6.3.2"
    }
  }
}