{
  "stats": {
    "suites": 1,
    "tests": 1,
    "passes": 1,
    "pending": 0,
    "failures": 0,
    "start": "2026-04-28T04:04:04.383Z",
    "end": "2026-04-28T04:04:22.287Z",
    "duration": 17904,
    "testsRegistered": 1,
    "passPercent": 100,
    "pendingPercent": 0,
    "other": 0,
    "hasOther": false,
    "skipped": 0,
    "hasSkipped": false
  },
  "results": [
    {
      "uuid": "78a74090-84d1-417d-84b9-991a2c071b79",
      "title": "",
      "fullFile": "cypress/e2e/03_links_header/05_pontos_de_venda.cy.js",
      "file": "cypress/e2e/03_links_header/05_pontos_de_venda.cy.js",
      "beforeHooks": [],
      "afterHooks": [],
      "tests": [],
      "suites": [
        {
          "uuid": "e53b451f-9ffc-4882-8c92-24cd3e069888",
          "title": "Validar link de pontos de venda",
          "fullFile": "",
          "file": "",
          "beforeHooks": [],
          "afterHooks": [],
          "tests": [
            {
              "title": "Deve redirecionar para a página de pontos de venda",
              "fullTitle": "Validar link de pontos de venda Deve redirecionar para a página de pontos de venda",
              "timedOut": null,
              "duration": 17839,
              "state": "passed",
              "speed": "slow",
              "pass": true,
              "fail": false,
              "pending": false,
              "context": null,
              "code": "cy.get('.header-nav-container > :nth-child(1) > :nth-child(5) > .focusable').click();\ncy.url().should('include', '/pontos-de-venda');",
              "err": {},
              "uuid": "e3159093-d5a0-40f9-8a05-b0f40692b0dc",
              "parentUUID": "e53b451f-9ffc-4882-8c92-24cd3e069888",
              "isHook": false,
              "skipped": false
            }
          ],
          "suites": [],
          "passes": [
            "e3159093-d5a0-40f9-8a05-b0f40692b0dc"
          ],
          "failures": [],
          "pending": [],
          "skipped": [],
          "duration": 17839,
          "root": false,
          "rootEmpty": false,
          "_timeout": 2000
        }
      ],
      "passes": [],
      "failures": [],
      "pending": [],
      "skipped": [],
      "duration": 0,
      "root": true,
      "rootEmpty": true,
      "_timeout": 2000
    }
  ],
  "meta": {
    "mocha": {
      "version": "7.2.0"
    },
    "mochawesome": {
      "options": {
        "quiet": false,
        "reportFilename": "mochawesome",
        "saveHtml": true,
        "saveJson": true,
        "consoleReporter": "spec",
        "useInlineDiffs": false,
        "code": true
      },
      "version": "7.1.4"
    },
    "marge": {
      "options": {
        "reportDir": "cypress/reports/",
        "overwrite": false,
        "html": true,
        "json": true,
        "embeddedScreenshots": true,
        "inlineAssets": true
      },
      "version": "6.3.2"
    }
  }
}