{
  "stats": {
    "suites": 1,
    "tests": 1,
    "passes": 1,
    "pending": 0,
    "failures": 0,
    "start": "2026-04-28T09:14:31.685Z",
    "end": "2026-04-28T09:14:48.328Z",
    "duration": 16643,
    "testsRegistered": 1,
    "passPercent": 100,
    "pendingPercent": 0,
    "other": 0,
    "hasOther": false,
    "skipped": 0,
    "hasSkipped": false
  },
  "results": [
    {
      "uuid": "ac108c98-7958-420d-84c5-c9e8d03f691f",
      "title": "",
      "fullFile": "cypress/e2e/05_link_conexao/05_conheca_nossos_onibus.cy.js",
      "file": "cypress/e2e/05_link_conexao/05_conheca_nossos_onibus.cy.js",
      "beforeHooks": [],
      "afterHooks": [],
      "tests": [],
      "suites": [
        {
          "uuid": "6ce5a634-ddf3-4c46-921a-ca9481d9d782",
          "title": "Validar link de conexão com os ônibus",
          "fullFile": "",
          "file": "",
          "beforeHooks": [],
          "afterHooks": [],
          "tests": [
            {
              "title": "Deve validar o link do card de conexão com os ônibus e redirecionar para a página de contato",
              "fullTitle": "Validar link de conexão com os ônibus Deve validar o link do card de conexão com os ônibus e redirecionar para a página de contato",
              "timedOut": null,
              "duration": 16595,
              "state": "passed",
              "speed": "slow",
              "pass": true,
              "fail": false,
              "pending": false,
              "context": null,
              "code": "cy.get('#headingitem0').click();\ncy.get('#headingitem1').click();\ncy.get('#headingitem2').click();\ncy.get('#headingitem3').click();\ncy.get('[style=\"color: rgb(255,0,150);\"] > .focusable > span').click({\n  force: true\n});\ncy.url().should('include', 'fale-conosco');",
              "err": {},
              "uuid": "1f8e217b-c0ec-448a-8c80-570c4eb4c4ec",
              "parentUUID": "6ce5a634-ddf3-4c46-921a-ca9481d9d782",
              "isHook": false,
              "skipped": false
            }
          ],
          "suites": [],
          "passes": [
            "1f8e217b-c0ec-448a-8c80-570c4eb4c4ec"
          ],
          "failures": [],
          "pending": [],
          "skipped": [],
          "duration": 16595,
          "root": false,
          "rootEmpty": false,
          "_timeout": 2000
        }
      ],
      "passes": [],
      "failures": [],
      "pending": [],
      "skipped": [],
      "duration": 0,
      "root": true,
      "rootEmpty": true,
      "_timeout": 2000
    }
  ],
  "meta": {
    "mocha": {
      "version": "7.2.0"
    },
    "mochawesome": {
      "options": {
        "quiet": false,
        "reportFilename": "mochawesome",
        "saveHtml": true,
        "saveJson": true,
        "consoleReporter": "spec",
        "useInlineDiffs": false,
        "code": true
      },
      "version": "7.1.4"
    },
    "marge": {
      "options": {
        "reportDir": "cypress/reports/",
        "overwrite": false,
        "html": true,
        "json": true,
        "embeddedScreenshots": true,
        "inlineAssets": true
      },
      "version": "6.3.2"
    }
  }
}