{
  "stats": {
    "suites": 1,
    "tests": 1,
    "passes": 1,
    "pending": 0,
    "failures": 0,
    "start": "2026-04-22T20:38:25.029Z",
    "end": "2026-04-22T20:38:43.766Z",
    "duration": 18737,
    "testsRegistered": 1,
    "passPercent": 100,
    "pendingPercent": 0,
    "other": 0,
    "hasOther": false,
    "skipped": 0,
    "hasSkipped": false
  },
  "results": [
    {
      "uuid": "496de71c-9949-4b2c-8614-140c47fd17bd",
      "title": "",
      "fullFile": "cypress\\e2e\\03_links_header\\04_nossos_destinos.cy.js",
      "file": "cypress\\e2e\\03_links_header\\04_nossos_destinos.cy.js",
      "beforeHooks": [],
      "afterHooks": [],
      "tests": [],
      "suites": [
        {
          "uuid": "fc4cdaf7-bd08-48a0-89ed-be12ac300857",
          "title": "Validar link de nossos destinos",
          "fullFile": "",
          "file": "",
          "beforeHooks": [],
          "afterHooks": [],
          "tests": [
            {
              "title": "Deve redirecionar para a página de nossos destinos",
              "fullTitle": "Validar link de nossos destinos Deve redirecionar para a página de nossos destinos",
              "timedOut": null,
              "duration": 18585,
              "state": "passed",
              "speed": "slow",
              "pass": true,
              "fail": false,
              "pending": false,
              "context": null,
              "code": "cy.get('.header-nav-container > :nth-child(1) > :nth-child(4) > .focusable').click();\ncy.url().should('include', '/nossos-destinos');",
              "err": {},
              "uuid": "8892399c-c3d8-4870-84d3-63faba04bac5",
              "parentUUID": "fc4cdaf7-bd08-48a0-89ed-be12ac300857",
              "isHook": false,
              "skipped": false
            }
          ],
          "suites": [],
          "passes": [
            "8892399c-c3d8-4870-84d3-63faba04bac5"
          ],
          "failures": [],
          "pending": [],
          "skipped": [],
          "duration": 18585,
          "root": false,
          "rootEmpty": false,
          "_timeout": 2000
        }
      ],
      "passes": [],
      "failures": [],
      "pending": [],
      "skipped": [],
      "duration": 0,
      "root": true,
      "rootEmpty": true,
      "_timeout": 2000
    }
  ],
  "meta": {
    "mocha": {
      "version": "7.2.0"
    },
    "mochawesome": {
      "options": {
        "quiet": false,
        "reportFilename": "mochawesome",
        "saveHtml": false,
        "saveJson": true,
        "consoleReporter": "spec",
        "useInlineDiffs": false,
        "code": true
      },
      "version": "7.1.4"
    },
    "marge": {
      "options": {
        "id": "default",
        "charts": true,
        "reportPageTitle": "Relatório de Testes - Viacao Cometa",
        "embeddedScreenshots": true,
        "inlineAssets": true,
        "saveAllAttempts": false,
        "overwrite": false,
        "html": false,
        "json": true,
        "reportDir": "cypress\\reports\\html\\.jsons"
      },
      "version": "6.3.2"
    }
  }
}