{
  "stats": {
    "suites": 1,
    "tests": 1,
    "passes": 1,
    "pending": 0,
    "failures": 0,
    "start": "2026-04-23T17:27:11.158Z",
    "end": "2026-04-23T17:27:23.944Z",
    "duration": 12786,
    "testsRegistered": 1,
    "passPercent": 100,
    "pendingPercent": 0,
    "other": 0,
    "hasOther": false,
    "skipped": 0,
    "hasSkipped": false
  },
  "results": [
    {
      "uuid": "56b41ad6-c161-4132-a460-d3243cdb09f4",
      "title": "",
      "fullFile": "cypress\\e2e\\03_links_header\\04_nossos_destinos.cy.js",
      "file": "cypress\\e2e\\03_links_header\\04_nossos_destinos.cy.js",
      "beforeHooks": [],
      "afterHooks": [],
      "tests": [],
      "suites": [
        {
          "uuid": "4a20b60e-15b6-40a0-af2f-a38cbbb87c14",
          "title": "Validar link de nossos destinos",
          "fullFile": "",
          "file": "",
          "beforeHooks": [],
          "afterHooks": [],
          "tests": [
            {
              "title": "Deve redirecionar para a página de nossos destinos",
              "fullTitle": "Validar link de nossos destinos Deve redirecionar para a página de nossos destinos",
              "timedOut": null,
              "duration": 12675,
              "state": "passed",
              "speed": "slow",
              "pass": true,
              "fail": false,
              "pending": false,
              "context": null,
              "code": "cy.get('.header-nav-container > :nth-child(1) > :nth-child(4) > .focusable').click();\ncy.url().should('include', '/nossos-destinos');",
              "err": {},
              "uuid": "c93aebb7-fa45-48f1-baa9-f91b212a257c",
              "parentUUID": "4a20b60e-15b6-40a0-af2f-a38cbbb87c14",
              "isHook": false,
              "skipped": false
            }
          ],
          "suites": [],
          "passes": [
            "c93aebb7-fa45-48f1-baa9-f91b212a257c"
          ],
          "failures": [],
          "pending": [],
          "skipped": [],
          "duration": 12675,
          "root": false,
          "rootEmpty": false,
          "_timeout": 2000
        }
      ],
      "passes": [],
      "failures": [],
      "pending": [],
      "skipped": [],
      "duration": 0,
      "root": true,
      "rootEmpty": true,
      "_timeout": 2000
    }
  ],
  "meta": {
    "mocha": {
      "version": "7.2.0"
    },
    "mochawesome": {
      "options": {
        "quiet": false,
        "reportFilename": "mochawesome",
        "saveHtml": false,
        "saveJson": true,
        "consoleReporter": "spec",
        "useInlineDiffs": false,
        "code": true
      },
      "version": "7.1.4"
    },
    "marge": {
      "options": {
        "id": "default",
        "charts": true,
        "reportPageTitle": "Relatório de Testes - Viacao Cometa",
        "embeddedScreenshots": true,
        "inlineAssets": true,
        "saveAllAttempts": false,
        "overwrite": false,
        "html": false,
        "json": true,
        "reportDir": "cypress\\reports\\html\\.jsons"
      },
      "version": "6.3.2"
    }
  }
}