{
  "stats": {
    "suites": 1,
    "tests": 4,
    "passes": 4,
    "pending": 0,
    "failures": 0,
    "start": "2026-04-22T20:35:45.448Z",
    "end": "2026-04-22T20:36:42.069Z",
    "duration": 56621,
    "testsRegistered": 4,
    "passPercent": 100,
    "pendingPercent": 0,
    "other": 0,
    "hasOther": false,
    "skipped": 0,
    "hasSkipped": false
  },
  "results": [
    {
      "uuid": "cc08e416-4d48-4c45-b954-6375a2471f64",
      "title": "",
      "fullFile": "cypress\\e2e\\01_autenticacao\\01_login.cy.js",
      "file": "cypress\\e2e\\01_autenticacao\\01_login.cy.js",
      "beforeHooks": [],
      "afterHooks": [],
      "tests": [],
      "suites": [
        {
          "uuid": "6386f4d9-26ae-4397-a594-9d6900ed9b87",
          "title": "Login",
          "fullFile": "",
          "file": "",
          "beforeHooks": [],
          "afterHooks": [],
          "tests": [
            {
              "title": "Deve fazer login com sucesso",
              "fullTitle": "Login Deve fazer login com sucesso",
              "timedOut": null,
              "duration": 12724,
              "state": "passed",
              "speed": "slow",
              "pass": true,
              "fail": false,
              "pending": false,
              "context": null,
              "code": "cy.get('.logged-message').should('be.visible');",
              "err": {},
              "uuid": "f6e33919-6b34-4289-9378-31b675bc1450",
              "parentUUID": "6386f4d9-26ae-4397-a594-9d6900ed9b87",
              "isHook": false,
              "skipped": false
            },
            {
              "title": "Deve preencher endereço do perfil",
              "fullTitle": "Login Deve preencher endereço do perfil",
              "timedOut": null,
              "duration": 15809,
              "state": "passed",
              "speed": "slow",
              "pass": true,
              "fail": false,
              "pending": false,
              "context": null,
              "code": "cy.get('.logged-message').click();\ncy.get('a[data-pagetype=\"edit-profile-page\"]:visible').click();\ncy.get('.title-address-info > p').should('contain', 'Informações opcionais');\ncy.get('#input-zipcode').clear().type('06455020');\ncy.get('#input-address').clear().type(faker.location.streetAddress());\ncy.get('#input-number').clear().type(faker.number.int({\n  min: 1,\n  max: 1000\n}));\ncy.get('#input-city').clear().type(faker.location.city());\ncy.get('#button-register').click({\n  force: true\n});\ncy.get(':nth-child(3) > .xf-content-height > :nth-child(1) > .confirmation-alert > .container-confirmation > .message-confirmation-container > .content-message-confirmation > .confirmation-alert-body-par > .aem-Grid > :nth-child(1) > .cmp-text > p').should('contain', 'Tudo certo!');",
              "err": {},
              "uuid": "7904f733-0ba5-499f-ad45-bade0923eb2e",
              "parentUUID": "6386f4d9-26ae-4397-a594-9d6900ed9b87",
              "isHook": false,
              "skipped": false
            },
            {
              "title": "Minhas Viagens - Validar mensagem: Não encontramos nenhuma viagem futura em sua conta.",
              "fullTitle": "Login Minhas Viagens - Validar mensagem: Não encontramos nenhuma viagem futura em sua conta.",
              "timedOut": null,
              "duration": 13747,
              "state": "passed",
              "speed": "slow",
              "pass": true,
              "fail": false,
              "pending": false,
              "context": null,
              "code": "cy.get('.logged-message').click();\ncy.get('a[href=\"https://www.viacaocometa.com.br/minhas-compras\"]:visible').click();\ncy.get('.next-trips > :nth-child(1) > :nth-child(1) > .account-info > p').should('contain', 'Não encontramos nenhuma viagem futura em sua conta.');",
              "err": {},
              "uuid": "12201bc6-3b06-4819-9a21-3aa2e5e40320",
              "parentUUID": "6386f4d9-26ae-4397-a594-9d6900ed9b87",
              "isHook": false,
              "skipped": false
            },
            {
              "title": "Minhas Viagens - Validar mensagem: Não encontramos nenhuma viagem passada em sua conta.",
              "fullTitle": "Login Minhas Viagens - Validar mensagem: Não encontramos nenhuma viagem passada em sua conta.",
              "timedOut": null,
              "duration": 13910,
              "state": "passed",
              "speed": "slow",
              "pass": true,
              "fail": false,
              "pending": false,
              "context": null,
              "code": "cy.get('.logged-message').click();\ncy.get('a[href=\"https://www.viacaocometa.com.br/minhas-compras\"]:visible').click();\ncy.get('#button-tab-trip-edit > .cmp-text > p > [style=\"color: rgb(255,0,150);\"]').click();\ncy.get('.previous-trips > .row > :nth-child(1) > .account-info > p').should('contain', 'Não encontramos nenhuma viagem passada em sua conta.');",
              "err": {},
              "uuid": "1d64d37f-b1dc-425d-a548-81c9282eb229",
              "parentUUID": "6386f4d9-26ae-4397-a594-9d6900ed9b87",
              "isHook": false,
              "skipped": false
            }
          ],
          "suites": [],
          "passes": [
            "f6e33919-6b34-4289-9378-31b675bc1450",
            "7904f733-0ba5-499f-ad45-bade0923eb2e",
            "12201bc6-3b06-4819-9a21-3aa2e5e40320",
            "1d64d37f-b1dc-425d-a548-81c9282eb229"
          ],
          "failures": [],
          "pending": [],
          "skipped": [],
          "duration": 56190,
          "root": false,
          "rootEmpty": false,
          "_timeout": 2000
        }
      ],
      "passes": [],
      "failures": [],
      "pending": [],
      "skipped": [],
      "duration": 0,
      "root": true,
      "rootEmpty": true,
      "_timeout": 2000
    }
  ],
  "meta": {
    "mocha": {
      "version": "7.2.0"
    },
    "mochawesome": {
      "options": {
        "quiet": false,
        "reportFilename": "mochawesome",
        "saveHtml": false,
        "saveJson": true,
        "consoleReporter": "spec",
        "useInlineDiffs": false,
        "code": true
      },
      "version": "7.1.4"
    },
    "marge": {
      "options": {
        "id": "default",
        "charts": true,
        "reportPageTitle": "Relatório de Testes - Viacao Cometa",
        "embeddedScreenshots": true,
        "inlineAssets": true,
        "saveAllAttempts": false,
        "overwrite": false,
        "html": false,
        "json": true,
        "reportDir": "cypress\\reports\\html\\.jsons"
      },
      "version": "6.3.2"
    }
  }
}