{
  "stats": {
    "suites": 1,
    "tests": 1,
    "passes": 1,
    "pending": 0,
    "failures": 0,
    "start": "2026-04-23T17:21:24.943Z",
    "end": "2026-04-23T17:22:25.152Z",
    "duration": 60209,
    "testsRegistered": 1,
    "passPercent": 100,
    "pendingPercent": 0,
    "other": 0,
    "hasOther": false,
    "skipped": 0,
    "hasSkipped": false
  },
  "results": [
    {
      "uuid": "66a9e615-02a7-444b-83b8-5d1006c5efed",
      "title": "",
      "fullFile": "cypress\\e2e\\00_busca_passagens\\busca_passagens.cy.js",
      "file": "cypress\\e2e\\00_busca_passagens\\busca_passagens.cy.js",
      "beforeHooks": [],
      "afterHooks": [],
      "tests": [],
      "suites": [
        {
          "uuid": "2fe22957-b24b-4102-9aee-fcca6aead911",
          "title": "Fazer busca de destinos",
          "fullFile": "",
          "file": "",
          "beforeHooks": [],
          "afterHooks": [],
          "tests": [
            {
              "title": "Fazer busca de destinos IDA com 1 passageiro",
              "fullTitle": "Fazer busca de destinos Fazer busca de destinos IDA com 1 passageiro",
              "timedOut": null,
              "duration": 60002,
              "state": "passed",
              "speed": "slow",
              "pass": true,
              "fail": false,
              "pending": false,
              "context": null,
              "code": "cy.get('#input-departure').click().type('São Paulo');\ncy.contains(' São Paulo (Todos) (SP) ').click({\n  force: true\n});\ncy.get('#input-destination').click().type('Rio de Janeiro');\ncy.contains(' Rio de Janeiro (Todos) (RJ) ').click({\n  force: true\n});\ncy.get('#input-date').click();\ncy.selecionarDataIda(2);\ncy.get('#search-button', {\n  timeout: 90000\n}).should('be.visible').click();\ncy.wait(5000);\ncy.selecionarPassagemAleatoria1({\n  timeout: 90000\n});\ncy.wait(2000);\ncy.get('#buyer-check-1', {\n  timeout: 90000\n}).click({\n  force: true\n});\ncy.get('#btn-proceed').should('be.visible').and('not.be.disabled').click();\ncy.contains('Escolha o seu assento', {\n  timeout: 90000\n}).should('be.visible');\ncy.selecionarAssentoAleatorio({\n  timeout: 90000\n});\ncy.get('#btn-proceed').should('be.visible').click();\ncy.url({\n  timeout: 90000\n}).should('include', '/pagamento');\n// Não finalizar a compra para evitar transações reais\n// cy.get('#tab-pix').click()\n// cy.get('.conditions-check', { timeout: 20000 }).click({ force: true })\n// cy.get('#payment-submit').should('be.visible').and('not.be.disabled').click();",
              "err": {},
              "uuid": "7186f21a-fd47-4eb5-9745-cd51d4749ecc",
              "parentUUID": "2fe22957-b24b-4102-9aee-fcca6aead911",
              "isHook": false,
              "skipped": false
            }
          ],
          "suites": [],
          "passes": [
            "7186f21a-fd47-4eb5-9745-cd51d4749ecc"
          ],
          "failures": [],
          "pending": [],
          "skipped": [],
          "duration": 60002,
          "root": false,
          "rootEmpty": false,
          "_timeout": 2000
        }
      ],
      "passes": [],
      "failures": [],
      "pending": [],
      "skipped": [],
      "duration": 0,
      "root": true,
      "rootEmpty": true,
      "_timeout": 2000
    }
  ],
  "meta": {
    "mocha": {
      "version": "7.2.0"
    },
    "mochawesome": {
      "options": {
        "quiet": false,
        "reportFilename": "mochawesome",
        "saveHtml": false,
        "saveJson": true,
        "consoleReporter": "spec",
        "useInlineDiffs": false,
        "code": true
      },
      "version": "7.1.4"
    },
    "marge": {
      "options": {
        "id": "default",
        "charts": true,
        "reportPageTitle": "Relatório de Testes - Viacao Cometa",
        "embeddedScreenshots": true,
        "inlineAssets": true,
        "saveAllAttempts": false,
        "overwrite": false,
        "html": false,
        "json": true,
        "reportDir": "cypress\\reports\\html\\.jsons"
      },
      "version": "6.3.2"
    }
  }
}