{
  "stats": {
    "suites": 1,
    "tests": 1,
    "passes": 1,
    "pending": 0,
    "failures": 0,
    "start": "2026-04-23T13:09:27.437Z",
    "end": "2026-04-23T13:09:39.399Z",
    "duration": 11962,
    "testsRegistered": 1,
    "passPercent": 100,
    "pendingPercent": 0,
    "other": 0,
    "hasOther": false,
    "skipped": 0,
    "hasSkipped": false
  },
  "results": [
    {
      "uuid": "a7003235-d53f-4ab9-8db0-4b484382b453",
      "title": "",
      "fullFile": "cypress\\e2e\\06_cards_duvidas_frequentes\\03_reembolso.cy.js",
      "file": "cypress\\e2e\\06_cards_duvidas_frequentes\\03_reembolso.cy.js",
      "beforeHooks": [],
      "afterHooks": [],
      "tests": [],
      "suites": [
        {
          "uuid": "9f0fa53f-6ab1-4159-bbd8-bed046681c11",
          "title": "Validar Cards - dúvidas frequentes",
          "fullFile": "",
          "file": "",
          "beforeHooks": [],
          "afterHooks": [],
          "tests": [
            {
              "title": "Deve validar Cards - reembolso",
              "fullTitle": "Validar Cards - dúvidas frequentes Deve validar Cards - reembolso",
              "timedOut": null,
              "duration": 11841,
              "state": "passed",
              "speed": "slow",
              "pass": true,
              "fail": false,
              "pending": false,
              "context": null,
              "code": "cy.get(':nth-child(5) > .custom-padding > .container > :nth-child(1) > .aem-Grid > .image > .cmp-image > #cmp-image-link > .cmp-image__image').click();\ncy.url().should('include', '/reembolso');",
              "err": {},
              "uuid": "58899c04-830c-4973-9945-fed978e246de",
              "parentUUID": "9f0fa53f-6ab1-4159-bbd8-bed046681c11",
              "isHook": false,
              "skipped": false
            }
          ],
          "suites": [],
          "passes": [
            "58899c04-830c-4973-9945-fed978e246de"
          ],
          "failures": [],
          "pending": [],
          "skipped": [],
          "duration": 11841,
          "root": false,
          "rootEmpty": false,
          "_timeout": 2000
        }
      ],
      "passes": [],
      "failures": [],
      "pending": [],
      "skipped": [],
      "duration": 0,
      "root": true,
      "rootEmpty": true,
      "_timeout": 2000
    }
  ],
  "meta": {
    "mocha": {
      "version": "7.2.0"
    },
    "mochawesome": {
      "options": {
        "quiet": false,
        "reportFilename": "mochawesome",
        "saveHtml": false,
        "saveJson": true,
        "consoleReporter": "spec",
        "useInlineDiffs": false,
        "code": true
      },
      "version": "7.1.4"
    },
    "marge": {
      "options": {
        "id": "default",
        "charts": true,
        "reportPageTitle": "Relatório de Testes - Viacao Cometa",
        "embeddedScreenshots": true,
        "inlineAssets": true,
        "saveAllAttempts": false,
        "overwrite": false,
        "html": false,
        "json": true,
        "reportDir": "cypress\\reports\\html\\.jsons"
      },
      "version": "6.3.2"
    }
  }
}