{
  "stats": {
    "suites": 1,
    "tests": 1,
    "passes": 1,
    "pending": 0,
    "failures": 0,
    "start": "2026-04-23T17:28:54.727Z",
    "end": "2026-04-23T17:29:03.800Z",
    "duration": 9073,
    "testsRegistered": 1,
    "passPercent": 100,
    "pendingPercent": 0,
    "other": 0,
    "hasOther": false,
    "skipped": 0,
    "hasSkipped": false
  },
  "results": [
    {
      "uuid": "0b7ef408-e51b-4de0-a34a-a63ed24ae86c",
      "title": "",
      "fullFile": "cypress\\e2e\\06_cards_duvidas_frequentes\\01_info_viagens.cy.js",
      "file": "cypress\\e2e\\06_cards_duvidas_frequentes\\01_info_viagens.cy.js",
      "beforeHooks": [],
      "afterHooks": [],
      "tests": [],
      "suites": [
        {
          "uuid": "71896b32-aef0-4114-a740-caed76d98417",
          "title": "Validar Cards - dúvidas frequentes",
          "fullFile": "",
          "file": "",
          "beforeHooks": [],
          "afterHooks": [],
          "tests": [
            {
              "title": "Deve validar Cards - informação para sua viagem",
              "fullTitle": "Validar Cards - dúvidas frequentes Deve validar Cards - informação para sua viagem",
              "timedOut": null,
              "duration": 8992,
              "state": "passed",
              "speed": "medium",
              "pass": true,
              "fail": false,
              "pending": false,
              "context": null,
              "code": "cy.get(':nth-child(3) > .custom-padding > .container > :nth-child(1) > .aem-Grid > .image > .cmp-image > #cmp-image-link > .cmp-image__image').click();\ncy.url().should('include', 'https://www.viacaocometa.com.br/informacao-para-sua-viagem');",
              "err": {},
              "uuid": "56372c60-e972-4643-b293-c5e61251dcb5",
              "parentUUID": "71896b32-aef0-4114-a740-caed76d98417",
              "isHook": false,
              "skipped": false
            }
          ],
          "suites": [],
          "passes": [
            "56372c60-e972-4643-b293-c5e61251dcb5"
          ],
          "failures": [],
          "pending": [],
          "skipped": [],
          "duration": 8992,
          "root": false,
          "rootEmpty": false,
          "_timeout": 2000
        }
      ],
      "passes": [],
      "failures": [],
      "pending": [],
      "skipped": [],
      "duration": 0,
      "root": true,
      "rootEmpty": true,
      "_timeout": 2000
    }
  ],
  "meta": {
    "mocha": {
      "version": "7.2.0"
    },
    "mochawesome": {
      "options": {
        "quiet": false,
        "reportFilename": "mochawesome",
        "saveHtml": false,
        "saveJson": true,
        "consoleReporter": "spec",
        "useInlineDiffs": false,
        "code": true
      },
      "version": "7.1.4"
    },
    "marge": {
      "options": {
        "id": "default",
        "charts": true,
        "reportPageTitle": "Relatório de Testes - Viacao Cometa",
        "embeddedScreenshots": true,
        "inlineAssets": true,
        "saveAllAttempts": false,
        "overwrite": false,
        "html": false,
        "json": true,
        "reportDir": "cypress\\reports\\html\\.jsons"
      },
      "version": "6.3.2"
    }
  }
}