{
  "stats": {
    "suites": 1,
    "tests": 1,
    "passes": 1,
    "pending": 0,
    "failures": 0,
    "start": "2026-04-27T20:57:29.815Z",
    "end": "2026-04-27T20:57:48.091Z",
    "duration": 18276,
    "testsRegistered": 1,
    "passPercent": 100,
    "pendingPercent": 0,
    "other": 0,
    "hasOther": false,
    "skipped": 0,
    "hasSkipped": false
  },
  "results": [
    {
      "uuid": "95d09c0c-39de-423a-b207-55bb258db4e8",
      "title": "",
      "fullFile": "cypress/e2e/03_links_header/06_programa_fidelidade.cy.js",
      "file": "cypress/e2e/03_links_header/06_programa_fidelidade.cy.js",
      "beforeHooks": [],
      "afterHooks": [],
      "tests": [],
      "suites": [
        {
          "uuid": "5a2d42c3-3c53-451e-a5b7-16c2baa28f8c",
          "title": "Validar link do programa de fidelidade",
          "fullFile": "",
          "file": "",
          "beforeHooks": [],
          "afterHooks": [],
          "tests": [
            {
              "title": "Deve redirecionar para o site Clube Giro com sucesso",
              "fullTitle": "Validar link do programa de fidelidade Deve redirecionar para o site Clube Giro com sucesso",
              "timedOut": null,
              "duration": 18195,
              "state": "passed",
              "speed": "slow",
              "pass": true,
              "fail": false,
              "pending": false,
              "context": null,
              "code": "cy.get(':nth-child(1) > :nth-child(6) > .focusable').click();\ncy.url().should('include', '/clubegiro');\n//   cy.get('a[href=\"https://www.clubegiro.com.br\"]').click()\n//   cy.url().should('include', 'clubegiro.com.br')",
              "err": {},
              "uuid": "a5329ba3-303c-4aeb-b5aa-f0d58d501061",
              "parentUUID": "5a2d42c3-3c53-451e-a5b7-16c2baa28f8c",
              "isHook": false,
              "skipped": false
            }
          ],
          "suites": [],
          "passes": [
            "a5329ba3-303c-4aeb-b5aa-f0d58d501061"
          ],
          "failures": [],
          "pending": [],
          "skipped": [],
          "duration": 18195,
          "root": false,
          "rootEmpty": false,
          "_timeout": 2000
        }
      ],
      "passes": [],
      "failures": [],
      "pending": [],
      "skipped": [],
      "duration": 0,
      "root": true,
      "rootEmpty": true,
      "_timeout": 2000
    }
  ],
  "meta": {
    "mocha": {
      "version": "7.2.0"
    },
    "mochawesome": {
      "options": {
        "quiet": false,
        "reportFilename": "mochawesome",
        "saveHtml": true,
        "saveJson": true,
        "consoleReporter": "spec",
        "useInlineDiffs": false,
        "code": true
      },
      "version": "7.1.4"
    },
    "marge": {
      "options": {
        "reportDir": "cypress/reports/",
        "overwrite": false,
        "html": true,
        "json": true,
        "embeddedScreenshots": true,
        "inlineAssets": true
      },
      "version": "6.3.2"
    }
  }
}