{
  "stats": {
    "suites": 1,
    "tests": 5,
    "passes": 5,
    "pending": 0,
    "failures": 0,
    "start": "2026-04-27T21:00:30.031Z",
    "end": "2026-04-27T21:01:17.708Z",
    "duration": 47677,
    "testsRegistered": 5,
    "passPercent": 100,
    "pendingPercent": 0,
    "other": 0,
    "hasOther": false,
    "skipped": 0,
    "hasSkipped": false
  },
  "results": [
    {
      "uuid": "85444bb3-4b91-469b-a8e4-ca6808eaa47e",
      "title": "",
      "fullFile": "cypress/e2e/07_links_footer/01_validar_links.cy.js",
      "file": "cypress/e2e/07_links_footer/01_validar_links.cy.js",
      "beforeHooks": [],
      "afterHooks": [],
      "tests": [],
      "suites": [
        {
          "uuid": "7b5fb7a5-75ad-40f7-b3c4-681e45d425e0",
          "title": "Validar todos os Links Footer",
          "fullFile": "",
          "file": "",
          "beforeHooks": [],
          "afterHooks": [],
          "tests": [
            {
              "title": "Deve validar Links Footer - Instagram",
              "fullTitle": "Validar todos os Links Footer Deve validar Links Footer - Instagram",
              "timedOut": null,
              "duration": 14785,
              "state": "passed",
              "speed": "slow",
              "pass": true,
              "fail": false,
              "pending": false,
              "context": null,
              "code": "cy.get('.social-networks-list > :nth-child(1) > [href=\"https://www.instagram.com/viacaocometa.oficial/?hl=pt-br\"]').click();",
              "err": {},
              "uuid": "f2ac7ef5-3954-41f0-88fd-10906046f0e3",
              "parentUUID": "7b5fb7a5-75ad-40f7-b3c4-681e45d425e0",
              "isHook": false,
              "skipped": false
            },
            {
              "title": "Deve validar Links Footer - Facebook",
              "fullTitle": "Validar todos os Links Footer Deve validar Links Footer - Facebook",
              "timedOut": null,
              "duration": 8732,
              "state": "passed",
              "speed": "medium",
              "pass": true,
              "fail": false,
              "pending": false,
              "context": null,
              "code": "cy.get('a[href=\"https://www.facebook.com/ViacaoCometaOficial\"]').click();",
              "err": {},
              "uuid": "25003c75-2e8f-41e6-a542-a20ea6e8cf9a",
              "parentUUID": "7b5fb7a5-75ad-40f7-b3c4-681e45d425e0",
              "isHook": false,
              "skipped": false
            },
            {
              "title": "Deve validar Links Footer - Atendimento virtual whatsapp",
              "fullTitle": "Validar todos os Links Footer Deve validar Links Footer - Atendimento virtual whatsapp",
              "timedOut": null,
              "duration": 6473,
              "state": "passed",
              "speed": "medium",
              "pass": true,
              "fail": false,
              "pending": false,
              "context": null,
              "code": "cy.get('[href=\"https://api.whatsapp.com/send?phone=5511972645808\"] > b').click();\ncy.url().should('include', '/send?phone=5511972645808');",
              "err": {},
              "uuid": "9f6f7c9e-c79a-4845-b49b-a36e384d5844",
              "parentUUID": "7b5fb7a5-75ad-40f7-b3c4-681e45d425e0",
              "isHook": false,
              "skipped": false
            },
            {
              "title": "Deve validar Links Footer - Vendas whatsapp",
              "fullTitle": "Validar todos os Links Footer Deve validar Links Footer - Vendas whatsapp",
              "timedOut": null,
              "duration": 6289,
              "state": "passed",
              "speed": "medium",
              "pass": true,
              "fail": false,
              "pending": false,
              "context": null,
              "code": "cy.get(':nth-child(2) > [href=\"https://wa.me/5511933153607\"]').click();\n// cy.url().should('include', '/5511933153607')",
              "err": {},
              "uuid": "2f9b4914-05a6-4d8e-aa63-6b12f4e01fec",
              "parentUUID": "7b5fb7a5-75ad-40f7-b3c4-681e45d425e0",
              "isHook": false,
              "skipped": false
            },
            {
              "title": "Deve validar Links Footer - Fale Conosco",
              "fullTitle": "Validar todos os Links Footer Deve validar Links Footer - Fale Conosco",
              "timedOut": null,
              "duration": 11183,
              "state": "passed",
              "speed": "slow",
              "pass": true,
              "fail": false,
              "pending": false,
              "context": null,
              "code": "cy.get(':nth-child(4) > :nth-child(1) > [href=\"/fale-conosco\"]').click();\ncy.url().should('include', '/fale-conosco');",
              "err": {},
              "uuid": "9b341564-6aad-4895-824c-9f645d05630c",
              "parentUUID": "7b5fb7a5-75ad-40f7-b3c4-681e45d425e0",
              "isHook": false,
              "skipped": false
            }
          ],
          "suites": [],
          "passes": [
            "f2ac7ef5-3954-41f0-88fd-10906046f0e3",
            "25003c75-2e8f-41e6-a542-a20ea6e8cf9a",
            "9f6f7c9e-c79a-4845-b49b-a36e384d5844",
            "2f9b4914-05a6-4d8e-aa63-6b12f4e01fec",
            "9b341564-6aad-4895-824c-9f645d05630c"
          ],
          "failures": [],
          "pending": [],
          "skipped": [],
          "duration": 47462,
          "root": false,
          "rootEmpty": false,
          "_timeout": 2000
        }
      ],
      "passes": [],
      "failures": [],
      "pending": [],
      "skipped": [],
      "duration": 0,
      "root": true,
      "rootEmpty": true,
      "_timeout": 2000
    }
  ],
  "meta": {
    "mocha": {
      "version": "7.2.0"
    },
    "mochawesome": {
      "options": {
        "quiet": false,
        "reportFilename": "mochawesome",
        "saveHtml": true,
        "saveJson": true,
        "consoleReporter": "spec",
        "useInlineDiffs": false,
        "code": true
      },
      "version": "7.1.4"
    },
    "marge": {
      "options": {
        "reportDir": "cypress/reports/",
        "overwrite": false,
        "html": true,
        "json": true,
        "embeddedScreenshots": true,
        "inlineAssets": true
      },
      "version": "6.3.2"
    }
  }
}