{
  "stats": {
    "suites": 1,
    "tests": 1,
    "passes": 1,
    "pending": 0,
    "failures": 0,
    "start": "2026-04-27T18:31:36.817Z",
    "end": "2026-04-27T18:31:53.122Z",
    "duration": 16305,
    "testsRegistered": 1,
    "passPercent": 100,
    "pendingPercent": 0,
    "other": 0,
    "hasOther": false,
    "skipped": 0,
    "hasSkipped": false
  },
  "results": [
    {
      "uuid": "f069e5da-e838-423b-8097-67b24068155b",
      "title": "",
      "fullFile": "cypress/e2e/05_link_conexao/05_conheca_nossos_onibus.cy.js",
      "file": "cypress/e2e/05_link_conexao/05_conheca_nossos_onibus.cy.js",
      "beforeHooks": [],
      "afterHooks": [],
      "tests": [],
      "suites": [
        {
          "uuid": "96384679-c167-44ce-aafe-da710635bca5",
          "title": "Validar link de conexão com os ônibus",
          "fullFile": "",
          "file": "",
          "beforeHooks": [],
          "afterHooks": [],
          "tests": [
            {
              "title": "Deve validar o link do card de conexão com os ônibus e redirecionar para a página de contato",
              "fullTitle": "Validar link de conexão com os ônibus Deve validar o link do card de conexão com os ônibus e redirecionar para a página de contato",
              "timedOut": null,
              "duration": 16252,
              "state": "passed",
              "speed": "slow",
              "pass": true,
              "fail": false,
              "pending": false,
              "context": null,
              "code": "cy.get('#headingitem0').click();\ncy.get('#headingitem1').click();\ncy.get('#headingitem2').click();\ncy.get('#headingitem3').click();\ncy.get('[style=\"color: rgb(255,0,150);\"] > .focusable > span').click({\n  force: true\n});\ncy.url().should('include', 'fale-conosco');",
              "err": {},
              "uuid": "29d401db-dd3a-4e12-8545-77b586d65a17",
              "parentUUID": "96384679-c167-44ce-aafe-da710635bca5",
              "isHook": false,
              "skipped": false
            }
          ],
          "suites": [],
          "passes": [
            "29d401db-dd3a-4e12-8545-77b586d65a17"
          ],
          "failures": [],
          "pending": [],
          "skipped": [],
          "duration": 16252,
          "root": false,
          "rootEmpty": false,
          "_timeout": 2000
        }
      ],
      "passes": [],
      "failures": [],
      "pending": [],
      "skipped": [],
      "duration": 0,
      "root": true,
      "rootEmpty": true,
      "_timeout": 2000
    }
  ],
  "meta": {
    "mocha": {
      "version": "7.2.0"
    },
    "mochawesome": {
      "options": {
        "quiet": false,
        "reportFilename": "mochawesome",
        "saveHtml": true,
        "saveJson": true,
        "consoleReporter": "spec",
        "useInlineDiffs": false,
        "code": true
      },
      "version": "7.1.4"
    },
    "marge": {
      "options": {
        "reportDir": "cypress/reports/.jsons",
        "overwrite": false,
        "html": true,
        "json": true,
        "embeddedScreenshots": true,
        "inlineAssets": true
      },
      "version": "6.3.2"
    }
  }
}