{
  "stats": {
    "suites": 1,
    "tests": 1,
    "passes": 1,
    "pending": 0,
    "failures": 0,
    "start": "2026-04-27T18:29:35.197Z",
    "end": "2026-04-27T18:29:47.257Z",
    "duration": 12060,
    "testsRegistered": 1,
    "passPercent": 100,
    "pendingPercent": 0,
    "other": 0,
    "hasOther": false,
    "skipped": 0,
    "hasSkipped": false
  },
  "results": [
    {
      "uuid": "7926eec7-790e-438e-8e04-7ed1a8c3948c",
      "title": "",
      "fullFile": "cypress/e2e/03_links_header/03_gratuidade.cy.js",
      "file": "cypress/e2e/03_links_header/03_gratuidade.cy.js",
      "beforeHooks": [],
      "afterHooks": [],
      "tests": [],
      "suites": [
        {
          "uuid": "76bd6423-1242-471a-bf7e-baae8fd1dad5",
          "title": "Validar link de gratuidade",
          "fullFile": "",
          "file": "",
          "beforeHooks": [],
          "afterHooks": [],
          "tests": [
            {
              "title": "Deve redirecionar para a página de gratuidade",
              "fullTitle": "Validar link de gratuidade Deve redirecionar para a página de gratuidade",
              "timedOut": null,
              "duration": 12014,
              "state": "passed",
              "speed": "slow",
              "pass": true,
              "fail": false,
              "pending": false,
              "context": null,
              "code": "// cy.get('.header-nav-container > :nth-child(1) > :nth-child(3) > .focusable').invoke('removeAttr', 'target').click();\n// cy.url().should('include', 'https://vendas.jcaholding.com.br/'); //erro",
              "err": {},
              "uuid": "133734f4-22b6-4a3d-b240-b39ecaf05adb",
              "parentUUID": "76bd6423-1242-471a-bf7e-baae8fd1dad5",
              "isHook": false,
              "skipped": false
            }
          ],
          "suites": [],
          "passes": [
            "133734f4-22b6-4a3d-b240-b39ecaf05adb"
          ],
          "failures": [],
          "pending": [],
          "skipped": [],
          "duration": 12014,
          "root": false,
          "rootEmpty": false,
          "_timeout": 2000
        }
      ],
      "passes": [],
      "failures": [],
      "pending": [],
      "skipped": [],
      "duration": 0,
      "root": true,
      "rootEmpty": true,
      "_timeout": 2000
    }
  ],
  "meta": {
    "mocha": {
      "version": "7.2.0"
    },
    "mochawesome": {
      "options": {
        "quiet": false,
        "reportFilename": "mochawesome",
        "saveHtml": true,
        "saveJson": true,
        "consoleReporter": "spec",
        "useInlineDiffs": false,
        "code": true
      },
      "version": "7.1.4"
    },
    "marge": {
      "options": {
        "reportDir": "cypress/reports/.jsons",
        "overwrite": false,
        "html": true,
        "json": true,
        "embeddedScreenshots": true,
        "inlineAssets": true
      },
      "version": "6.3.2"
    }
  }
}