{
  "stats": {
    "suites": 1,
    "tests": 1,
    "passes": 1,
    "pending": 0,
    "failures": 0,
    "start": "2026-04-27T18:31:23.953Z",
    "end": "2026-04-27T18:31:35.466Z",
    "duration": 11513,
    "testsRegistered": 1,
    "passPercent": 100,
    "pendingPercent": 0,
    "other": 0,
    "hasOther": false,
    "skipped": 0,
    "hasSkipped": false
  },
  "results": [
    {
      "uuid": "39de23cb-303b-43a1-a598-220a93285cf7",
      "title": "",
      "fullFile": "cypress/e2e/05_link_conexao/04_conexao_portoSantos.cy.js",
      "file": "cypress/e2e/05_link_conexao/04_conexao_portoSantos.cy.js",
      "beforeHooks": [],
      "afterHooks": [],
      "tests": [],
      "suites": [
        {
          "uuid": "6f358848-dec8-4280-b4a0-d86e4ee93c9d",
          "title": "Validar link de conexão com o Porto de Santos",
          "fullFile": "",
          "file": "",
          "beforeHooks": [],
          "afterHooks": [],
          "tests": [
            {
              "title": "Deve validar o link do card de conexão com o Porto de Santos e redirecionar para a página de conexão com o Porto de Santos",
              "fullTitle": "Validar link de conexão com o Porto de Santos Deve validar o link do card de conexão com o Porto de Santos e redirecionar para a página de conexão com o Porto de Santos",
              "timedOut": null,
              "duration": 11465,
              "state": "passed",
              "speed": "slow",
              "pass": true,
              "fail": false,
              "pending": false,
              "context": null,
              "code": "// cy.get('[data-tab=\"slick_tabs-content-carousel-2\"]').click({ force: true });\n// cy.get('#slick-slide90 > .carousel-cards-content-text > .aem-Grid > .button > clientlib > .about-card-button > .focusable').click({ force: true });\n// cy.url().should('include', '/destinos/porto-santos')",
              "err": {},
              "uuid": "87418c3d-20d2-43d2-8d8a-355e2203d19c",
              "parentUUID": "6f358848-dec8-4280-b4a0-d86e4ee93c9d",
              "isHook": false,
              "skipped": false
            }
          ],
          "suites": [],
          "passes": [
            "87418c3d-20d2-43d2-8d8a-355e2203d19c"
          ],
          "failures": [],
          "pending": [],
          "skipped": [],
          "duration": 11465,
          "root": false,
          "rootEmpty": false,
          "_timeout": 2000
        }
      ],
      "passes": [],
      "failures": [],
      "pending": [],
      "skipped": [],
      "duration": 0,
      "root": true,
      "rootEmpty": true,
      "_timeout": 2000
    }
  ],
  "meta": {
    "mocha": {
      "version": "7.2.0"
    },
    "mochawesome": {
      "options": {
        "quiet": false,
        "reportFilename": "mochawesome",
        "saveHtml": true,
        "saveJson": true,
        "consoleReporter": "spec",
        "useInlineDiffs": false,
        "code": true
      },
      "version": "7.1.4"
    },
    "marge": {
      "options": {
        "reportDir": "cypress/reports/.jsons",
        "overwrite": false,
        "html": true,
        "json": true,
        "embeddedScreenshots": true,
        "inlineAssets": true
      },
      "version": "6.3.2"
    }
  }
}