{
  "stats": {
    "suites": 24,
    "tests": 38,
    "passes": 31,
    "pending": 0,
    "failures": 7,
    "start": "2026-04-17T10:08:30.642Z",
    "end": "2026-04-17T10:26:57.795Z",
    "duration": 1107153,
    "testsRegistered": 38,
    "passPercent": 81.57894736842105,
    "pendingPercent": 0,
    "other": 0,
    "hasOther": false,
    "skipped": 0,
    "hasSkipped": false
  },
  "results": [
    {
      "uuid": "3389027f-b090-44af-a4aa-2da6b7793a8d",
      "title": "",
      "fullFile": "cypress\\e2e\\00_run-all.cy.js",
      "file": "cypress\\e2e\\00_run-all.cy.js",
      "beforeHooks": [],
      "afterHooks": [],
      "tests": [],
      "suites": [
        {
          "uuid": "ecb177f9-7bfb-455e-9f87-2dbf497376c7",
          "title": "Fazer busca de destinos",
          "fullFile": "",
          "file": "",
          "beforeHooks": [],
          "afterHooks": [],
          "tests": [
            {
              "title": "Fazer busca de destinos IDA com 1 passageiro",
              "fullTitle": "Fazer busca de destinos Fazer busca de destinos IDA com 1 passageiro",
              "timedOut": null,
              "duration": 76572,
              "state": "passed",
              "speed": "slow",
              "pass": true,
              "fail": false,
              "pending": false,
              "context": null,
              "code": "cy.get('#input-departure').click().type('São Paulo');\ncy.contains(' São Paulo (Todos) (SP) ').click();\ncy.get('#input-destination').click().type('Rio de Janeiro');\ncy.contains(' Rio de Janeiro (Todos) (RJ) ').click();\ncy.get('#input-date').click();\ncy.selecionarDataIda(2);\ncy.get('#search-button', {\n  timeout: 90000\n}).should('be.visible').click();\ncy.selecionarPassagemAleatoria1({\n  timeout: 90000\n});\ncy.get('#buyer-check-1', {\n  timeout: 90000\n}).click({\n  force: true\n});\ncy.get('#btn-proceed').should('be.visible').and('not.be.disabled').click();\ncy.contains('Escolha o seu assento', {\n  timeout: 90000\n}).should('be.visible');\ncy.selecionarAssentoAleatorio({\n  timeout: 90000\n});\ncy.get('#btn-proceed').should('be.visible').click();\ncy.url({\n  timeout: 90000\n}).should('include', '/pagamento');\n// Não finalizar a compra para evitar transações reais\n// cy.get('#tab-pix').click()\n// cy.get('.conditions-check', { timeout: 20000 }).click({ force: true })\n// cy.get('#payment-submit').should('be.visible').and('not.be.disabled').click();",
              "err": {},
              "uuid": "07ede325-01ef-4b90-873d-b8d65ab69ad2",
              "parentUUID": "ecb177f9-7bfb-455e-9f87-2dbf497376c7",
              "isHook": false,
              "skipped": false
            },
            {
              "title": "Fazer busca de destinos IDA com 2 passageiros",
              "fullTitle": "Fazer busca de destinos Fazer busca de destinos IDA com 2 passageiros",
              "timedOut": null,
              "duration": 79123,
              "state": "passed",
              "speed": "slow",
              "pass": true,
              "fail": false,
              "pending": false,
              "context": null,
              "code": "cy.get('#input-departure').click().type('São Paulo');\ncy.contains(' São Paulo (Todos) (SP) ').click();\ncy.get('#input-destination').click().type('Rio de Janeiro');\ncy.contains(' Rio de Janeiro (Todos) (RJ) ').click();\ncy.get('#input-date').click();\ncy.selecionarDataIda(1);\ncy.get('#input-passengers').click();\ncy.get('#passenger-quantity-plus-one > .plusone').click();\ncy.get('#close-person-quantity').click();\ncy.get('#search-button', {\n  timeout: 90000\n}).click();\ncy.wait(15000);\ncy.selecionarPassagemAleatoria1({\n  timeout: 90000\n});\ncy.wait(2000);\ncy.get('#buyer-check-1', {\n  timeout: 15000\n}).click({\n  force: true\n});\ncy.get('#input-name-2').click();\ncy.contains('Teste Robo ODP').should('be.visible').click();\ncy.get('#input-birth-2').type('01011990');\ncy.get('.passenger-footer').click();\ncy.get('#btn-proceed').should('be.visible').and('not.be.disabled').click();\ncy.contains('Escolha o seu assento', {\n  timeout: 90000\n}).should('be.visible');\ncy.wait(10000);\ncy.selecionarDoisAssentosAleatorios('IDA', {\n  timeout: 90000\n});\ncy.get('#btn-proceed', {\n  timeout: 90000\n}).should('be.visible').click();\n// cy.contains('Cartões de crédito').should('be.visible')\n// cy.get('#tab-pix').click()\n// cy.get('.conditions-check', { timeout: 20000 }).click({ force: true })\n//  Não finalizar a compra para evitar transações reais\n// cy.get('#payment-submit').should('be.visible').and('not.be.disabled').click();",
              "err": {},
              "uuid": "f5ba8cb4-4851-4607-9244-289bcdab013f",
              "parentUUID": "ecb177f9-7bfb-455e-9f87-2dbf497376c7",
              "isHook": false,
              "skipped": false
            },
            {
              "title": "Fazer busca de destinos IDA com 1 passageiro e 1 criança sem assento",
              "fullTitle": "Fazer busca de destinos Fazer busca de destinos IDA com 1 passageiro e 1 criança sem assento",
              "timedOut": null,
              "duration": 89042,
              "state": "passed",
              "speed": "slow",
              "pass": true,
              "fail": false,
              "pending": false,
              "context": null,
              "code": "cy.get('#input-departure').click().type('São Paulo');\ncy.contains(' São Paulo (Todos) (SP) ').click();\ncy.get('#input-destination').click().type('Rio de Janeiro');\ncy.contains(' Rio de Janeiro (Todos) (RJ) ').click();\ncy.get('#input-date').click();\ncy.selecionarDataIda(1);\ncy.get('.jca-ico-angle-down').click();\ncy.get('[data-js=\"infant-quantity-plus-one\"] > .plusone').click();\ncy.get('#close-person-quantity').click();\ncy.get('#search-button', {\n  timeout: 90000\n}).click();\ncy.contains('IDA', {\n  timeout: 90000\n}).should('be.visible');\ncy.wait(5000);\ncy.selecionarPassagemAleatoria1({\n  timeout: 90000\n});\ncy.wait(10000);\ncy.get('#buyer-check-1', {\n  timeout: 90000\n}).click({\n  force: true\n});\ncy.get('#input-name-2').click();\ncy.contains('Teste Menor de Idade ODP').should('be.visible').click();\ncy.get('#input-birth-child-2').type('23032023');\ncy.get('.passenger-footer').click();\ncy.get('#btn-proceed').should('be.visible').and('not.be.disabled').click();\ncy.contains('Escolha o seu assento', {\n  timeout: 90000\n}).should('be.visible');\ncy.wait(5000);\ncy.selecionarAssentoAleatorio('IDA', {\n  timeout: 90000\n});\ncy.get('#btn-proceed', {\n  timeout: 90000\n}).should('be.visible').click();\ncy.url().should('include', '/pagamento');\n// cy.get('#tab-pix').click()\n// cy.get('.conditions-check', { timeout: 20000 }).click({ force: true })\n//  Não finalizar a compra para evitar transações reais\n// cy.get('#payment-submit').should('be.visible').and('not.be.disabled').click();",
              "err": {},
              "uuid": "303532ed-85a4-4bb5-a18d-6b72a0e1d7da",
              "parentUUID": "ecb177f9-7bfb-455e-9f87-2dbf497376c7",
              "isHook": false,
              "skipped": false
            },
            {
              "title": "Fazer busca de destinos IDA e Volta com 1 passageiro",
              "fullTitle": "Fazer busca de destinos Fazer busca de destinos IDA e Volta com 1 passageiro",
              "timedOut": null,
              "duration": 157030,
              "state": "passed",
              "speed": "slow",
              "pass": true,
              "fail": false,
              "pending": false,
              "context": null,
              "code": "cy.get('#input-departure').click().type('São Paulo');\ncy.contains(' São Paulo (Todos) (SP) ').click();\ncy.get('#input-destination').click().type('Rio de Janeiro');\ncy.contains(' Rio de Janeiro (Todos) (RJ) ').click();\ncy.get('#input-date').click();\ncy.selecionarDataIda(1);\ncy.get('#input-date-return').click();\ncy.selecionarDataVolta(6);\ncy.get('#search-button', {\n  timeout: 90000\n}).should('be.visible').click();\ncy.wait(5000);\ncy.selecionarPassagemAleatoria1({\n  timeout: 90000\n});\ncy.contains('ESCOLHER PASSAGENS', {\n  timeout: 90000\n}).should('be.visible');\ncy.wait(30000);\ncy.contains('ESCOLHER PASSAGENS', {\n  timeout: 90000\n}).should('be.visible');\ncy.selecionarPassagemAleatoria1({\n  timeout: 90000\n});\ncy.wait(15000);\ncy.get('#buyer-check-1', {\n  timeout: 60000\n}).click({\n  force: true\n});\ncy.get('#btn-proceed').should('be.visible').and('not.be.disabled').click({\n  force: true\n});\ncy.url({\n  timeout: 60000\n}).should('include', '/poltrona');\ncy.wait(8000);\ncy.contains('Escolha o seu assento', {\n  timeout: 20000\n}).should('be.visible');\ncy.selecionarAssentoAleatorio1({\n  timeout: 15000\n});\ncy.wait(8000);\ncy.get('#btn-proceed').should('be.visible').and('not.be.disabled').click({\n  force: true\n});\ncy.url({\n  timeout: 60000\n}).should('include', '/poltrona');\ncy.wait(8000);\ncy.selecionarAssentoAleatorio1({\n  timeout: 15000\n});\ncy.get('#btn-proceed').should('be.visible').and('not.be.disabled').click({\n  force: true\n});\ncy.url({\n  timeout: 60000\n}).should('include', '/pagamento');\n//   cy.get('#tab-pix').click() \n//   cy.get('.conditions-check', { timeout: 20000 }).click({ force: true })\n// Não finalizar a compra para evitar transações reais\n// cy.get('#payment-submit').should('be.visible').and('not.be.disabled').click();",
              "err": {},
              "uuid": "50ef9dc1-c1ef-435b-957e-576617b3216a",
              "parentUUID": "ecb177f9-7bfb-455e-9f87-2dbf497376c7",
              "isHook": false,
              "skipped": false
            },
            {
              "title": "Fazer busca de destinos IDA e Volta com 2 passageiros",
              "fullTitle": "Fazer busca de destinos Fazer busca de destinos IDA e Volta com 2 passageiros",
              "timedOut": null,
              "duration": 145265,
              "state": "passed",
              "speed": "slow",
              "pass": true,
              "fail": false,
              "pending": false,
              "context": null,
              "code": "cy.clearCookies();\ncy.get('#input-departure').click().type('São Paulo');\ncy.contains(' São Paulo (Todos) (SP) ').click();\ncy.get('#input-destination').click().type('Rio de Janeiro');\ncy.contains(' Rio de Janeiro (Todos) (RJ) ').click();\ncy.get('#input-date').click();\ncy.selecionarDataIda(1);\ncy.get('#input-date-return').click();\ncy.selecionarDataVolta(6);\ncy.get('#input-passengers').click();\ncy.get('#passenger-quantity-plus-one > .plusone').click();\ncy.get('#close-person-quantity').click();\ncy.get('#search-button', {\n  timeout: 90000\n}).click();\ncy.wait(5000);\ncy.selecionarPassagemAleatoria1({\n  timeout: 90000\n});\ncy.wait(30000);\ncy.selecionarPassagemAleatoria1({\n  timeout: 90000\n});\ncy.wait(5000);\ncy.get('#buyer-check-1', {\n  timeout: 20000\n}).click({\n  force: true\n});\ncy.get('#input-name-2').click();\ncy.contains('Teste Robo ODP').should('be.visible').click();\ncy.get('#input-birth-2').type('01011990');\ncy.get('.passenger-footer').click();\ncy.get('#btn-proceed').should('be.visible').and('not.be.disabled').click();\ncy.contains('Escolha o seu assento', {\n  timeout: 20000\n}).should('be.visible');\ncy.wait(2000);\ncy.selecionarDoisAssentosAleatorios({\n  timeout: 90000\n});\ncy.get('#btn-proceed', {\n  timeout: 90000\n}).should('be.visible').click();\ncy.contains('Escolha o seu assento', {\n  timeout: 90000\n}).should('be.visible');\ncy.wait(2000);\ncy.selecionarDoisAssentosAleatorios({\n  timeout: 90000\n});\ncy.get('#btn-proceed', {\n  timeout: 90000\n}).should('be.visible').click();\n// cy.wait(5000)\n// cy.get('#tab-pix').click()\n// cy.get('.conditions-check', { timeout: 20000 }).click({ force: true })\n//  Não finalizar a compra para evitar transações reais\n// cy.get('#payment-submit').should('be.visible').and('not.be.disabled').click();",
              "err": {},
              "uuid": "1f5e5e76-a54f-4aed-8b79-d44fe18f5e85",
              "parentUUID": "ecb177f9-7bfb-455e-9f87-2dbf497376c7",
              "isHook": false,
              "skipped": false
            }
          ],
          "suites": [],
          "passes": [
            "07ede325-01ef-4b90-873d-b8d65ab69ad2",
            "f5ba8cb4-4851-4607-9244-289bcdab013f",
            "303532ed-85a4-4bb5-a18d-6b72a0e1d7da",
            "50ef9dc1-c1ef-435b-957e-576617b3216a",
            "1f5e5e76-a54f-4aed-8b79-d44fe18f5e85"
          ],
          "failures": [],
          "pending": [],
          "skipped": [],
          "duration": 547032,
          "root": false,
          "rootEmpty": false,
          "_timeout": 2000
        },
        {
          "uuid": "1cc67b98-825e-4edd-b851-64f639534ed4",
          "title": "Login",
          "fullFile": "",
          "file": "",
          "beforeHooks": [],
          "afterHooks": [],
          "tests": [
            {
              "title": "Deve fazer login com sucesso",
              "fullTitle": "Login Deve fazer login com sucesso",
              "timedOut": null,
              "duration": 10383,
              "state": "passed",
              "speed": "slow",
              "pass": true,
              "fail": false,
              "pending": false,
              "context": null,
              "code": "cy.get('.logged-message').should('be.visible');",
              "err": {},
              "uuid": "51c56b36-24ac-4f44-9c21-f2a180a95845",
              "parentUUID": "1cc67b98-825e-4edd-b851-64f639534ed4",
              "isHook": false,
              "skipped": false
            },
            {
              "title": "Deve preencher endereço do perfil",
              "fullTitle": "Login Deve preencher endereço do perfil",
              "timedOut": null,
              "duration": 13797,
              "state": "passed",
              "speed": "slow",
              "pass": true,
              "fail": false,
              "pending": false,
              "context": null,
              "code": "cy.get('.logged-message').click();\ncy.get('a[data-pagetype=\"edit-profile-page\"]:visible').click();\ncy.get('.title-address-info > p').should('contain', 'Informações opcionais');\ncy.get('#input-zipcode').clear().type('06455020');\ncy.get('#input-address').clear().type(faker.location.streetAddress());\ncy.get('#input-number').clear().type(faker.number.int({\n  min: 1,\n  max: 1000\n}));\ncy.get('#input-city').clear().type(faker.location.city());\ncy.get('#button-register').click({\n  force: true\n});\ncy.get(':nth-child(3) > .xf-content-height > :nth-child(1) > .confirmation-alert > .container-confirmation > .message-confirmation-container > .content-message-confirmation > .confirmation-alert-body-par > .aem-Grid > :nth-child(1) > .cmp-text > p').should('contain', 'Tudo certo!');",
              "err": {},
              "uuid": "51c6c009-e69b-4a4e-8651-8dbec209cf44",
              "parentUUID": "1cc67b98-825e-4edd-b851-64f639534ed4",
              "isHook": false,
              "skipped": false
            },
            {
              "title": "Minhas Viagens - Validar mensagem: Não encontramos nenhuma viagem futura em sua conta.",
              "fullTitle": "Login Minhas Viagens - Validar mensagem: Não encontramos nenhuma viagem futura em sua conta.",
              "timedOut": null,
              "duration": 14039,
              "state": "passed",
              "speed": "slow",
              "pass": true,
              "fail": false,
              "pending": false,
              "context": null,
              "code": "cy.get('.logged-message').click();\ncy.get('a[href=\"https://www.viacaocometa.com.br/minhas-compras\"]:visible').click();\ncy.get('.next-trips > :nth-child(1) > :nth-child(1) > .account-info > p').should('contain', 'Não encontramos nenhuma viagem futura em sua conta.');",
              "err": {},
              "uuid": "4b82b972-a5b1-462f-8285-2d5d509ed563",
              "parentUUID": "1cc67b98-825e-4edd-b851-64f639534ed4",
              "isHook": false,
              "skipped": false
            },
            {
              "title": "Minhas Viagens - Validar mensagem: Não encontramos nenhuma viagem passada em sua conta.",
              "fullTitle": "Login Minhas Viagens - Validar mensagem: Não encontramos nenhuma viagem passada em sua conta.",
              "timedOut": null,
              "duration": 11887,
              "state": "passed",
              "speed": "slow",
              "pass": true,
              "fail": false,
              "pending": false,
              "context": null,
              "code": "cy.get('.logged-message').click();\ncy.get('a[href=\"https://www.viacaocometa.com.br/minhas-compras\"]:visible').click();\ncy.get('#button-tab-trip-edit > .cmp-text > p > [style=\"color: rgb(255,0,150);\"]').click();\ncy.get('.previous-trips > .row > :nth-child(1) > .account-info > p').should('contain', 'Não encontramos nenhuma viagem passada em sua conta.');",
              "err": {},
              "uuid": "ca410e81-5393-4106-8127-3dde113c5c76",
              "parentUUID": "1cc67b98-825e-4edd-b851-64f639534ed4",
              "isHook": false,
              "skipped": false
            }
          ],
          "suites": [],
          "passes": [
            "51c56b36-24ac-4f44-9c21-f2a180a95845",
            "51c6c009-e69b-4a4e-8651-8dbec209cf44",
            "4b82b972-a5b1-462f-8285-2d5d509ed563",
            "ca410e81-5393-4106-8127-3dde113c5c76"
          ],
          "failures": [],
          "pending": [],
          "skipped": [],
          "duration": 50106,
          "root": false,
          "rootEmpty": false,
          "_timeout": 2000
        },
        {
          "uuid": "c457dbec-27cf-41aa-aea3-dd0a539c48a8",
          "title": "Conta GIRO",
          "fullFile": "",
          "file": "",
          "beforeHooks": [],
          "afterHooks": [],
          "tests": [
            {
              "title": "Fazer compra de passagem com conta GIRO ",
              "fullTitle": "Conta GIRO Fazer compra de passagem com conta GIRO ",
              "timedOut": null,
              "duration": 55072,
              "state": "passed",
              "speed": "slow",
              "pass": true,
              "fail": false,
              "pending": false,
              "context": null,
              "code": "cy.get('#input-departure').click().type('São Paulo');\ncy.contains(' São Paulo (Todos) (SP) ').click();\ncy.get('#input-destination').click().type('Rio de Janeiro');\ncy.contains(' Rio de Janeiro (Todos) (RJ) ').click();\ncy.get('#input-date').click();\ncy.selecionarDataIda(1);\ncy.get('#search-button', {\n  timeout: 20000\n}).click();\ncy.selecionarPassagemAleatoria1({\n  timeout: 20000\n});\ncy.get('#buyer-check-1', {\n  timeout: 20000\n}).click({\n  force: true\n});\ncy.get('#btn-proceed').should('be.visible').and('not.be.disabled').click();\ncy.contains('Escolha o seu assento', {\n  timeout: 20000\n}).should('be.visible');\ncy.selecionarAssentoAleatorio({\n  timeout: 5000\n});\ncy.get('#btn-proceed', {\n  timeout: 5000\n}).should('be.visible').click();\ncy.url().should('include', '/pagamento');\ncy.wait(10000);\ncy.url().should('include', '/pagamento');\ncy.get('#tab-conta-giro').click();\ncy.get('[data-js=\"conditions-check\"]').click({\n  force: true\n});\ncy.get('.btn-register > [type=\"button\"]').should('be.visible').and('not.be.disabled').click();\n// cy.url().should('include', '/login-wallet')\n// cy.get('.pin-input-container > #input-password').type('613459')\n// cy.get(':nth-child(2) > .container > .row > .button-login').should('be.visible').and('not.be.disabled').click()\n// cy.get('#tab-conta-giro').click()\n// cy.contains('Pagamento Pendente').should('be.visible')\n// cy.get('[data-js=\"conditions-check\"]').click({ force: true })\n//  Não finalizar a compra para evitar transações reais\n// cy.get('#payment-submit').should('be.visible').and('not.be.disabled').click();",
              "err": {},
              "uuid": "11d6609d-9c78-4cf7-bf19-758c0330dc39",
              "parentUUID": "c457dbec-27cf-41aa-aea3-dd0a539c48a8",
              "isHook": false,
              "skipped": false
            }
          ],
          "suites": [],
          "passes": [
            "11d6609d-9c78-4cf7-bf19-758c0330dc39"
          ],
          "failures": [],
          "pending": [],
          "skipped": [],
          "duration": 55072,
          "root": false,
          "rootEmpty": false,
          "_timeout": 2000
        },
        {
          "uuid": "57ac6b4e-6369-4a14-b3d1-0d05ec80286e",
          "title": "Validar link informações de viagens",
          "fullFile": "",
          "file": "",
          "beforeHooks": [],
          "afterHooks": [],
          "tests": [
            {
              "title": "Validar link informações de Viagem - Bagagem",
              "fullTitle": "Validar link informações de viagens Validar link informações de Viagem - Bagagem",
              "timedOut": null,
              "duration": 9588,
              "state": "passed",
              "speed": "medium",
              "pass": true,
              "fail": false,
              "pending": false,
              "context": null,
              "code": "cy.get('.header-nav-container > :nth-child(1) > :nth-child(1) > .focusable').click();\ncy.url().should('include', 'informacao-para-sua-viagem');\ncy.get('.aem-Grid--12 > :nth-child(4) > .custom-padding > .container > :nth-child(1) > .aem-Grid > .image > .cmp-image > #cmp-image-link > .cmp-image__image').click();\ncy.get('#bagagemdemao > p').should('contain', 'Bagagem de mão');\ncy.scrollTo('top', {\n  timeout: 1000\n});\ncy.get('[href=\"#bagagemdespachada\"] > .btn-title').click();\ncy.get('#bagagemdespachada > [style=\"text-align: left;\"]').should('contain', 'Bagagem despachada no bagageiro');\ncy.scrollTo('top', {\n  timeout: 1000\n});\ncy.get('[href=\"#bagagemproibida\"]').click();\ncy.get('#bagagemproibida > p').should('contain', 'Bagagem proibida');\ncy.scrollTo('top', {\n  timeout: 1000\n});\ncy.get('[href=\"#bagagensespeciaiseesportivas\"] > .btn-title').click();\ncy.get('#bagagensespeciaiseesportivas > p').should('contain', 'Bagagens especiais e esportivas');\ncy.scrollTo('top', {\n  timeout: 1000\n});\ncy.get('[href=\"#bagagensextraviadas\"] > .btn-title').click();\ncy.get('#bagagensextraviadas > p').should('contain', 'Bagagens extraviadas ou danificadas');\ncy.scrollTo('top', {\n  timeout: 1000\n});\ncy.get('[href=\"#objetosesquecidos\"] > .btn-title').click();\ncy.get('#objetosesquecidos > p').should('contain', 'Objetos esquecidos no interior do veículo');\ncy.scrollTo('top');\ncy.get('[href=\"#cobranca\"] > .btn-title').click();\ncy.get('#cobranca > p').should('contain', 'Cobrança por excesso de bagagem');",
              "err": {},
              "uuid": "8cfc4315-8324-4af1-9752-26215341abe3",
              "parentUUID": "57ac6b4e-6369-4a14-b3d1-0d05ec80286e",
              "isHook": false,
              "skipped": false
            },
            {
              "title": "Validar link informações de Viagem - Informações para embarque",
              "fullTitle": "Validar link informações de viagens Validar link informações de Viagem - Informações para embarque",
              "timedOut": null,
              "duration": 8423,
              "state": "passed",
              "speed": "medium",
              "pass": true,
              "fail": false,
              "pending": false,
              "context": null,
              "code": "cy.get('.header-nav-container > :nth-child(1) > :nth-child(1) > .focusable').click();\ncy.url().should('include', 'informacao-para-sua-viagem');\ncy.get('.aem-Grid--12 > :nth-child(5) > .custom-padding > .container > :nth-child(1) > .aem-Grid > .image > .cmp-image > #cmp-image-link > .cmp-image__image').click();\ncy.get('[href=\"#documentacaoparaembarque\"] > .btn-title').click();\ncy.get('#documentacaoparaembarque > p').should('contain', 'Documentação para embarque');\ncy.scrollTo('top', {\n  timeout: 1000\n});\ncy.get('[href=\"#embarqueparamenores\"] > .btn-title').click();\ncy.get('#embarqueparamenores > p').should('contain', 'Embarque para Menores');\ncy.scrollTo('top', {\n  timeout: 1000\n});\ncy.get('[href=\"#horariodeembarque\"]').click();\ncy.get('#horariodeembarque > p').should('contain', 'Horário de embarque');\ncy.scrollTo('top', {\n  timeout: 1000\n});\ncy.get('[href=\"#transportedeanimais\"]').click();\ncy.get('#transportedeanimais > p').should('contain', 'Transporte de Animais');\ncy.scrollTo('top', {\n  timeout: 1000\n});\ncy.get('[href=\"#segurofacultativo\"]').click();\ncy.get('#segurofacultativo > p').should('contain', 'Seguro Facultativo');\ncy.scrollTo('top', {\n  timeout: 1000\n});\ncy.get('[href=\"#alteracoesdehorario\"]').click();\ncy.get('#alteracoesdehorario > p').should('contain', 'Alterações de Horários e Frequências');\ncy.scrollTo('top', {\n  timeout: 1000\n});",
              "err": {},
              "uuid": "1be99cc1-5564-4dbe-b69b-16c273b1d7c0",
              "parentUUID": "57ac6b4e-6369-4a14-b3d1-0d05ec80286e",
              "isHook": false,
              "skipped": false
            },
            {
              "title": "Validar link informações de Viagem - Compra, remarcação e reembolso",
              "fullTitle": "Validar link informações de viagens Validar link informações de Viagem - Compra, remarcação e reembolso",
              "timedOut": null,
              "duration": 8728,
              "state": "passed",
              "speed": "medium",
              "pass": true,
              "fail": false,
              "pending": false,
              "context": null,
              "code": "cy.get('.header-nav-container > :nth-child(1) > :nth-child(1) > .focusable').click();\ncy.url().should('include', 'informacao-para-sua-viagem');\ncy.get('[style=\"padding: 0rem 2rem 2rem 2rem \"] > :nth-child(1) > .aem-Grid--12 > :nth-child(1) > .custom-padding > .container > :nth-child(1) > .aem-Grid > .image > .cmp-image > #cmp-image-link > .cmp-image__image').click();\ncy.get('[href=\"#formasdepagamento\"]').click();\ncy.get('#formasdepagamento > p').should('contain', 'Formas de Pagamento');\ncy.scrollTo('top', {\n  timeout: 1000\n});\ncy.get('[href=\"#remarcacaoetroca\"]').click();\ncy.get('#remarcacaoetroca > p').should('contain', 'Remarcação e Troca');\ncy.scrollTo('top', {\n  timeout: 1000\n});\ncy.get('[href=\"#cancelamentoereembolso\"]').click();\ncy.get('#cancelamentoereembolso > p').should('contain', 'Cancelamento e Reembolso');\ncy.scrollTo('top', {\n  timeout: 1000\n});\ncy.get('[href=\"#reacomodacao\"]').click();\ncy.get('#reacomodacao > p').should('contain', 'Reacomodações');\ncy.scrollTo('top', {\n  timeout: 1000\n});\ncy.get('[href=\"#taxas\"]').click();\ncy.get('#taxas > p').should('contain', 'Taxas de serviços');\ncy.scrollTo('top', {\n  timeout: 1000\n});",
              "err": {},
              "uuid": "5f9a0a35-5250-4af4-9de4-8ffddc5d885d",
              "parentUUID": "57ac6b4e-6369-4a14-b3d1-0d05ec80286e",
              "isHook": false,
              "skipped": false
            },
            {
              "title": "Validar link informações de Viagem - Nossos serviços",
              "fullTitle": "Validar link informações de viagens Validar link informações de Viagem - Nossos serviços",
              "timedOut": null,
              "duration": 8716,
              "state": "passed",
              "speed": "medium",
              "pass": true,
              "fail": false,
              "pending": false,
              "context": null,
              "code": "cy.get('.header-nav-container > :nth-child(1) > :nth-child(1) > .focusable').click();\ncy.url().should('include', 'informacao-para-sua-viagem');\ncy.get(':nth-child(2) > .custom-padding > .container > :nth-child(1) > .aem-Grid > .image > .cmp-image > #cmp-image-link > .cmp-image__image').click();\ncy.get('[href=\"#nossosonibus\"]').click();\ncy.get('#nossosonibus > p').should('contain', 'Conheça Nossos Ônibus');\ncy.scrollTo('top', {\n  timeout: 1000\n});\ncy.get('[href=\"#salasvips\"]').click();\ncy.get('#salasvips > p').should('contain', 'SALAS VIPS');\ncy.scrollTo('top', {\n  timeout: 1000\n});\ncy.get('[href=\"#salasnets\"]').click();\ncy.get('[style=\"margin: auto auto auto auto \"] > [style=\"padding: 2rem 2rem 2rem 2rem \"] > :nth-child(1) > .aem-Grid--phone--12 > :nth-child(1) > #salasnets > p').should('contain', 'SALAS NETS');\ncy.scrollTo('top', {\n  timeout: 1000\n});\ncy.get('[href=\"#clubegiro\"]').click();\ncy.get('#clubegiro > [style=\"padding: 2rem 2rem 2rem 2rem \"] > :nth-child(1) > .aem-Grid--phone--12 > :nth-child(1) > #salasnets > p').should('contain', 'CLUBE GIRO');",
              "err": {},
              "uuid": "f51a9d65-a256-4b45-b7a2-82154afd979d",
              "parentUUID": "57ac6b4e-6369-4a14-b3d1-0d05ec80286e",
              "isHook": false,
              "skipped": false
            },
            {
              "title": "Validar link informações de Viagem - Descontos e Gratuidades",
              "fullTitle": "Validar link informações de viagens Validar link informações de Viagem - Descontos e Gratuidades",
              "timedOut": null,
              "duration": 8251,
              "state": "passed",
              "speed": "medium",
              "pass": true,
              "fail": false,
              "pending": false,
              "context": null,
              "code": "cy.get('.header-nav-container > :nth-child(1) > :nth-child(1) > .focusable').click();\ncy.url().should('include', 'informacao-para-sua-viagem');\ncy.get(':nth-child(4) > :nth-child(2) > :nth-child(2) > :nth-child(1) > .aem-Grid--12 > .cmp > .custom-padding > .container > :nth-child(1) > .aem-Grid > .image > .cmp-image > #cmp-image-link > .cmp-image__image').click();\ncy.get('[href=\"#estudante\"]').click();\ncy.get('#estudante > p').should('contain', 'Estudante e Professor');\ncy.scrollTo('top', {\n  timeout: 1000\n});\ncy.get('[href=\"#PCD\"]').click();\ncy.get('#PCD > p').should('contain', 'Pessoa com deficiência');\ncy.scrollTo('top', {\n  timeout: 1000\n});\ncy.get('[href=\"#idoso\"]').click();\ncy.get('#idoso > p').should('contain', 'Idoso');\ncy.scrollTo('top', {\n  timeout: 1000\n});\ncy.get('[href=\"#IDJovem\"]').click();\ncy.get('#IDJovem > p').should('contain', 'ID Jovem');",
              "err": {},
              "uuid": "7e610f6e-1b3d-4dbc-90d8-bac73a8dc3f3",
              "parentUUID": "57ac6b4e-6369-4a14-b3d1-0d05ec80286e",
              "isHook": false,
              "skipped": false
            }
          ],
          "suites": [],
          "passes": [
            "8cfc4315-8324-4af1-9752-26215341abe3",
            "1be99cc1-5564-4dbe-b69b-16c273b1d7c0",
            "5f9a0a35-5250-4af4-9de4-8ffddc5d885d",
            "f51a9d65-a256-4b45-b7a2-82154afd979d",
            "7e610f6e-1b3d-4dbc-90d8-bac73a8dc3f3"
          ],
          "failures": [],
          "pending": [],
          "skipped": [],
          "duration": 43706,
          "root": false,
          "rootEmpty": false,
          "_timeout": 2000
        },
        {
          "uuid": "839487e5-51d5-4003-a904-ed2879e658f2",
          "title": "Validar link fale conosco",
          "fullFile": "",
          "file": "",
          "beforeHooks": [],
          "afterHooks": [],
          "tests": [
            {
              "title": "Deve preencher o formulário de contato",
              "fullTitle": "Validar link fale conosco Deve preencher o formulário de contato",
              "timedOut": null,
              "duration": 5816,
              "state": "failed",
              "speed": null,
              "pass": false,
              "fail": true,
              "pending": false,
              "context": null,
              "code": "cy.get('.header-nav-container > :nth-child(1) > :nth-child(2)').click();\ncy.url({\n  timeout: 2000\n}).should('include', '/fale-conosco');\ncy.get('#input-name').type('Teste ROBO ODP');\ncy.get('#input-doc').type('38485984854', {\n  log: false\n});\ncy.get('#input-email').type('teste.robo@odp.com.br');\ncy.get('#input-ddd').type('11');\ncy.get('#input-phone').type('99999-9999', {\n  log: false\n});\ncy.get('#btn-contact-us').click();\ncy.get('.container-form-protocol-contact-us > .title-form > .aem-Grid > .text > .cmp-text > p').should('contain', 'Faça sua requisição');\ncy.get(':nth-child(1) > :nth-child(1) > .field > .input-container > .select-custom > .select-selected').click();\ncy.get(':nth-child(1) > :nth-child(1) > .field > .input-container > .select-custom > .select-items > :nth-child(4) > [href=\"javascript:void(0)\"]').click();\ncy.get(':nth-child(2) > .field > .input-container > .select-custom > .select-selected').click();\ncy.get(':nth-child(2) > .field > .input-container > .select-custom > .select-items > :nth-child(2) > [href=\"javascript:void(0)\"]').click();\ncy.get(':nth-child(3) > .input-container > .field > .select-custom > .select-selected').click();\ncy.get('.field > .select-custom > .select-items > :nth-child(2) > [href=\"javascript:void(0)\"]').click();\ncy.get('#input-local').type('Sao Paulo');\ncy.contains('SAO PAULO ROD TIETE(SP)').click();\ncy.get('#has-bought').click({\n  force: true\n});\ncy.get('#input-date-buy').click();\ncy.selecionarDataCompra(1);\ncy.get('#input-date-trip').click();\ncy.selecionarDataViagem(6);\ncy.get('#input-origin').type('Sao Paulo');\ncy.get('#ui-id-733').click();\ncy.get('#input-dest').type('Rio de Janeiro');\ncy.get('#ui-id-1074').click();\ncy.get('#description').type('Lorem ipsum dolor sit amet, consectetur adipiscing elit Lorem ipsum dolor sit ame.');\n// cy.get('[for=\"protocol-file\"] > .cmp-text > [style=\"text-align: left;\"]').click() // por algum motivo não possui mais a caixa de upload de arquivo para anexar uma evidência\n// cy.get('[data-js=\"protocol-file\"]').selectFile('cypress/fixtures/documento.pdf', { force: true }) \n// Não finalizar a solicitação para evitar requisições reais\n// cy.get('#submit-protocol').click()",
              "err": {
                "message": "AssertionError: Timed out retrying after 2000ms: expected 'https://www.viacaocometa.com.br/' to include '/fale-conosco'",
                "estack": "AssertionError: Timed out retrying after 2000ms: expected 'https://www.viacaocometa.com.br/' to include '/fale-conosco'\n    at Context.eval (webpack://cypress-treino/./cypress/e2e/03_links_header/02_fale_conosco.cy.js:11:26)",
                "diff": null
              },
              "uuid": "a5da2334-03d9-49a5-80bd-7a01b3674fbd",
              "parentUUID": "839487e5-51d5-4003-a904-ed2879e658f2",
              "isHook": false,
              "skipped": false
            }
          ],
          "suites": [],
          "passes": [],
          "failures": [
            "a5da2334-03d9-49a5-80bd-7a01b3674fbd"
          ],
          "pending": [],
          "skipped": [],
          "duration": 5816,
          "root": false,
          "rootEmpty": false,
          "_timeout": 2000
        },
        {
          "uuid": "b27f3c44-0c34-4fad-b9fd-610ea3605664",
          "title": "Validar link de gratuidade",
          "fullFile": "",
          "file": "",
          "beforeHooks": [],
          "afterHooks": [],
          "tests": [
            {
              "title": "Deve redirecionar para a página de gratuidade",
              "fullTitle": "Validar link de gratuidade Deve redirecionar para a página de gratuidade",
              "timedOut": null,
              "duration": 3242,
              "state": "passed",
              "speed": "fast",
              "pass": true,
              "fail": false,
              "pending": false,
              "context": null,
              "code": "// cy.get('.header-nav-container > :nth-child(1) > :nth-child(3) > .focusable').invoke('removeAttr', 'target').click();\n// cy.url().should('include', 'https://vendas.jcaholding.com.br/'); //erro",
              "err": {},
              "uuid": "1c610969-a6b9-4450-9f52-3f394395d7cf",
              "parentUUID": "b27f3c44-0c34-4fad-b9fd-610ea3605664",
              "isHook": false,
              "skipped": false
            }
          ],
          "suites": [],
          "passes": [
            "1c610969-a6b9-4450-9f52-3f394395d7cf"
          ],
          "failures": [],
          "pending": [],
          "skipped": [],
          "duration": 3242,
          "root": false,
          "rootEmpty": false,
          "_timeout": 2000
        },
        {
          "uuid": "0e1f1aae-ed87-4ff7-a39a-7b418b92ceee",
          "title": "Validar link de nossos destinos",
          "fullFile": "",
          "file": "",
          "beforeHooks": [],
          "afterHooks": [],
          "tests": [
            {
              "title": "Deve redirecionar para a página de nossos destinos",
              "fullTitle": "Validar link de nossos destinos Deve redirecionar para a página de nossos destinos",
              "timedOut": null,
              "duration": 13795,
              "state": "failed",
              "speed": null,
              "pass": false,
              "fail": true,
              "pending": false,
              "context": null,
              "code": "cy.get('.header-nav-container > :nth-child(1) > :nth-child(4)').click();\ncy.url().should('include', '/nossos-destinos');",
              "err": {
                "message": "AssertionError: Timed out retrying after 10000ms: expected 'https://www.viacaocometa.com.br/' to include '/nossos-destinos'",
                "estack": "AssertionError: Timed out retrying after 10000ms: expected 'https://www.viacaocometa.com.br/' to include '/nossos-destinos'\n    at Context.eval (webpack://cypress-treino/./cypress/e2e/03_links_header/04_nossos_destinos.cy.js:11:13)",
                "diff": null
              },
              "uuid": "4d696e19-6d23-46fe-83d5-b8c6ddaa8f38",
              "parentUUID": "0e1f1aae-ed87-4ff7-a39a-7b418b92ceee",
              "isHook": false,
              "skipped": false
            }
          ],
          "suites": [],
          "passes": [],
          "failures": [
            "4d696e19-6d23-46fe-83d5-b8c6ddaa8f38"
          ],
          "pending": [],
          "skipped": [],
          "duration": 13795,
          "root": false,
          "rootEmpty": false,
          "_timeout": 2000
        },
        {
          "uuid": "4fed7643-53c8-4c4c-a4de-cc33d2b76e6c",
          "title": "Validar link de pontos de venda",
          "fullFile": "",
          "file": "",
          "beforeHooks": [],
          "afterHooks": [],
          "tests": [
            {
              "title": "Deve redirecionar para a página de pontos de venda",
              "fullTitle": "Validar link de pontos de venda Deve redirecionar para a página de pontos de venda",
              "timedOut": null,
              "duration": 14516,
              "state": "failed",
              "speed": null,
              "pass": false,
              "fail": true,
              "pending": false,
              "context": null,
              "code": "cy.get('.header-nav-container > :nth-child(1) > :nth-child(5)').click();\ncy.url().should('include', '/pontos-de-venda');",
              "err": {
                "message": "AssertionError: Timed out retrying after 10000ms: expected 'https://www.viacaocometa.com.br/' to include '/pontos-de-venda'",
                "estack": "AssertionError: Timed out retrying after 10000ms: expected 'https://www.viacaocometa.com.br/' to include '/pontos-de-venda'\n    at Context.eval (webpack://cypress-treino/./cypress/e2e/03_links_header/05_pontos_de_venda.cy.js:11:13)",
                "diff": null
              },
              "uuid": "d12d773c-88f4-4c0d-90b0-8222612c1b2b",
              "parentUUID": "4fed7643-53c8-4c4c-a4de-cc33d2b76e6c",
              "isHook": false,
              "skipped": false
            }
          ],
          "suites": [],
          "passes": [],
          "failures": [
            "d12d773c-88f4-4c0d-90b0-8222612c1b2b"
          ],
          "pending": [],
          "skipped": [],
          "duration": 14516,
          "root": false,
          "rootEmpty": false,
          "_timeout": 2000
        },
        {
          "uuid": "3f51f256-04bc-49fd-a96f-71c5127ec606",
          "title": "Validar link do programa de fidelidade",
          "fullFile": "",
          "file": "",
          "beforeHooks": [],
          "afterHooks": [],
          "tests": [
            {
              "title": "Deve redirecionar para o site Clube Giro com sucesso",
              "fullTitle": "Validar link do programa de fidelidade Deve redirecionar para o site Clube Giro com sucesso",
              "timedOut": null,
              "duration": 6351,
              "state": "passed",
              "speed": "medium",
              "pass": true,
              "fail": false,
              "pending": false,
              "context": null,
              "code": "cy.get(':nth-child(1) > :nth-child(6) > .focusable').click();\ncy.url().should('include', '/clubegiro');\n//   cy.get('a[href=\"https://www.clubegiro.com.br\"]').click()\n//   cy.url().should('include', 'clubegiro.com.br')",
              "err": {},
              "uuid": "a1958c66-4d96-4419-8e38-20b3a3cc86ae",
              "parentUUID": "3f51f256-04bc-49fd-a96f-71c5127ec606",
              "isHook": false,
              "skipped": false
            }
          ],
          "suites": [],
          "passes": [
            "a1958c66-4d96-4419-8e38-20b3a3cc86ae"
          ],
          "failures": [],
          "pending": [],
          "skipped": [],
          "duration": 6351,
          "root": false,
          "rootEmpty": false,
          "_timeout": 2000
        },
        {
          "uuid": "f81362e1-98fc-4977-b3d8-6cf9bc815336",
          "title": "Validar cards de promoção",
          "fullFile": "",
          "file": "",
          "beforeHooks": [],
          "afterHooks": [],
          "tests": [
            {
              "title": "Deve validar o link do 1º card de promoção e redirecionar para a página de login",
              "fullTitle": "Validar cards de promoção Deve validar o link do 1º card de promoção e redirecionar para a página de login",
              "timedOut": null,
              "duration": 59999,
              "state": "failed",
              "speed": null,
              "pass": false,
              "fail": true,
              "pending": false,
              "context": null,
              "code": "cy.get('.aem-GridColumn > .promo-card > .promo-card-content > .promo-card-footer > .promo-card-btn', {\n  timeout: 60000\n}).eq(0).click({\n  force: true\n});\ncy.selecionarPassagemAleatoria1({\n  timeout: 60000\n});\ncy.env(['login', 'senha']).then(env => {\n  cy.get('#input-login').type(env.login);\n  cy.get('#input-password').type(env.senha, {\n    log: false\n  });\n  cy.get('#button-login').click();\n  cy.get('.logged-message').should('contain', 'Olá');\n});\ncy.get('#buyer-check-1', {\n  timeout: 60000\n}).click({\n  force: true\n});\ncy.get('#btn-proceed').should('be.visible').and('not.be.disabled').click();\ncy.selecionarAssentoAleatorio({\n  timeout: 15000\n});\n// cy.wait(10000)\ncy.get('#btn-proceed').should('be.visible').click();\ncy.url().should('include', '/pagamento');\n// cy.get('#tab-pix').click()\n// cy.get('.conditions-check', { timeout: 20000 }).click({ force: true })\n// Não finalizar a compra para evitar transações reais\n// cy.get('#payment-submit').should('be.visible').and('not.be.disabled').click();",
              "err": {
                "message": "AssertionError: Timed out retrying after 10000ms: expected '<button#btn-proceed.btn-footer>' not to be 'disabled'",
                "estack": "AssertionError: Timed out retrying after 10000ms: expected '<button#btn-proceed.btn-footer>' not to be 'disabled'\n    at Context.eval (webpack://cypress-treino/./cypress/e2e/04_ofertas_promocoes/01_promo_cards.cy.js:21:48)",
                "diff": null
              },
              "uuid": "91772cec-afba-4b9d-a81a-9f989c9bffdc",
              "parentUUID": "f81362e1-98fc-4977-b3d8-6cf9bc815336",
              "isHook": false,
              "skipped": false
            },
            {
              "title": "Deve validar o link do 2º card de promoção e redirecionar para a página de login",
              "fullTitle": "Validar cards de promoção Deve validar o link do 2º card de promoção e redirecionar para a página de login",
              "timedOut": null,
              "duration": 84229,
              "state": "failed",
              "speed": null,
              "pass": false,
              "fail": true,
              "pending": false,
              "context": null,
              "code": "cy.get('.aem-Grid > .aem-GridColumn > .promo-card > .promo-card-content > .promo-card-footer > .promo-card-btn', {\n  timeout: 15000\n}).eq(1).click({\n  force: true\n});\ncy.selecionarPassagemAleatoria1({\n  timeout: 15000\n});\ncy.env(['login', 'senha']).then(env => {\n  cy.get('#input-login').type(env.login);\n  cy.get('#input-password').type(env.senha, {\n    log: false\n  });\n  cy.get('#button-login').click();\n  cy.get('.logged-message').should('contain', 'Olá');\n});\ncy.get('#buyer-check-1', {\n  timeout: 20000\n}).click({\n  force: true\n});\ncy.get('#btn-proceed').should('be.visible').and('not.be.disabled').click();\ncy.selecionarAssentoAleatorio({\n  timeout: 15000\n});\n// cy.wait(10000)\ncy.get('#btn-proceed').should('be.visible').click();\ncy.url().should('include', '/pagamento');",
              "err": {
                "message": "AssertionError: Timed out retrying after 10000ms: expected '<button#btn-proceed.btn-footer>' not to be 'disabled'",
                "estack": "AssertionError: Timed out retrying after 10000ms: expected '<button#btn-proceed.btn-footer>' not to be 'disabled'\n    at Context.eval (webpack://cypress-treino/./cypress/e2e/04_ofertas_promocoes/01_promo_cards.cy.js:41:48)",
                "diff": null
              },
              "uuid": "21f96146-21f8-4b6f-aeb8-ad88e0360e3c",
              "parentUUID": "f81362e1-98fc-4977-b3d8-6cf9bc815336",
              "isHook": false,
              "skipped": false
            },
            {
              "title": "Deve validar o link do 3º card de promoção e redirecionar para a página de login",
              "fullTitle": "Validar cards de promoção Deve validar o link do 3º card de promoção e redirecionar para a página de login",
              "timedOut": null,
              "duration": 83150,
              "state": "failed",
              "speed": null,
              "pass": false,
              "fail": true,
              "pending": false,
              "context": null,
              "code": "cy.get('.aem-Grid > .aem-GridColumn > .promo-card > .promo-card-content > .promo-card-footer > .promo-card-btn', {\n  timeout: 60000\n}).eq(2).click({\n  force: true\n});\ncy.selecionarPassagemAleatoria1({\n  timeout: 60000\n});\ncy.env(['login', 'senha']).then(env => {\n  cy.get('#input-login').type(env.login);\n  cy.get('#input-password').type(env.senha, {\n    log: false\n  });\n  cy.get('#button-login').click();\n  cy.get('.logged-message').should('contain', 'Olá');\n});\ncy.get('#buyer-check-1', {\n  timeout: 20000\n}).click({\n  force: true\n});\ncy.get('#btn-proceed').should('be.visible').and('not.be.disabled').click();\ncy.selecionarAssentoAleatorio({\n  timeout: 15000\n});\n// cy.wait(10000)\ncy.get('#btn-proceed').should('be.visible').click();\ncy.url().should('include', '/pagamento');",
              "err": {
                "message": "AssertionError: Timed out retrying after 10000ms: expected '<button#btn-proceed.btn-footer>' not to be 'disabled'",
                "estack": "AssertionError: Timed out retrying after 10000ms: expected '<button#btn-proceed.btn-footer>' not to be 'disabled'\n    at Context.eval (webpack://cypress-treino/./cypress/e2e/04_ofertas_promocoes/01_promo_cards.cy.js:58:48)",
                "diff": null
              },
              "uuid": "e9bd7ad2-d5d0-4299-9da5-a293e078b58c",
              "parentUUID": "f81362e1-98fc-4977-b3d8-6cf9bc815336",
              "isHook": false,
              "skipped": false
            },
            {
              "title": "Deve validar o link do 4º card de promoção e redirecionar para a página de login",
              "fullTitle": "Validar cards de promoção Deve validar o link do 4º card de promoção e redirecionar para a página de login",
              "timedOut": null,
              "duration": 57143,
              "state": "failed",
              "speed": null,
              "pass": false,
              "fail": true,
              "pending": false,
              "context": null,
              "code": "cy.get('.aem-Grid > .aem-GridColumn > .promo-card > .promo-card-content > .promo-card-footer > .promo-card-btn', {\n  timeout: 15000\n}).eq(3).click({\n  force: true\n});\ncy.selecionarPassagemAleatoria1({\n  timeout: 15000\n});\ncy.env(['login', 'senha']).then(env => {\n  cy.get('#input-login').type(env.login);\n  cy.get('#input-password').type(env.senha, {\n    log: false\n  });\n  cy.get('#button-login').click();\n  cy.get('.logged-message').should('contain', 'Olá');\n});\ncy.get('#buyer-check-1', {\n  timeout: 20000\n}).click({\n  force: true\n});\ncy.get('#btn-proceed').should('be.visible').and('not.be.disabled').click();\ncy.selecionarAssentoAleatorio({\n  timeout: 15000\n});\n// cy.wait(10000)\ncy.get('#btn-proceed').should('be.visible').click();\ncy.url().should('include', '/pagamento');",
              "err": {
                "message": "AssertionError: Timed out retrying after 10000ms: expected '<button#btn-proceed.btn-footer>' not to be 'disabled'",
                "estack": "AssertionError: Timed out retrying after 10000ms: expected '<button#btn-proceed.btn-footer>' not to be 'disabled'\n    at Context.eval (webpack://cypress-treino/./cypress/e2e/04_ofertas_promocoes/01_promo_cards.cy.js:75:48)",
                "diff": null
              },
              "uuid": "b7942227-735a-4789-abc6-cc78b64304cb",
              "parentUUID": "f81362e1-98fc-4977-b3d8-6cf9bc815336",
              "isHook": false,
              "skipped": false
            }
          ],
          "suites": [],
          "passes": [],
          "failures": [
            "91772cec-afba-4b9d-a81a-9f989c9bffdc",
            "21f96146-21f8-4b6f-aeb8-ad88e0360e3c",
            "e9bd7ad2-d5d0-4299-9da5-a293e078b58c",
            "b7942227-735a-4789-abc6-cc78b64304cb"
          ],
          "pending": [],
          "skipped": [],
          "duration": 284521,
          "root": false,
          "rootEmpty": false,
          "_timeout": 2000
        },
        {
          "uuid": "1e51ff88-631b-4f7c-9378-dd1f0b966a26",
          "title": "Validar link do clube giro",
          "fullFile": "",
          "file": "",
          "beforeHooks": [],
          "afterHooks": [],
          "tests": [
            {
              "title": "Deve validar o link do card de clube giro e redirecionar para a página do clube giro",
              "fullTitle": "Validar link do clube giro Deve validar o link do card de clube giro e redirecionar para a página do clube giro",
              "timedOut": null,
              "duration": 8904,
              "state": "passed",
              "speed": "medium",
              "pass": true,
              "fail": false,
              "pending": false,
              "context": null,
              "code": "cy.get('#slick-slide20 > .carousel-cards-content-text > .aem-Grid > .button > clientlib > .about-card-button > .focusable').invoke('removeAttr', 'target').click({\n  force: true\n});\ncy.url().should('include', 'https://www.viacaocometa.com.br/clubegiro');\ncy.env(['login', 'senha']).then(env => {\n  cy.get('#header-login-button').click();\n  cy.get('#input-login').type(env.login);\n  cy.get('#input-password').type(env.senha, {\n    log: false\n  });\n  cy.get('#button-login').click();\n  cy.get('.logged-message').should('contain', 'Olá');\n  // cy.get(':nth-child(6) > .custom-padding > .container > :nth-child(1) > .aem-Grid > .button > clientlib > .about-card-button > .focusable').invoke('removeAttr', 'target').click({ force: true })\n  //   cy.url().should('include', 'https://www.clubegiro.com.br/')\n});",
              "err": {},
              "uuid": "696dc7d2-9108-4450-acc6-0fe018106553",
              "parentUUID": "1e51ff88-631b-4f7c-9378-dd1f0b966a26",
              "isHook": false,
              "skipped": false
            }
          ],
          "suites": [],
          "passes": [
            "696dc7d2-9108-4450-acc6-0fe018106553"
          ],
          "failures": [],
          "pending": [],
          "skipped": [],
          "duration": 8904,
          "root": false,
          "rootEmpty": false,
          "_timeout": 2000
        },
        {
          "uuid": "7c83bfa6-28f7-4c59-a73b-7951a2b7f457",
          "title": "",
          "fullFile": "",
          "file": "",
          "beforeHooks": [],
          "afterHooks": [],
          "tests": [
            {
              "title": "Deve validar o link do card de outlet de hotéis e redirecionar para a página do outlet de hotéis",
              "fullTitle": " Deve validar o link do card de outlet de hotéis e redirecionar para a página do outlet de hotéis",
              "timedOut": null,
              "duration": 3775,
              "state": "passed",
              "speed": "fast",
              "pass": true,
              "fail": false,
              "pending": false,
              "context": null,
              "code": "// cy.get('#slick-slide21 > .carousel-cards-content-text > .aem-Grid > .button > clientlib > .about-card-button > .focusable').invoke('removeAttr', 'target').click();\n// cy.url().should('include', 'www.outletdehoteis.com.br');",
              "err": {},
              "uuid": "a42bc438-fb24-4f80-b3f8-1eb322c1e051",
              "parentUUID": "7c83bfa6-28f7-4c59-a73b-7951a2b7f457",
              "isHook": false,
              "skipped": false
            }
          ],
          "suites": [],
          "passes": [
            "a42bc438-fb24-4f80-b3f8-1eb322c1e051"
          ],
          "failures": [],
          "pending": [],
          "skipped": [],
          "duration": 3775,
          "root": false,
          "rootEmpty": false,
          "_timeout": 2000
        },
        {
          "uuid": "e22e0932-364e-4695-897c-097659110182",
          "title": "Validar link de conexão com aeroportos",
          "fullFile": "",
          "file": "",
          "beforeHooks": [],
          "afterHooks": [],
          "tests": [
            {
              "title": "Deve validar o link do card de conexão com aeroportos e redirecionar para a página de conexão com aeroportos",
              "fullTitle": "Validar link de conexão com aeroportos Deve validar o link do card de conexão com aeroportos e redirecionar para a página de conexão com aeroportos",
              "timedOut": null,
              "duration": 6361,
              "state": "passed",
              "speed": "medium",
              "pass": true,
              "fail": false,
              "pending": false,
              "context": null,
              "code": "cy.get('[data-tab=\"slick_tabs-content-carousel-1\"]').click({\n  force: true\n});\ncy.get('#slick-slide80 > .carousel-cards-content-text > .aem-Grid > .button > clientlib > .about-card-button > .focusable').click({\n  force: true\n});\ncy.url().should('include', '/destinos/aeroporto');",
              "err": {},
              "uuid": "03970193-f0c6-4ac9-b419-cda9e43cebe4",
              "parentUUID": "e22e0932-364e-4695-897c-097659110182",
              "isHook": false,
              "skipped": false
            }
          ],
          "suites": [],
          "passes": [
            "03970193-f0c6-4ac9-b419-cda9e43cebe4"
          ],
          "failures": [],
          "pending": [],
          "skipped": [],
          "duration": 6361,
          "root": false,
          "rootEmpty": false,
          "_timeout": 2000
        },
        {
          "uuid": "e6c307f5-a330-44f0-acc6-a0319e8bfae2",
          "title": "Validar link de conexão com o Porto de Santos",
          "fullFile": "",
          "file": "",
          "beforeHooks": [],
          "afterHooks": [],
          "tests": [
            {
              "title": "Deve validar o link do card de conexão com o Porto de Santos e redirecionar para a página de conexão com o Porto de Santos",
              "fullTitle": "Validar link de conexão com o Porto de Santos Deve validar o link do card de conexão com o Porto de Santos e redirecionar para a página de conexão com o Porto de Santos",
              "timedOut": null,
              "duration": 6226,
              "state": "passed",
              "speed": "medium",
              "pass": true,
              "fail": false,
              "pending": false,
              "context": null,
              "code": "cy.get('[data-tab=\"slick_tabs-content-carousel-2\"]').click({\n  force: true\n});\ncy.get('#slick-slide90 > .carousel-cards-content-text > .aem-Grid > .button > clientlib > .about-card-button > .focusable').click({\n  force: true\n});\ncy.url().should('include', '/destinos/porto-santos');",
              "err": {},
              "uuid": "b1e6f89f-653b-44d6-ac89-f0fd893776d1",
              "parentUUID": "e6c307f5-a330-44f0-acc6-a0319e8bfae2",
              "isHook": false,
              "skipped": false
            }
          ],
          "suites": [],
          "passes": [
            "b1e6f89f-653b-44d6-ac89-f0fd893776d1"
          ],
          "failures": [],
          "pending": [],
          "skipped": [],
          "duration": 6226,
          "root": false,
          "rootEmpty": false,
          "_timeout": 2000
        },
        {
          "uuid": "be252bc8-2657-4165-9a08-f87e98178278",
          "title": "Validar link de conexão com os ônibus",
          "fullFile": "",
          "file": "",
          "beforeHooks": [],
          "afterHooks": [],
          "tests": [
            {
              "title": "Deve validar o link do card de conexão com os ônibus e redirecionar para a página de contato",
              "fullTitle": "Validar link de conexão com os ônibus Deve validar o link do card de conexão com os ônibus e redirecionar para a página de contato",
              "timedOut": null,
              "duration": 6084,
              "state": "passed",
              "speed": "medium",
              "pass": true,
              "fail": false,
              "pending": false,
              "context": null,
              "code": "cy.get('#headingitem0').click();\ncy.get('#headingitem1').click();\ncy.get('#headingitem2').click();\ncy.get('#headingitem3').click();\ncy.get('[style=\"color: rgb(255,0,150);\"] > .focusable > span').click({\n  force: true\n});\ncy.url().should('include', 'fale-conosco');",
              "err": {},
              "uuid": "e4571a38-c592-4626-b3b8-9d2bae48c36c",
              "parentUUID": "be252bc8-2657-4165-9a08-f87e98178278",
              "isHook": false,
              "skipped": false
            }
          ],
          "suites": [],
          "passes": [
            "e4571a38-c592-4626-b3b8-9d2bae48c36c"
          ],
          "failures": [],
          "pending": [],
          "skipped": [],
          "duration": 6084,
          "root": false,
          "rootEmpty": false,
          "_timeout": 2000
        },
        {
          "uuid": "e144cbed-6b0c-4fc8-8ca9-1753e3abb95e",
          "title": "Validar Cards - dúvidas frequentes",
          "fullFile": "",
          "file": "",
          "beforeHooks": [],
          "afterHooks": [],
          "tests": [
            {
              "title": "Deve validar Cards - informação para sua viagem",
              "fullTitle": "Validar Cards - dúvidas frequentes Deve validar Cards - informação para sua viagem",
              "timedOut": null,
              "duration": 6218,
              "state": "passed",
              "speed": "medium",
              "pass": true,
              "fail": false,
              "pending": false,
              "context": null,
              "code": "cy.get(':nth-child(3) > .custom-padding > .container > :nth-child(1) > .aem-Grid > .image > .cmp-image > #cmp-image-link > .cmp-image__image').click();\ncy.url().should('include', 'https://www.viacaocometa.com.br/informacao-para-sua-viagem');",
              "err": {},
              "uuid": "b600e0f9-e37d-4427-89bd-e7f538af53e7",
              "parentUUID": "e144cbed-6b0c-4fc8-8ca9-1753e3abb95e",
              "isHook": false,
              "skipped": false
            }
          ],
          "suites": [],
          "passes": [
            "b600e0f9-e37d-4427-89bd-e7f538af53e7"
          ],
          "failures": [],
          "pending": [],
          "skipped": [],
          "duration": 6218,
          "root": false,
          "rootEmpty": false,
          "_timeout": 2000
        },
        {
          "uuid": "5866d0b7-e35e-42cb-a5f4-95abe49af6a7",
          "title": "Validar Cards - dúvidas frequentes",
          "fullFile": "",
          "file": "",
          "beforeHooks": [],
          "afterHooks": [],
          "tests": [
            {
              "title": "Deve validar Cards - remarcação",
              "fullTitle": "Validar Cards - dúvidas frequentes Deve validar Cards - remarcação",
              "timedOut": null,
              "duration": 6423,
              "state": "passed",
              "speed": "medium",
              "pass": true,
              "fail": false,
              "pending": false,
              "context": null,
              "code": "cy.get(':nth-child(4) > .custom-padding > .container > :nth-child(1) > .aem-Grid > .image > .cmp-image > #cmp-image-link > .cmp-image__image').click();\ncy.url().should('include', '/remarcacao');",
              "err": {},
              "uuid": "1ddad7de-64b8-48fc-a363-e48657f75108",
              "parentUUID": "5866d0b7-e35e-42cb-a5f4-95abe49af6a7",
              "isHook": false,
              "skipped": false
            }
          ],
          "suites": [],
          "passes": [
            "1ddad7de-64b8-48fc-a363-e48657f75108"
          ],
          "failures": [],
          "pending": [],
          "skipped": [],
          "duration": 6423,
          "root": false,
          "rootEmpty": false,
          "_timeout": 2000
        },
        {
          "uuid": "bde5baee-775d-40ab-882e-98f252cf2d1f",
          "title": "Validar Cards - dúvidas frequentes",
          "fullFile": "",
          "file": "",
          "beforeHooks": [],
          "afterHooks": [],
          "tests": [
            {
              "title": "Deve validar Cards - reembolso",
              "fullTitle": "Validar Cards - dúvidas frequentes Deve validar Cards - reembolso",
              "timedOut": null,
              "duration": 6389,
              "state": "passed",
              "speed": "medium",
              "pass": true,
              "fail": false,
              "pending": false,
              "context": null,
              "code": "cy.get(':nth-child(5) > .custom-padding > .container > :nth-child(1) > .aem-Grid > .image > .cmp-image > #cmp-image-link > .cmp-image__image').click();\ncy.url().should('include', '/reembolso');",
              "err": {},
              "uuid": "5ed0243f-521f-472f-9575-4c6e0f1f2169",
              "parentUUID": "bde5baee-775d-40ab-882e-98f252cf2d1f",
              "isHook": false,
              "skipped": false
            }
          ],
          "suites": [],
          "passes": [
            "5ed0243f-521f-472f-9575-4c6e0f1f2169"
          ],
          "failures": [],
          "pending": [],
          "skipped": [],
          "duration": 6389,
          "root": false,
          "rootEmpty": false,
          "_timeout": 2000
        },
        {
          "uuid": "3309b243-e2f6-4ce9-8ee7-d5471ea14bc8",
          "title": "Validar Cards - dúvidas frequentes",
          "fullFile": "",
          "file": "",
          "beforeHooks": [],
          "afterHooks": [],
          "tests": [
            {
              "title": "Deve validar Cards - bagagem",
              "fullTitle": "Validar Cards - dúvidas frequentes Deve validar Cards - bagagem",
              "timedOut": null,
              "duration": 6616,
              "state": "passed",
              "speed": "medium",
              "pass": true,
              "fail": false,
              "pending": false,
              "context": null,
              "code": "cy.get(':nth-child(6) > .custom-padding > .container > :nth-child(1) > .aem-Grid > .image > .cmp-image > #cmp-image-link > .cmp-image__image').click();\ncy.url().should('include', '/bagagem');",
              "err": {},
              "uuid": "6bbf8eea-fc2e-4b9e-8a4d-63c697e98066",
              "parentUUID": "3309b243-e2f6-4ce9-8ee7-d5471ea14bc8",
              "isHook": false,
              "skipped": false
            }
          ],
          "suites": [],
          "passes": [
            "6bbf8eea-fc2e-4b9e-8a4d-63c697e98066"
          ],
          "failures": [],
          "pending": [],
          "skipped": [],
          "duration": 6616,
          "root": false,
          "rootEmpty": false,
          "_timeout": 2000
        },
        {
          "uuid": "ac773821-aeee-4989-8a33-3470b47605db",
          "title": "Validar Links Footer - Instagram",
          "fullFile": "",
          "file": "",
          "beforeHooks": [],
          "afterHooks": [],
          "tests": [
            {
              "title": "Deve validar Links Footer - Instagram",
              "fullTitle": "Validar Links Footer - Instagram Deve validar Links Footer - Instagram",
              "timedOut": null,
              "duration": 4557,
              "state": "passed",
              "speed": "fast",
              "pass": true,
              "fail": false,
              "pending": false,
              "context": null,
              "code": "// cy.get('.social-networks-list > :nth-child(1) > [href=\"https://www.instagram.com/viacaocometa.oficial/?hl=pt-br\"]').click()",
              "err": {},
              "uuid": "9152dfac-1a68-46c0-8cea-51cfb169321c",
              "parentUUID": "ac773821-aeee-4989-8a33-3470b47605db",
              "isHook": false,
              "skipped": false
            }
          ],
          "suites": [],
          "passes": [
            "9152dfac-1a68-46c0-8cea-51cfb169321c"
          ],
          "failures": [],
          "pending": [],
          "skipped": [],
          "duration": 4557,
          "root": false,
          "rootEmpty": false,
          "_timeout": 2000
        },
        {
          "uuid": "32ab8ac7-a9bb-4e3e-8042-577c360ad6a0",
          "title": "Validar Links Footer - Facebook",
          "fullFile": "",
          "file": "",
          "beforeHooks": [],
          "afterHooks": [],
          "tests": [
            {
              "title": "Deve validar Links Footer - Facebook",
              "fullTitle": "Validar Links Footer - Facebook Deve validar Links Footer - Facebook",
              "timedOut": null,
              "duration": 3653,
              "state": "passed",
              "speed": "fast",
              "pass": true,
              "fail": false,
              "pending": false,
              "context": null,
              "code": "// cy.get('a[href=\"https://www.facebook.com/ViacaoCometaOficial\"]').click()",
              "err": {},
              "uuid": "e33512b4-b9c2-4166-b8c3-2bac825bd6c1",
              "parentUUID": "32ab8ac7-a9bb-4e3e-8042-577c360ad6a0",
              "isHook": false,
              "skipped": false
            }
          ],
          "suites": [],
          "passes": [
            "e33512b4-b9c2-4166-b8c3-2bac825bd6c1"
          ],
          "failures": [],
          "pending": [],
          "skipped": [],
          "duration": 3653,
          "root": false,
          "rootEmpty": false,
          "_timeout": 2000
        },
        {
          "uuid": "7e2e65cd-6294-4cd6-a8b3-6dafc31a192d",
          "title": "Validar Links Footer - Whatsapp",
          "fullFile": "",
          "file": "",
          "beforeHooks": [],
          "afterHooks": [],
          "tests": [
            {
              "title": "Deve validar Links Footer - Atendimento virtual whatsapp",
              "fullTitle": "Validar Links Footer - Whatsapp Deve validar Links Footer - Atendimento virtual whatsapp",
              "timedOut": null,
              "duration": 4064,
              "state": "passed",
              "speed": "fast",
              "pass": true,
              "fail": false,
              "pending": false,
              "context": null,
              "code": "// cy.get('[href=\"https://api.whatsapp.com/send?phone=5511972645808\"] > b').click()\n// cy.url().should('include', '/send?phone=5511972645808')",
              "err": {},
              "uuid": "9ad88723-09a4-4303-9264-efe3992aa835",
              "parentUUID": "7e2e65cd-6294-4cd6-a8b3-6dafc31a192d",
              "isHook": false,
              "skipped": false
            }
          ],
          "suites": [],
          "passes": [
            "9ad88723-09a4-4303-9264-efe3992aa835"
          ],
          "failures": [],
          "pending": [],
          "skipped": [],
          "duration": 4064,
          "root": false,
          "rootEmpty": false,
          "_timeout": 2000
        },
        {
          "uuid": "984fa443-fcdf-4e8f-b673-09fc55650da4",
          "title": "Validar Links Footer - Whatsapp",
          "fullFile": "",
          "file": "",
          "beforeHooks": [],
          "afterHooks": [],
          "tests": [
            {
              "title": "Deve validar Links Footer - Vendas whatsapp",
              "fullTitle": "Validar Links Footer - Whatsapp Deve validar Links Footer - Vendas whatsapp",
              "timedOut": null,
              "duration": 3653,
              "state": "passed",
              "speed": "fast",
              "pass": true,
              "fail": false,
              "pending": false,
              "context": null,
              "code": "// cy.get(':nth-child(2) > [href=\"https://wa.me/5511933153607\"]').click()\n// cy.url().should('include', '/5511933153607')",
              "err": {},
              "uuid": "c3079052-d1c2-4430-b006-6f1257a4935d",
              "parentUUID": "984fa443-fcdf-4e8f-b673-09fc55650da4",
              "isHook": false,
              "skipped": false
            }
          ],
          "suites": [],
          "passes": [
            "c3079052-d1c2-4430-b006-6f1257a4935d"
          ],
          "failures": [],
          "pending": [],
          "skipped": [],
          "duration": 3653,
          "root": false,
          "rootEmpty": false,
          "_timeout": 2000
        },
        {
          "uuid": "f9c5ad3b-b067-4e03-9971-3b82416ac156",
          "title": "Validar Links Footer - Fale Conosco",
          "fullFile": "",
          "file": "",
          "beforeHooks": [],
          "afterHooks": [],
          "tests": [
            {
              "title": "Deve validar Links Footer - Fale Conosco",
              "fullTitle": "Validar Links Footer - Fale Conosco Deve validar Links Footer - Fale Conosco",
              "timedOut": null,
              "duration": 4088,
              "state": "passed",
              "speed": "fast",
              "pass": true,
              "fail": false,
              "pending": false,
              "context": null,
              "code": "// cy.get(':nth-child(4) > :nth-child(1) > [href=\"/fale-conosco\"]').click()\n// cy.url().should('include', '/fale-conosco')",
              "err": {},
              "uuid": "de639a45-3226-4f20-b454-e33816f96135",
              "parentUUID": "f9c5ad3b-b067-4e03-9971-3b82416ac156",
              "isHook": false,
              "skipped": false
            }
          ],
          "suites": [],
          "passes": [
            "de639a45-3226-4f20-b454-e33816f96135"
          ],
          "failures": [],
          "pending": [],
          "skipped": [],
          "duration": 4088,
          "root": false,
          "rootEmpty": false,
          "_timeout": 2000
        }
      ],
      "passes": [],
      "failures": [],
      "pending": [],
      "skipped": [],
      "duration": 0,
      "root": true,
      "rootEmpty": true,
      "_timeout": 2000
    }
  ],
  "meta": {
    "mocha": {
      "version": "7.2.0"
    },
    "mochawesome": {
      "options": {
        "quiet": false,
        "reportFilename": "mochawesome",
        "saveHtml": false,
        "saveJson": true,
        "consoleReporter": "spec",
        "useInlineDiffs": false,
        "code": true
      },
      "version": "7.1.4"
    },
    "marge": {
      "options": {
        "reportDir": "cypress/reports",
        "overwrite": false,
        "html": false,
        "json": true,
        "timestamp": "mmddyyyy_HHMMss"
      },
      "version": "6.3.2"
    }
  }
}