{
  "stats": {
    "suites": 1,
    "tests": 1,
    "passes": 0,
    "pending": 0,
    "failures": 1,
    "start": "2026-04-17T10:29:57.372Z",
    "end": "2026-04-17T10:30:21.976Z",
    "duration": 24604,
    "testsRegistered": 1,
    "passPercent": 0,
    "pendingPercent": 0,
    "other": 0,
    "hasOther": false,
    "skipped": 0,
    "hasSkipped": false
  },
  "results": [
    {
      "uuid": "61892a79-a369-4f3b-b7e3-82860cd28189",
      "title": "",
      "fullFile": "cypress\\e2e\\02_conta_giro\\01_conta_giro.cy.js",
      "file": "cypress\\e2e\\02_conta_giro\\01_conta_giro.cy.js",
      "beforeHooks": [],
      "afterHooks": [],
      "tests": [],
      "suites": [
        {
          "uuid": "b04f09e5-0e8b-4d48-8333-9096c6937e1c",
          "title": "Conta GIRO",
          "fullFile": "",
          "file": "",
          "beforeHooks": [],
          "afterHooks": [],
          "tests": [
            {
              "title": "Fazer compra de passagem com conta GIRO ",
              "fullTitle": "Conta GIRO Fazer compra de passagem com conta GIRO ",
              "timedOut": null,
              "duration": 24508,
              "state": "failed",
              "speed": null,
              "pass": false,
              "fail": true,
              "pending": false,
              "context": null,
              "code": "cy.get('#input-departure').click().type('São Paulo');\ncy.contains(' São Paulo (Todos) (SP) ').click();\ncy.get('#input-destination').click().type('Rio de Janeiro');\ncy.contains(' Rio de Janeiro (Todos) (RJ) ').click();\ncy.get('#input-date').click();\ncy.selecionarDataIda(1);\ncy.get('#search-button', {\n  timeout: 20000\n}).click();\ncy.selecionarPassagemAleatoria1({\n  timeout: 20000\n});\ncy.get('#buyer-check-1', {\n  timeout: 20000\n}).click({\n  force: true\n});\ncy.get('#btn-proceed').should('be.visible').and('not.be.disabled').click();\ncy.contains('Escolha o seu assento', {\n  timeout: 20000\n}).should('be.visible');\ncy.selecionarAssentoAleatorio({\n  timeout: 5000\n});\ncy.get('#btn-proceed', {\n  timeout: 5000\n}).should('be.visible').click();\ncy.url().should('include', '/pagamento');\ncy.wait(10000);\ncy.url().should('include', '/pagamento');\ncy.get('#tab-conta-giro').click();\ncy.get('[data-js=\"conditions-check\"]').click({\n  force: true\n});\ncy.get('.btn-register > [type=\"button\"]').should('be.visible').and('not.be.disabled').click();\n// cy.url().should('include', '/login-wallet')\n// cy.get('.pin-input-container > #input-password').type('613459')\n// cy.get(':nth-child(2) > .container > .row > .button-login').should('be.visible').and('not.be.disabled').click()\n// cy.get('#tab-conta-giro').click()\n// cy.contains('Pagamento Pendente').should('be.visible')\n// cy.get('[data-js=\"conditions-check\"]').click({ force: true })\n//  Não finalizar a compra para evitar transações reais\n// cy.get('#payment-submit').should('be.visible').and('not.be.disabled').click();",
              "err": {
                "message": "AssertionError: Timed out retrying after 10000ms: Expected to find content: ' São Paulo (Todos) (SP) ' but never did.",
                "estack": "AssertionError: Timed out retrying after 10000ms: Expected to find content: ' São Paulo (Todos) (SP) ' but never did.\n    at Context.eval (webpack://cypress-treino/./cypress/e2e/02_conta_giro/01_conta_giro.cy.js:22:7)",
                "diff": null
              },
              "uuid": "1fde46c2-8008-4484-a6a5-a4b13fff2426",
              "parentUUID": "b04f09e5-0e8b-4d48-8333-9096c6937e1c",
              "isHook": false,
              "skipped": false
            }
          ],
          "suites": [],
          "passes": [],
          "failures": [
            "1fde46c2-8008-4484-a6a5-a4b13fff2426"
          ],
          "pending": [],
          "skipped": [],
          "duration": 24508,
          "root": false,
          "rootEmpty": false,
          "_timeout": 2000
        }
      ],
      "passes": [],
      "failures": [],
      "pending": [],
      "skipped": [],
      "duration": 0,
      "root": true,
      "rootEmpty": true,
      "_timeout": 2000
    }
  ],
  "meta": {
    "mocha": {
      "version": "7.2.0"
    },
    "mochawesome": {
      "options": {
        "quiet": false,
        "reportFilename": "mochawesome",
        "saveHtml": false,
        "saveJson": true,
        "consoleReporter": "spec",
        "useInlineDiffs": false,
        "code": true
      },
      "version": "7.1.4"
    },
    "marge": {
      "options": {
        "reportDir": "cypress/reports",
        "overwrite": false,
        "html": false,
        "json": true,
        "timestamp": "mmddyyyy_HHMMss"
      },
      "version": "6.3.2"
    }
  }
}