{
  "stats": {
    "suites": 1,
    "tests": 1,
    "passes": 0,
    "pending": 0,
    "failures": 1,
    "start": "2026-04-17T10:31:30.390Z",
    "end": "2026-04-17T10:31:46.221Z",
    "duration": 15831,
    "testsRegistered": 1,
    "passPercent": 0,
    "pendingPercent": 0,
    "other": 0,
    "hasOther": false,
    "skipped": 0,
    "hasSkipped": false
  },
  "results": [
    {
      "uuid": "efd20782-7d72-4859-a69b-fa49b030f771",
      "title": "",
      "fullFile": "cypress\\e2e\\03_links_header\\04_nossos_destinos.cy.js",
      "file": "cypress\\e2e\\03_links_header\\04_nossos_destinos.cy.js",
      "beforeHooks": [],
      "afterHooks": [],
      "tests": [],
      "suites": [
        {
          "uuid": "f29da78a-9f4f-47af-8706-b6b1d0f52bec",
          "title": "Validar link de nossos destinos",
          "fullFile": "",
          "file": "",
          "beforeHooks": [],
          "afterHooks": [],
          "tests": [
            {
              "title": "Deve redirecionar para a página de nossos destinos",
              "fullTitle": "Validar link de nossos destinos Deve redirecionar para a página de nossos destinos",
              "timedOut": null,
              "duration": 15732,
              "state": "failed",
              "speed": null,
              "pass": false,
              "fail": true,
              "pending": false,
              "context": null,
              "code": "cy.get('.header-nav-container > :nth-child(1) > :nth-child(4)').click();\ncy.url().should('include', '/nossos-destinos');",
              "err": {
                "message": "AssertionError: Timed out retrying after 10000ms: expected 'https://www.viacaocometa.com.br/' to include '/nossos-destinos'",
                "estack": "AssertionError: Timed out retrying after 10000ms: expected 'https://www.viacaocometa.com.br/' to include '/nossos-destinos'\n    at Context.eval (webpack://cypress-treino/./cypress/e2e/03_links_header/04_nossos_destinos.cy.js:11:13)",
                "diff": null
              },
              "uuid": "1fc7a5db-980c-4ae0-bdf2-29592f0a78b1",
              "parentUUID": "f29da78a-9f4f-47af-8706-b6b1d0f52bec",
              "isHook": false,
              "skipped": false
            }
          ],
          "suites": [],
          "passes": [],
          "failures": [
            "1fc7a5db-980c-4ae0-bdf2-29592f0a78b1"
          ],
          "pending": [],
          "skipped": [],
          "duration": 15732,
          "root": false,
          "rootEmpty": false,
          "_timeout": 2000
        }
      ],
      "passes": [],
      "failures": [],
      "pending": [],
      "skipped": [],
      "duration": 0,
      "root": true,
      "rootEmpty": true,
      "_timeout": 2000
    }
  ],
  "meta": {
    "mocha": {
      "version": "7.2.0"
    },
    "mochawesome": {
      "options": {
        "quiet": false,
        "reportFilename": "mochawesome",
        "saveHtml": false,
        "saveJson": true,
        "consoleReporter": "spec",
        "useInlineDiffs": false,
        "code": true
      },
      "version": "7.1.4"
    },
    "marge": {
      "options": {
        "reportDir": "cypress/reports",
        "overwrite": false,
        "html": false,
        "json": true,
        "timestamp": "mmddyyyy_HHMMss"
      },
      "version": "6.3.2"
    }
  }
}