{
  "stats": {
    "suites": 1,
    "tests": 1,
    "passes": 1,
    "pending": 0,
    "failures": 0,
    "start": "2026-04-27T14:56:39.343Z",
    "end": "2026-04-27T14:56:57.354Z",
    "duration": 18011,
    "testsRegistered": 1,
    "passPercent": 100,
    "pendingPercent": 0,
    "other": 0,
    "hasOther": false,
    "skipped": 0,
    "hasSkipped": false
  },
  "results": [
    {
      "uuid": "646140c3-99b0-4229-87ee-8c29ec2cd301",
      "title": "",
      "fullFile": "cypress/e2e/06_cards_duvidas_frequentes/04_bagagens.cy.js",
      "file": "cypress/e2e/06_cards_duvidas_frequentes/04_bagagens.cy.js",
      "beforeHooks": [],
      "afterHooks": [],
      "tests": [],
      "suites": [
        {
          "uuid": "2aaf871d-9768-448c-9c8b-28851bead002",
          "title": "Validar Cards - dúvidas frequentes",
          "fullFile": "",
          "file": "",
          "beforeHooks": [],
          "afterHooks": [],
          "tests": [
            {
              "title": "Deve validar Cards - bagagem",
              "fullTitle": "Validar Cards - dúvidas frequentes Deve validar Cards - bagagem",
              "timedOut": null,
              "duration": 17960,
              "state": "passed",
              "speed": "slow",
              "pass": true,
              "fail": false,
              "pending": false,
              "context": null,
              "code": "cy.get(':nth-child(6) > .custom-padding > .container > :nth-child(1) > .aem-Grid > .image > .cmp-image > #cmp-image-link > .cmp-image__image').click();\n// cy.url().should('include', '/bagagem')",
              "err": {},
              "uuid": "52dd0a5f-9f2a-4e2c-bbba-5cffe34753e5",
              "parentUUID": "2aaf871d-9768-448c-9c8b-28851bead002",
              "isHook": false,
              "skipped": false
            }
          ],
          "suites": [],
          "passes": [
            "52dd0a5f-9f2a-4e2c-bbba-5cffe34753e5"
          ],
          "failures": [],
          "pending": [],
          "skipped": [],
          "duration": 17960,
          "root": false,
          "rootEmpty": false,
          "_timeout": 2000
        }
      ],
      "passes": [],
      "failures": [],
      "pending": [],
      "skipped": [],
      "duration": 0,
      "root": true,
      "rootEmpty": true,
      "_timeout": 2000
    }
  ],
  "meta": {
    "mocha": {
      "version": "7.2.0"
    },
    "mochawesome": {
      "options": {
        "quiet": false,
        "reportFilename": "mochawesome",
        "saveHtml": true,
        "saveJson": true,
        "consoleReporter": "spec",
        "useInlineDiffs": false,
        "code": true
      },
      "version": "7.1.4"
    },
    "marge": {
      "options": {
        "reportDir": "cypress/reports",
        "overwrite": false,
        "html": true,
        "json": true,
        "embeddedScreenshots": true,
        "inlineAssets": true
      },
      "version": "6.3.2"
    }
  }
}