{
  "stats": {
    "suites": 1,
    "tests": 1,
    "passes": 1,
    "pending": 0,
    "failures": 0,
    "start": "2026-04-27T14:55:59.715Z",
    "end": "2026-04-27T14:56:18.515Z",
    "duration": 18800,
    "testsRegistered": 1,
    "passPercent": 100,
    "pendingPercent": 0,
    "other": 0,
    "hasOther": false,
    "skipped": 0,
    "hasSkipped": false
  },
  "results": [
    {
      "uuid": "1afcb083-1aa6-4824-b24f-705aac0bae34",
      "title": "",
      "fullFile": "cypress/e2e/06_cards_duvidas_frequentes/02_remarcacao.cy.js",
      "file": "cypress/e2e/06_cards_duvidas_frequentes/02_remarcacao.cy.js",
      "beforeHooks": [],
      "afterHooks": [],
      "tests": [],
      "suites": [
        {
          "uuid": "4e89f64f-f947-42a3-9169-716669289460",
          "title": "Validar Cards - dúvidas frequentes",
          "fullFile": "",
          "file": "",
          "beforeHooks": [],
          "afterHooks": [],
          "tests": [
            {
              "title": "Deve validar Cards - remarcação",
              "fullTitle": "Validar Cards - dúvidas frequentes Deve validar Cards - remarcação",
              "timedOut": null,
              "duration": 18696,
              "state": "passed",
              "speed": "slow",
              "pass": true,
              "fail": false,
              "pending": false,
              "context": null,
              "code": "cy.get(':nth-child(4) > .custom-padding > .container > :nth-child(1) > .aem-Grid > .image > .cmp-image > #cmp-image-link > .cmp-image__image').click();\ncy.url().should('include', '/remarcacao');",
              "err": {},
              "uuid": "a9bd61ab-cb01-4555-9086-96c536ef0d07",
              "parentUUID": "4e89f64f-f947-42a3-9169-716669289460",
              "isHook": false,
              "skipped": false
            }
          ],
          "suites": [],
          "passes": [
            "a9bd61ab-cb01-4555-9086-96c536ef0d07"
          ],
          "failures": [],
          "pending": [],
          "skipped": [],
          "duration": 18696,
          "root": false,
          "rootEmpty": false,
          "_timeout": 2000
        }
      ],
      "passes": [],
      "failures": [],
      "pending": [],
      "skipped": [],
      "duration": 0,
      "root": true,
      "rootEmpty": true,
      "_timeout": 2000
    }
  ],
  "meta": {
    "mocha": {
      "version": "7.2.0"
    },
    "mochawesome": {
      "options": {
        "quiet": false,
        "reportFilename": "mochawesome",
        "saveHtml": true,
        "saveJson": true,
        "consoleReporter": "spec",
        "useInlineDiffs": false,
        "code": true
      },
      "version": "7.1.4"
    },
    "marge": {
      "options": {
        "reportDir": "cypress/reports",
        "overwrite": false,
        "html": true,
        "json": true,
        "embeddedScreenshots": true,
        "inlineAssets": true
      },
      "version": "6.3.2"
    }
  }
}