{
  "stats": {
    "suites": 1,
    "tests": 1,
    "passes": 1,
    "pending": 0,
    "failures": 0,
    "start": "2026-04-27T18:45:21.928Z",
    "end": "2026-04-27T18:45:39.982Z",
    "duration": 18054,
    "testsRegistered": 1,
    "passPercent": 100,
    "pendingPercent": 0,
    "other": 0,
    "hasOther": false,
    "skipped": 0,
    "hasSkipped": false
  },
  "results": [
    {
      "uuid": "2217cf86-0952-47af-9e82-de8f665cf0a4",
      "title": "",
      "fullFile": "cypress/e2e/03_links_header/04_nossos_destinos.cy.js",
      "file": "cypress/e2e/03_links_header/04_nossos_destinos.cy.js",
      "beforeHooks": [],
      "afterHooks": [],
      "tests": [],
      "suites": [
        {
          "uuid": "4373c3e4-57dc-4a13-88fd-1867b7c7182c",
          "title": "Validar link de nossos destinos",
          "fullFile": "",
          "file": "",
          "beforeHooks": [],
          "afterHooks": [],
          "tests": [
            {
              "title": "Deve redirecionar para a página de nossos destinos",
              "fullTitle": "Validar link de nossos destinos Deve redirecionar para a página de nossos destinos",
              "timedOut": null,
              "duration": 17988,
              "state": "passed",
              "speed": "slow",
              "pass": true,
              "fail": false,
              "pending": false,
              "context": null,
              "code": "cy.get('.header-nav-container > :nth-child(1) > :nth-child(4) > .focusable').click();\ncy.url().should('include', '/nossos-destinos');",
              "err": {},
              "uuid": "f3588510-33fe-4fc3-93fb-a68e8b1826d7",
              "parentUUID": "4373c3e4-57dc-4a13-88fd-1867b7c7182c",
              "isHook": false,
              "skipped": false
            }
          ],
          "suites": [],
          "passes": [
            "f3588510-33fe-4fc3-93fb-a68e8b1826d7"
          ],
          "failures": [],
          "pending": [],
          "skipped": [],
          "duration": 17988,
          "root": false,
          "rootEmpty": false,
          "_timeout": 2000
        }
      ],
      "passes": [],
      "failures": [],
      "pending": [],
      "skipped": [],
      "duration": 0,
      "root": true,
      "rootEmpty": true,
      "_timeout": 2000
    }
  ],
  "meta": {
    "mocha": {
      "version": "7.2.0"
    },
    "mochawesome": {
      "options": {
        "quiet": false,
        "reportFilename": "mochawesome",
        "saveHtml": true,
        "saveJson": true,
        "consoleReporter": "spec",
        "useInlineDiffs": false,
        "code": true
      },
      "version": "7.1.4"
    },
    "marge": {
      "options": {
        "reportDir": "cypress/reports/.jsons",
        "overwrite": false,
        "html": true,
        "json": true,
        "embeddedScreenshots": true,
        "inlineAssets": true
      },
      "version": "6.3.2"
    }
  }
}