{
  "stats": {
    "suites": 1,
    "tests": 5,
    "passes": 5,
    "pending": 0,
    "failures": 0,
    "start": "2026-04-27T18:43:08.392Z",
    "end": "2026-04-27T18:44:43.497Z",
    "duration": 95105,
    "testsRegistered": 5,
    "passPercent": 100,
    "pendingPercent": 0,
    "other": 0,
    "hasOther": false,
    "skipped": 0,
    "hasSkipped": false
  },
  "results": [
    {
      "uuid": "a733e647-8c6a-4b00-8efa-72da0f9a2ea5",
      "title": "",
      "fullFile": "cypress/e2e/03_links_header/01_Informacoes_viagens.cy.js",
      "file": "cypress/e2e/03_links_header/01_Informacoes_viagens.cy.js",
      "beforeHooks": [],
      "afterHooks": [],
      "tests": [],
      "suites": [
        {
          "uuid": "8ce6f775-4f25-454f-b61f-dfbb3f045ed3",
          "title": "Validar link informações de viagens",
          "fullFile": "",
          "file": "",
          "beforeHooks": [],
          "afterHooks": [],
          "tests": [
            {
              "title": "Validar link informações de Viagem - Bagagem",
              "fullTitle": "Validar link informações de viagens Validar link informações de Viagem - Bagagem",
              "timedOut": null,
              "duration": 31609,
              "state": "passed",
              "speed": "slow",
              "pass": true,
              "fail": false,
              "pending": false,
              "context": null,
              "code": "cy.get('.header-nav-container > :nth-child(1) > :nth-child(1) > .focusable').click();\ncy.url().should('include', 'informacao-para-sua-viagem');\ncy.get('.aem-Grid--12 > :nth-child(4) > .custom-padding > .container > :nth-child(1) > .aem-Grid > .image > .cmp-image > #cmp-image-link > .cmp-image__image').click();\ncy.get('#bagagemdemao > p').should('contain', 'Bagagem de mão');\ncy.scrollTo('top', {\n  timeout: 1000\n});\ncy.get('[href=\"#bagagemdespachada\"] > .btn-title').click();\ncy.get('#bagagemdespachada > [style=\"text-align: left;\"]').should('contain', 'Bagagem despachada no bagageiro');\ncy.scrollTo('top', {\n  timeout: 1000\n});\ncy.get('[href=\"#bagagemproibida\"]').click();\ncy.get('#bagagemproibida > p').should('contain', 'Bagagem proibida');\ncy.scrollTo('top', {\n  timeout: 1000\n});\ncy.get('[href=\"#bagagensespeciaiseesportivas\"] > .btn-title').click();\ncy.get('#bagagensespeciaiseesportivas > p').should('contain', 'Bagagens especiais e esportivas');\ncy.scrollTo('top', {\n  timeout: 1000\n});\ncy.get('[href=\"#bagagensextraviadas\"] > .btn-title').click();\ncy.get('#bagagensextraviadas > p').should('contain', 'Bagagens extraviadas ou danificadas');\ncy.scrollTo('top', {\n  timeout: 1000\n});\ncy.get('[href=\"#objetosesquecidos\"] > .btn-title').click();\ncy.get('#objetosesquecidos > p').should('contain', 'Objetos esquecidos no interior do veículo');\ncy.scrollTo('top');\ncy.get('[href=\"#cobranca\"] > .btn-title').click();\ncy.get('#cobranca > p').should('contain', 'Cobrança por excesso de bagagem');",
              "err": {},
              "uuid": "3060a0eb-4841-4063-8dba-ac2ff210afd7",
              "parentUUID": "8ce6f775-4f25-454f-b61f-dfbb3f045ed3",
              "isHook": false,
              "skipped": false
            },
            {
              "title": "Validar link informações de Viagem - Informações para embarque",
              "fullTitle": "Validar link informações de viagens Validar link informações de Viagem - Informações para embarque",
              "timedOut": null,
              "duration": 17833,
              "state": "passed",
              "speed": "slow",
              "pass": true,
              "fail": false,
              "pending": false,
              "context": null,
              "code": "cy.get('.header-nav-container > :nth-child(1) > :nth-child(1) > .focusable').click();\ncy.url().should('include', 'informacao-para-sua-viagem');\ncy.get('.aem-Grid--12 > :nth-child(5) > .custom-padding > .container > :nth-child(1) > .aem-Grid > .image > .cmp-image > #cmp-image-link > .cmp-image__image').click();\ncy.get('[href=\"#documentacaoparaembarque\"] > .btn-title').click();\ncy.get('#documentacaoparaembarque > p').should('contain', 'Documentação para embarque');\ncy.scrollTo('top', {\n  timeout: 1000\n});\ncy.get('[href=\"#embarqueparamenores\"] > .btn-title').click();\ncy.get('#embarqueparamenores > p').should('contain', 'Embarque para Menores');\ncy.scrollTo('top', {\n  timeout: 1000\n});\ncy.get('[href=\"#horariodeembarque\"]').click();\ncy.get('#horariodeembarque > p').should('contain', 'Horário de embarque');\ncy.scrollTo('top', {\n  timeout: 1000\n});\ncy.get('[href=\"#transportedeanimais\"]').click();\ncy.get('#transportedeanimais > p').should('contain', 'Transporte de Animais');\ncy.scrollTo('top', {\n  timeout: 1000\n});\ncy.get('[href=\"#segurofacultativo\"]').click();\ncy.get('#segurofacultativo > p').should('contain', 'Seguro Facultativo');\ncy.scrollTo('top', {\n  timeout: 1000\n});\ncy.get('[href=\"#alteracoesdehorario\"]').click();\ncy.get('#alteracoesdehorario > p').should('contain', 'Alterações de Horários e Frequências');\ncy.scrollTo('top', {\n  timeout: 1000\n});",
              "err": {},
              "uuid": "314e3ac2-9be7-41db-a74e-77645296661f",
              "parentUUID": "8ce6f775-4f25-454f-b61f-dfbb3f045ed3",
              "isHook": false,
              "skipped": false
            },
            {
              "title": "Validar link informações de Viagem - Compra, remarcação e reembolso",
              "fullTitle": "Validar link informações de viagens Validar link informações de Viagem - Compra, remarcação e reembolso",
              "timedOut": null,
              "duration": 15862,
              "state": "passed",
              "speed": "slow",
              "pass": true,
              "fail": false,
              "pending": false,
              "context": null,
              "code": "cy.get('.header-nav-container > :nth-child(1) > :nth-child(1) > .focusable').click();\ncy.url().should('include', 'informacao-para-sua-viagem');\ncy.get('[style=\"padding: 0rem 2rem 2rem 2rem \"] > :nth-child(1) > .aem-Grid--12 > :nth-child(1) > .custom-padding > .container > :nth-child(1) > .aem-Grid > .image > .cmp-image > #cmp-image-link > .cmp-image__image').click();\ncy.get('[href=\"#formasdepagamento\"]').click();\ncy.get('#formasdepagamento > p').should('contain', 'Formas de Pagamento');\ncy.scrollTo('top', {\n  timeout: 1000\n});\ncy.get('[href=\"#remarcacaoetroca\"]').click();\ncy.get('#remarcacaoetroca > p').should('contain', 'Remarcação e Troca');\ncy.scrollTo('top', {\n  timeout: 1000\n});\ncy.get('[href=\"#cancelamentoereembolso\"]').click();\ncy.get('#cancelamentoereembolso > p').should('contain', 'Cancelamento e Reembolso');\ncy.scrollTo('top', {\n  timeout: 1000\n});\ncy.get('[href=\"#reacomodacao\"]').click();\ncy.get('#reacomodacao > p').should('contain', 'Reacomodações');\ncy.scrollTo('top', {\n  timeout: 1000\n});\ncy.get('[href=\"#taxas\"]').click();\ncy.get('#taxas > p').should('contain', 'Taxas de serviços');\ncy.scrollTo('top', {\n  timeout: 1000\n});",
              "err": {},
              "uuid": "2604f0d2-009d-4b6b-866a-90f47784005d",
              "parentUUID": "8ce6f775-4f25-454f-b61f-dfbb3f045ed3",
              "isHook": false,
              "skipped": false
            },
            {
              "title": "Validar link informações de Viagem - Nossos serviços",
              "fullTitle": "Validar link informações de viagens Validar link informações de Viagem - Nossos serviços",
              "timedOut": null,
              "duration": 15257,
              "state": "passed",
              "speed": "slow",
              "pass": true,
              "fail": false,
              "pending": false,
              "context": null,
              "code": "cy.get('.header-nav-container > :nth-child(1) > :nth-child(1) > .focusable').click();\ncy.url().should('include', 'informacao-para-sua-viagem');\ncy.get(':nth-child(2) > .custom-padding > .container > :nth-child(1) > .aem-Grid > .image > .cmp-image > #cmp-image-link > .cmp-image__image').click();\ncy.get('[href=\"#nossosonibus\"]').click();\ncy.get('#nossosonibus > p').should('contain', 'Conheça Nossos Ônibus');\ncy.scrollTo('top', {\n  timeout: 1000\n});\ncy.get('[href=\"#salasvips\"]').click();\ncy.get('#salasvips > p').should('contain', 'SALAS VIPS');\ncy.scrollTo('top', {\n  timeout: 1000\n});\ncy.get('[href=\"#salasnets\"]').click();\ncy.get('[style=\"margin: auto auto auto auto \"] > [style=\"padding: 2rem 2rem 2rem 2rem \"] > :nth-child(1) > .aem-Grid--phone--12 > :nth-child(1) > #salasnets > p').should('contain', 'SALAS NETS');\ncy.scrollTo('top', {\n  timeout: 1000\n});\ncy.get('[href=\"#clubegiro\"]').click();\ncy.get('#clubegiro > [style=\"padding: 2rem 2rem 2rem 2rem \"] > :nth-child(1) > .aem-Grid--phone--12 > :nth-child(1) > #salasnets > p').should('contain', 'CLUBE GIRO');",
              "err": {},
              "uuid": "4bfe88e7-804c-4275-a96c-3da7246079e3",
              "parentUUID": "8ce6f775-4f25-454f-b61f-dfbb3f045ed3",
              "isHook": false,
              "skipped": false
            },
            {
              "title": "Validar link informações de Viagem - Descontos e Gratuidades",
              "fullTitle": "Validar link informações de viagens Validar link informações de Viagem - Descontos e Gratuidades",
              "timedOut": null,
              "duration": 14206,
              "state": "passed",
              "speed": "slow",
              "pass": true,
              "fail": false,
              "pending": false,
              "context": null,
              "code": "cy.get('.header-nav-container > :nth-child(1) > :nth-child(1) > .focusable').click();\ncy.url().should('include', 'informacao-para-sua-viagem');\ncy.get(':nth-child(4) > :nth-child(2) > :nth-child(2) > :nth-child(1) > .aem-Grid--12 > .cmp > .custom-padding > .container > :nth-child(1) > .aem-Grid > .image > .cmp-image > #cmp-image-link > .cmp-image__image').click();\ncy.get('[href=\"#estudante\"]').click();\ncy.get('#estudante > p').should('contain', 'Estudante e Professor');\ncy.scrollTo('top', {\n  timeout: 1000\n});\ncy.get('[href=\"#PCD\"]').click();\ncy.get('#PCD > p').should('contain', 'Pessoa com deficiência');\ncy.scrollTo('top', {\n  timeout: 1000\n});\ncy.get('[href=\"#idoso\"]').click();\ncy.get('#idoso > p').should('contain', 'Idoso');\ncy.scrollTo('top', {\n  timeout: 1000\n});\ncy.get('[href=\"#IDJovem\"]').click();\ncy.get('#IDJovem > p').should('contain', 'ID Jovem');",
              "err": {},
              "uuid": "e2dc2cb5-2165-427c-9ec1-ab8271b01204",
              "parentUUID": "8ce6f775-4f25-454f-b61f-dfbb3f045ed3",
              "isHook": false,
              "skipped": false
            }
          ],
          "suites": [],
          "passes": [
            "3060a0eb-4841-4063-8dba-ac2ff210afd7",
            "314e3ac2-9be7-41db-a74e-77645296661f",
            "2604f0d2-009d-4b6b-866a-90f47784005d",
            "4bfe88e7-804c-4275-a96c-3da7246079e3",
            "e2dc2cb5-2165-427c-9ec1-ab8271b01204"
          ],
          "failures": [],
          "pending": [],
          "skipped": [],
          "duration": 94767,
          "root": false,
          "rootEmpty": false,
          "_timeout": 2000
        }
      ],
      "passes": [],
      "failures": [],
      "pending": [],
      "skipped": [],
      "duration": 0,
      "root": true,
      "rootEmpty": true,
      "_timeout": 2000
    }
  ],
  "meta": {
    "mocha": {
      "version": "7.2.0"
    },
    "mochawesome": {
      "options": {
        "quiet": false,
        "reportFilename": "mochawesome",
        "saveHtml": true,
        "saveJson": true,
        "consoleReporter": "spec",
        "useInlineDiffs": false,
        "code": true
      },
      "version": "7.1.4"
    },
    "marge": {
      "options": {
        "reportDir": "cypress/reports/.jsons",
        "overwrite": false,
        "html": true,
        "json": true,
        "embeddedScreenshots": true,
        "inlineAssets": true
      },
      "version": "6.3.2"
    }
  }
}