{
  "stats": {
    "suites": 1,
    "tests": 1,
    "passes": 1,
    "pending": 0,
    "failures": 0,
    "start": "2026-04-27T19:01:43.532Z",
    "end": "2026-04-27T19:02:49.503Z",
    "duration": 65971,
    "testsRegistered": 1,
    "passPercent": 100,
    "pendingPercent": 0,
    "other": 0,
    "hasOther": false,
    "skipped": 0,
    "hasSkipped": false
  },
  "results": [
    {
      "uuid": "1b09ee30-509e-464e-8425-54de1485ded9",
      "title": "",
      "fullFile": "cypress/e2e/02_conta_giro/01_conta_giro.cy.js",
      "file": "cypress/e2e/02_conta_giro/01_conta_giro.cy.js",
      "beforeHooks": [],
      "afterHooks": [],
      "tests": [],
      "suites": [
        {
          "uuid": "fe0a8668-deea-4b33-aaf3-be9773678584",
          "title": "Conta GIRO",
          "fullFile": "",
          "file": "",
          "beforeHooks": [],
          "afterHooks": [],
          "tests": [
            {
              "title": "Fazer compra de passagem com conta GIRO ",
              "fullTitle": "Conta GIRO Fazer compra de passagem com conta GIRO ",
              "timedOut": null,
              "duration": 65898,
              "state": "passed",
              "speed": "slow",
              "pass": true,
              "fail": false,
              "pending": false,
              "context": null,
              "code": "cy.get('#input-departure').click().type('São Paulo (Todos) (SP)', {\n  delay: 100\n}).should('exist').invoke('show');\ncy.contains(' São Paulo (Todos) (SP) ').click({\n  force: true\n});\ncy.get('#input-destination').click().type('Rio de Janeiro (Todos) (RJ)', {\n  delay: 100\n}).should('exist').invoke('show');\ncy.contains(' Rio de Janeiro (Todos) (RJ) ').click({\n  force: true\n});\ncy.get('#input-date').click();\ncy.selecionarDataIda(2);\ncy.get('#search-button', {\n  timeout: 90000\n}).should('be.visible').click();\ncy.wait(5000);\ncy.selecionarPassagemAleatoria1({\n  timeout: 90000\n});\ncy.wait(2000);\ncy.get('#buyer-check-1', {\n  timeout: 90000\n}).click({\n  force: true\n});\ncy.get('#btn-proceed').should('be.visible').and('not.be.disabled').click();\ncy.wait(5000);\ncy.contains('Escolha o seu assento', {\n  timeout: 90000\n}).should('be.visible');\ncy.selecionarAssentoAleatorio({\n  timeout: 90000\n});\ncy.get('#btn-proceed', {\n  timeout: 90000\n}).should('be.visible').click();\n// cy.url().should('include', '/pagamento')\n// cy.wait(10000);\n// cy.url().should('include', '/pagamento')\n// cy.get('#tab-conta-giro').click()\n// cy.get('[data-js=\"conditions-check\"]').click({ force: true })\n// cy.get('.btn-register > [type=\"button\"]').should('be.visible').and('not.be.disabled').click()\n// cy.url().should('include', '/login-wallet')\n// cy.get('.pin-input-container > #input-password').type('613459')\n// cy.get(':nth-child(2) > .container > .row > .button-login').should('be.visible').and('not.be.disabled').click()\n// cy.get('#tab-conta-giro').click()\n// cy.contains('Pagamento Pendente').should('be.visible')\n// cy.get('[data-js=\"conditions-check\"]').click({ force: true })\n//  Não finalizar a compra para evitar transações reais\n// cy.get('#payment-submit').should('be.visible').and('not.be.disabled').click();",
              "err": {},
              "uuid": "683da6e0-76f7-40c7-b4b4-68aaf3fbedf4",
              "parentUUID": "fe0a8668-deea-4b33-aaf3-be9773678584",
              "isHook": false,
              "skipped": false
            }
          ],
          "suites": [],
          "passes": [
            "683da6e0-76f7-40c7-b4b4-68aaf3fbedf4"
          ],
          "failures": [],
          "pending": [],
          "skipped": [],
          "duration": 65898,
          "root": false,
          "rootEmpty": false,
          "_timeout": 2000
        }
      ],
      "passes": [],
      "failures": [],
      "pending": [],
      "skipped": [],
      "duration": 0,
      "root": true,
      "rootEmpty": true,
      "_timeout": 2000
    }
  ],
  "meta": {
    "mocha": {
      "version": "7.2.0"
    },
    "mochawesome": {
      "options": {
        "quiet": false,
        "reportFilename": "mochawesome",
        "saveHtml": false,
        "saveJson": true,
        "consoleReporter": "spec",
        "useInlineDiffs": false,
        "code": true
      },
      "version": "7.1.4"
    },
    "marge": {
      "options": {
        "reportDir": "cypress/reports/.jsons",
        "overwrite": false,
        "html": false,
        "json": true,
        "embeddedScreenshots": true,
        "inlineAssets": true
      },
      "version": "6.3.2"
    }
  }
}