{
  "stats": {
    "suites": 1,
    "tests": 4,
    "passes": 4,
    "pending": 0,
    "failures": 0,
    "start": "2026-04-27T18:49:45.133Z",
    "end": "2026-04-27T18:51:07.199Z",
    "duration": 82066,
    "testsRegistered": 4,
    "passPercent": 100,
    "pendingPercent": 0,
    "other": 0,
    "hasOther": false,
    "skipped": 0,
    "hasSkipped": false
  },
  "results": [
    {
      "uuid": "fa4caff4-bd55-4f7f-bcdd-f00f6c8d8499",
      "title": "",
      "fullFile": "cypress/e2e/01_autenticacao/01_login.cy.js",
      "file": "cypress/e2e/01_autenticacao/01_login.cy.js",
      "beforeHooks": [],
      "afterHooks": [],
      "tests": [],
      "suites": [
        {
          "uuid": "876658c0-c137-4f1c-9fbe-8329415b6034",
          "title": "Login",
          "fullFile": "",
          "file": "",
          "beforeHooks": [],
          "afterHooks": [],
          "tests": [
            {
              "title": "Deve fazer login com sucesso",
              "fullTitle": "Login Deve fazer login com sucesso",
              "timedOut": null,
              "duration": 19151,
              "state": "passed",
              "speed": "slow",
              "pass": true,
              "fail": false,
              "pending": false,
              "context": null,
              "code": "cy.get('.logged-message').should('be.visible');",
              "err": {},
              "uuid": "c329e8a7-847d-4985-8d37-54bbf23ab7dd",
              "parentUUID": "876658c0-c137-4f1c-9fbe-8329415b6034",
              "isHook": false,
              "skipped": false
            },
            {
              "title": "Deve preencher endereço do perfil",
              "fullTitle": "Login Deve preencher endereço do perfil",
              "timedOut": null,
              "duration": 24170,
              "state": "passed",
              "speed": "slow",
              "pass": true,
              "fail": false,
              "pending": false,
              "context": null,
              "code": "cy.get('.logged-message').click();\ncy.get('a[data-pagetype=\"edit-profile-page\"]:visible').click();\ncy.get('.title-address-info > p').should('contain', 'Informações opcionais');\n// cy.get('#input-zipcode').clear().type('06455020')\n// cy.get('#input-address').clear().type(faker.location.streetAddress())\n// cy.get('#input-number').clear().type(faker.number.int({ min: 1, max: 1000 }))\n// cy.get('#input-city').clear().type(faker.location.city())\n// cy.get('#button-register').click({ force: true })\n// cy.get(':nth-child(3) > .xf-content-height > :nth-child(1) > .confirmation-alert > .container-confirmation > .message-confirmation-container > .content-message-confirmation > .confirmation-alert-body-par > .aem-Grid > :nth-child(1) > .cmp-text > p').should('contain', 'Tudo certo!')",
              "err": {},
              "uuid": "c12fac14-4a6b-4bdd-afda-c9db740b32cb",
              "parentUUID": "876658c0-c137-4f1c-9fbe-8329415b6034",
              "isHook": false,
              "skipped": false
            },
            {
              "title": "Minhas Viagens - Validar mensagem: Não encontramos nenhuma viagem futura em sua conta.",
              "fullTitle": "Login Minhas Viagens - Validar mensagem: Não encontramos nenhuma viagem futura em sua conta.",
              "timedOut": null,
              "duration": 19964,
              "state": "passed",
              "speed": "slow",
              "pass": true,
              "fail": false,
              "pending": false,
              "context": null,
              "code": "cy.get('.logged-message').click();\ncy.get('a[href=\"https://www.viacaocometa.com.br/minhas-compras\"]:visible').click();\ncy.get('.next-trips > :nth-child(1) > :nth-child(1) > .account-info > p').should('contain', 'Não encontramos nenhuma viagem futura em sua conta.');",
              "err": {},
              "uuid": "53dd18e0-a05f-460e-b480-48579a8a2d2c",
              "parentUUID": "876658c0-c137-4f1c-9fbe-8329415b6034",
              "isHook": false,
              "skipped": false
            },
            {
              "title": "Minhas Viagens - Validar mensagem: Não encontramos nenhuma viagem passada em sua conta.",
              "fullTitle": "Login Minhas Viagens - Validar mensagem: Não encontramos nenhuma viagem passada em sua conta.",
              "timedOut": null,
              "duration": 18515,
              "state": "passed",
              "speed": "slow",
              "pass": true,
              "fail": false,
              "pending": false,
              "context": null,
              "code": "cy.get('.logged-message').click();\ncy.get('a[href=\"https://www.viacaocometa.com.br/minhas-compras\"]:visible').click();\ncy.get('#button-tab-trip-edit > .cmp-text > p > [style=\"color: rgb(255,0,150);\"]').click();\ncy.get('.previous-trips > .row > :nth-child(1) > .account-info > p').should('contain', 'Não encontramos nenhuma viagem passada em sua conta.');",
              "err": {},
              "uuid": "a5468e73-2ea5-4445-8cff-8bed4b97690d",
              "parentUUID": "876658c0-c137-4f1c-9fbe-8329415b6034",
              "isHook": false,
              "skipped": false
            }
          ],
          "suites": [],
          "passes": [
            "c329e8a7-847d-4985-8d37-54bbf23ab7dd",
            "c12fac14-4a6b-4bdd-afda-c9db740b32cb",
            "53dd18e0-a05f-460e-b480-48579a8a2d2c",
            "a5468e73-2ea5-4445-8cff-8bed4b97690d"
          ],
          "failures": [],
          "pending": [],
          "skipped": [],
          "duration": 81800,
          "root": false,
          "rootEmpty": false,
          "_timeout": 2000
        }
      ],
      "passes": [],
      "failures": [],
      "pending": [],
      "skipped": [],
      "duration": 0,
      "root": true,
      "rootEmpty": true,
      "_timeout": 2000
    }
  ],
  "meta": {
    "mocha": {
      "version": "7.2.0"
    },
    "mochawesome": {
      "options": {
        "quiet": false,
        "reportFilename": "mochawesome",
        "saveHtml": true,
        "saveJson": true,
        "consoleReporter": "spec",
        "useInlineDiffs": false,
        "code": true
      },
      "version": "7.1.4"
    },
    "marge": {
      "options": {
        "reportDir": "cypress/reports/.jsons",
        "overwrite": false,
        "html": true,
        "json": true,
        "embeddedScreenshots": true,
        "inlineAssets": true
      },
      "version": "6.3.2"
    }
  }
}