{
  "stats": {
    "suites": 1,
    "tests": 1,
    "passes": 1,
    "pending": 0,
    "failures": 0,
    "start": "2026-04-27T20:04:29.613Z",
    "end": "2026-04-27T20:04:44.142Z",
    "duration": 14529,
    "testsRegistered": 1,
    "passPercent": 100,
    "pendingPercent": 0,
    "other": 0,
    "hasOther": false,
    "skipped": 0,
    "hasSkipped": false
  },
  "results": [
    {
      "uuid": "2d40ebb6-9312-47f5-ab99-8611e3aed88b",
      "title": "",
      "fullFile": "cypress/e2e/03_links_header/05_pontos_de_venda.cy.js",
      "file": "cypress/e2e/03_links_header/05_pontos_de_venda.cy.js",
      "beforeHooks": [],
      "afterHooks": [],
      "tests": [],
      "suites": [
        {
          "uuid": "b3c2351b-f237-4ba5-bb2c-e955354c15cd",
          "title": "Validar link de pontos de venda",
          "fullFile": "",
          "file": "",
          "beforeHooks": [],
          "afterHooks": [],
          "tests": [
            {
              "title": "Deve redirecionar para a página de pontos de venda",
              "fullTitle": "Validar link de pontos de venda Deve redirecionar para a página de pontos de venda",
              "timedOut": null,
              "duration": 14475,
              "state": "passed",
              "speed": "slow",
              "pass": true,
              "fail": false,
              "pending": false,
              "context": null,
              "code": "cy.get('.header-nav-container > :nth-child(1) > :nth-child(5) > .focusable').click();\ncy.url().should('include', '/pontos-de-venda');",
              "err": {},
              "uuid": "e5462c59-3a25-41df-9624-a92071059854",
              "parentUUID": "b3c2351b-f237-4ba5-bb2c-e955354c15cd",
              "isHook": false,
              "skipped": false
            }
          ],
          "suites": [],
          "passes": [
            "e5462c59-3a25-41df-9624-a92071059854"
          ],
          "failures": [],
          "pending": [],
          "skipped": [],
          "duration": 14475,
          "root": false,
          "rootEmpty": false,
          "_timeout": 2000
        }
      ],
      "passes": [],
      "failures": [],
      "pending": [],
      "skipped": [],
      "duration": 0,
      "root": true,
      "rootEmpty": true,
      "_timeout": 2000
    }
  ],
  "meta": {
    "mocha": {
      "version": "7.2.0"
    },
    "mochawesome": {
      "options": {
        "quiet": false,
        "reportFilename": "mochawesome",
        "saveHtml": true,
        "saveJson": true,
        "consoleReporter": "spec",
        "useInlineDiffs": false,
        "code": true
      },
      "version": "7.1.4"
    },
    "marge": {
      "options": {
        "reportDir": "cypress/reports/",
        "overwrite": false,
        "html": true,
        "json": true,
        "embeddedScreenshots": true,
        "inlineAssets": true
      },
      "version": "6.3.2"
    }
  }
}