{
  "stats": {
    "suites": 1,
    "tests": 1,
    "passes": 1,
    "pending": 0,
    "failures": 0,
    "start": "2026-04-27T17:45:23.927Z",
    "end": "2026-04-27T17:45:35.153Z",
    "duration": 11226,
    "testsRegistered": 1,
    "passPercent": 100,
    "pendingPercent": 0,
    "other": 0,
    "hasOther": false,
    "skipped": 0,
    "hasSkipped": false
  },
  "results": [
    {
      "uuid": "3c34db81-3d01-4b0b-b96d-705b0e613f4d",
      "title": "",
      "fullFile": "cypress/e2e/03_links_header/03_gratuidade.cy.js",
      "file": "cypress/e2e/03_links_header/03_gratuidade.cy.js",
      "beforeHooks": [],
      "afterHooks": [],
      "tests": [],
      "suites": [
        {
          "uuid": "f8171b63-7f2c-4e0e-94cf-c0ef518a4f04",
          "title": "Validar link de gratuidade",
          "fullFile": "",
          "file": "",
          "beforeHooks": [],
          "afterHooks": [],
          "tests": [
            {
              "title": "Deve redirecionar para a página de gratuidade",
              "fullTitle": "Validar link de gratuidade Deve redirecionar para a página de gratuidade",
              "timedOut": null,
              "duration": 11177,
              "state": "passed",
              "speed": "slow",
              "pass": true,
              "fail": false,
              "pending": false,
              "context": null,
              "code": "// cy.get('.header-nav-container > :nth-child(1) > :nth-child(3) > .focusable').invoke('removeAttr', 'target').click();\n// cy.url().should('include', 'https://vendas.jcaholding.com.br/'); //erro",
              "err": {},
              "uuid": "d7900de0-1421-461e-9c88-4dcf23f915a4",
              "parentUUID": "f8171b63-7f2c-4e0e-94cf-c0ef518a4f04",
              "isHook": false,
              "skipped": false
            }
          ],
          "suites": [],
          "passes": [
            "d7900de0-1421-461e-9c88-4dcf23f915a4"
          ],
          "failures": [],
          "pending": [],
          "skipped": [],
          "duration": 11177,
          "root": false,
          "rootEmpty": false,
          "_timeout": 2000
        }
      ],
      "passes": [],
      "failures": [],
      "pending": [],
      "skipped": [],
      "duration": 0,
      "root": true,
      "rootEmpty": true,
      "_timeout": 2000
    }
  ],
  "meta": {
    "mocha": {
      "version": "7.2.0"
    },
    "mochawesome": {
      "options": {
        "quiet": false,
        "reportFilename": "mochawesome",
        "saveHtml": true,
        "saveJson": true,
        "consoleReporter": "spec",
        "useInlineDiffs": false,
        "code": true
      },
      "version": "7.1.4"
    },
    "marge": {
      "options": {
        "reportDir": "cypress/reports",
        "overwrite": false,
        "html": true,
        "json": true,
        "embeddedScreenshots": true,
        "inlineAssets": true
      },
      "version": "6.3.2"
    }
  }
}