{
  "stats": {
    "suites": 1,
    "tests": 1,
    "passes": 1,
    "pending": 0,
    "failures": 0,
    "start": "2026-04-27T18:59:12.445Z",
    "end": "2026-04-27T18:59:32.497Z",
    "duration": 20052,
    "testsRegistered": 1,
    "passPercent": 100,
    "pendingPercent": 0,
    "other": 0,
    "hasOther": false,
    "skipped": 0,
    "hasSkipped": false
  },
  "results": [
    {
      "uuid": "007c1c69-12e0-48c5-bb8c-dc24248ecf04",
      "title": "",
      "fullFile": "cypress/e2e/06_cards_duvidas_frequentes/01_info_viagens.cy.js",
      "file": "cypress/e2e/06_cards_duvidas_frequentes/01_info_viagens.cy.js",
      "beforeHooks": [],
      "afterHooks": [],
      "tests": [],
      "suites": [
        {
          "uuid": "b3edaba7-9031-4e25-9148-028591350b0d",
          "title": "Validar Cards - dúvidas frequentes",
          "fullFile": "",
          "file": "",
          "beforeHooks": [],
          "afterHooks": [],
          "tests": [
            {
              "title": "Deve validar Cards - informação para sua viagem",
              "fullTitle": "Validar Cards - dúvidas frequentes Deve validar Cards - informação para sua viagem",
              "timedOut": null,
              "duration": 19972,
              "state": "passed",
              "speed": "slow",
              "pass": true,
              "fail": false,
              "pending": false,
              "context": null,
              "code": "cy.get(':nth-child(3) > .custom-padding > .container > :nth-child(1) > .aem-Grid > .image > .cmp-image > #cmp-image-link > .cmp-image__image').click();\ncy.url().should('include', 'https://www.viacaocometa.com.br/informacao-para-sua-viagem');",
              "err": {},
              "uuid": "8f1e34ae-de73-49c9-b456-a8af1a439061",
              "parentUUID": "b3edaba7-9031-4e25-9148-028591350b0d",
              "isHook": false,
              "skipped": false
            }
          ],
          "suites": [],
          "passes": [
            "8f1e34ae-de73-49c9-b456-a8af1a439061"
          ],
          "failures": [],
          "pending": [],
          "skipped": [],
          "duration": 19972,
          "root": false,
          "rootEmpty": false,
          "_timeout": 2000
        }
      ],
      "passes": [],
      "failures": [],
      "pending": [],
      "skipped": [],
      "duration": 0,
      "root": true,
      "rootEmpty": true,
      "_timeout": 2000
    }
  ],
  "meta": {
    "mocha": {
      "version": "7.2.0"
    },
    "mochawesome": {
      "options": {
        "quiet": false,
        "reportFilename": "mochawesome",
        "saveHtml": false,
        "saveJson": true,
        "consoleReporter": "spec",
        "useInlineDiffs": false,
        "code": true
      },
      "version": "7.1.4"
    },
    "marge": {
      "options": {
        "reportDir": "cypress/reports/.jsons",
        "overwrite": false,
        "html": false,
        "json": true,
        "embeddedScreenshots": true,
        "inlineAssets": true
      },
      "version": "6.3.2"
    }
  }
}