{
  "stats": {
    "suites": 1,
    "tests": 5,
    "passes": 5,
    "pending": 0,
    "failures": 0,
    "start": "2026-04-27T18:54:45.724Z",
    "end": "2026-04-27T18:56:11.913Z",
    "duration": 86189,
    "testsRegistered": 5,
    "passPercent": 100,
    "pendingPercent": 0,
    "other": 0,
    "hasOther": false,
    "skipped": 0,
    "hasSkipped": false
  },
  "results": [
    {
      "uuid": "0d314185-bad9-4243-85c5-6a72d9900453",
      "title": "",
      "fullFile": "cypress/e2e/03_links_header/01_Informacoes_viagens.cy.js",
      "file": "cypress/e2e/03_links_header/01_Informacoes_viagens.cy.js",
      "beforeHooks": [],
      "afterHooks": [],
      "tests": [],
      "suites": [
        {
          "uuid": "366e7f0f-bf85-458a-a8c9-062eeb61086d",
          "title": "Validar link informações de viagens",
          "fullFile": "",
          "file": "",
          "beforeHooks": [],
          "afterHooks": [],
          "tests": [
            {
              "title": "Validar link informações de Viagem - Bagagem",
              "fullTitle": "Validar link informações de viagens Validar link informações de Viagem - Bagagem",
              "timedOut": null,
              "duration": 29184,
              "state": "passed",
              "speed": "slow",
              "pass": true,
              "fail": false,
              "pending": false,
              "context": null,
              "code": "cy.get('.header-nav-container > :nth-child(1) > :nth-child(1) > .focusable').click();\ncy.url().should('include', 'informacao-para-sua-viagem');\ncy.get('.aem-Grid--12 > :nth-child(4) > .custom-padding > .container > :nth-child(1) > .aem-Grid > .image > .cmp-image > #cmp-image-link > .cmp-image__image').click();\ncy.get('#bagagemdemao > p').should('contain', 'Bagagem de mão');\ncy.scrollTo('top', {\n  timeout: 1000\n});\ncy.get('[href=\"#bagagemdespachada\"] > .btn-title').click();\ncy.get('#bagagemdespachada > [style=\"text-align: left;\"]').should('contain', 'Bagagem despachada no bagageiro');\ncy.scrollTo('top', {\n  timeout: 1000\n});\ncy.get('[href=\"#bagagemproibida\"]').click();\ncy.get('#bagagemproibida > p').should('contain', 'Bagagem proibida');\ncy.scrollTo('top', {\n  timeout: 1000\n});\ncy.get('[href=\"#bagagensespeciaiseesportivas\"] > .btn-title').click();\ncy.get('#bagagensespeciaiseesportivas > p').should('contain', 'Bagagens especiais e esportivas');\ncy.scrollTo('top', {\n  timeout: 1000\n});\ncy.get('[href=\"#bagagensextraviadas\"] > .btn-title').click();\ncy.get('#bagagensextraviadas > p').should('contain', 'Bagagens extraviadas ou danificadas');\ncy.scrollTo('top', {\n  timeout: 1000\n});\ncy.get('[href=\"#objetosesquecidos\"] > .btn-title').click();\ncy.get('#objetosesquecidos > p').should('contain', 'Objetos esquecidos no interior do veículo');\ncy.scrollTo('top');\ncy.get('[href=\"#cobranca\"] > .btn-title').click();\ncy.get('#cobranca > p').should('contain', 'Cobrança por excesso de bagagem');",
              "err": {},
              "uuid": "102c91de-8a4f-4a64-8df2-6a0d2fe96d0a",
              "parentUUID": "366e7f0f-bf85-458a-a8c9-062eeb61086d",
              "isHook": false,
              "skipped": false
            },
            {
              "title": "Validar link informações de Viagem - Informações para embarque",
              "fullTitle": "Validar link informações de viagens Validar link informações de Viagem - Informações para embarque",
              "timedOut": null,
              "duration": 14199,
              "state": "passed",
              "speed": "slow",
              "pass": true,
              "fail": false,
              "pending": false,
              "context": null,
              "code": "cy.get('.header-nav-container > :nth-child(1) > :nth-child(1) > .focusable').click();\ncy.url().should('include', 'informacao-para-sua-viagem');\ncy.get('.aem-Grid--12 > :nth-child(5) > .custom-padding > .container > :nth-child(1) > .aem-Grid > .image > .cmp-image > #cmp-image-link > .cmp-image__image').click();\ncy.get('[href=\"#documentacaoparaembarque\"] > .btn-title').click();\ncy.get('#documentacaoparaembarque > p').should('contain', 'Documentação para embarque');\ncy.scrollTo('top', {\n  timeout: 1000\n});\ncy.get('[href=\"#embarqueparamenores\"] > .btn-title').click();\ncy.get('#embarqueparamenores > p').should('contain', 'Embarque para Menores');\ncy.scrollTo('top', {\n  timeout: 1000\n});\ncy.get('[href=\"#horariodeembarque\"]').click();\ncy.get('#horariodeembarque > p').should('contain', 'Horário de embarque');\ncy.scrollTo('top', {\n  timeout: 1000\n});\ncy.get('[href=\"#transportedeanimais\"]').click();\ncy.get('#transportedeanimais > p').should('contain', 'Transporte de Animais');\ncy.scrollTo('top', {\n  timeout: 1000\n});\ncy.get('[href=\"#segurofacultativo\"]').click();\ncy.get('#segurofacultativo > p').should('contain', 'Seguro Facultativo');\ncy.scrollTo('top', {\n  timeout: 1000\n});\ncy.get('[href=\"#alteracoesdehorario\"]').click();\ncy.get('#alteracoesdehorario > p').should('contain', 'Alterações de Horários e Frequências');\ncy.scrollTo('top', {\n  timeout: 1000\n});",
              "err": {},
              "uuid": "a8ffdf9f-c0c6-46c4-9018-107408f79eb5",
              "parentUUID": "366e7f0f-bf85-458a-a8c9-062eeb61086d",
              "isHook": false,
              "skipped": false
            },
            {
              "title": "Validar link informações de Viagem - Compra, remarcação e reembolso",
              "fullTitle": "Validar link informações de viagens Validar link informações de Viagem - Compra, remarcação e reembolso",
              "timedOut": null,
              "duration": 13929,
              "state": "passed",
              "speed": "slow",
              "pass": true,
              "fail": false,
              "pending": false,
              "context": null,
              "code": "cy.get('.header-nav-container > :nth-child(1) > :nth-child(1) > .focusable').click();\ncy.url().should('include', 'informacao-para-sua-viagem');\ncy.get('[style=\"padding: 0rem 2rem 2rem 2rem \"] > :nth-child(1) > .aem-Grid--12 > :nth-child(1) > .custom-padding > .container > :nth-child(1) > .aem-Grid > .image > .cmp-image > #cmp-image-link > .cmp-image__image').click();\ncy.get('[href=\"#formasdepagamento\"]').click();\ncy.get('#formasdepagamento > p').should('contain', 'Formas de Pagamento');\ncy.scrollTo('top', {\n  timeout: 1000\n});\ncy.get('[href=\"#remarcacaoetroca\"]').click();\ncy.get('#remarcacaoetroca > p').should('contain', 'Remarcação e Troca');\ncy.scrollTo('top', {\n  timeout: 1000\n});\ncy.get('[href=\"#cancelamentoereembolso\"]').click();\ncy.get('#cancelamentoereembolso > p').should('contain', 'Cancelamento e Reembolso');\ncy.scrollTo('top', {\n  timeout: 1000\n});\ncy.get('[href=\"#reacomodacao\"]').click();\ncy.get('#reacomodacao > p').should('contain', 'Reacomodações');\ncy.scrollTo('top', {\n  timeout: 1000\n});\ncy.get('[href=\"#taxas\"]').click();\ncy.get('#taxas > p').should('contain', 'Taxas de serviços');\ncy.scrollTo('top', {\n  timeout: 1000\n});",
              "err": {},
              "uuid": "d0c22bc7-f540-4057-a87c-a4cd5d8b00fe",
              "parentUUID": "366e7f0f-bf85-458a-a8c9-062eeb61086d",
              "isHook": false,
              "skipped": false
            },
            {
              "title": "Validar link informações de Viagem - Nossos serviços",
              "fullTitle": "Validar link informações de viagens Validar link informações de Viagem - Nossos serviços",
              "timedOut": null,
              "duration": 14533,
              "state": "passed",
              "speed": "slow",
              "pass": true,
              "fail": false,
              "pending": false,
              "context": null,
              "code": "cy.get('.header-nav-container > :nth-child(1) > :nth-child(1) > .focusable').click();\ncy.url().should('include', 'informacao-para-sua-viagem');\ncy.get(':nth-child(2) > .custom-padding > .container > :nth-child(1) > .aem-Grid > .image > .cmp-image > #cmp-image-link > .cmp-image__image').click();\ncy.get('[href=\"#nossosonibus\"]').click();\ncy.get('#nossosonibus > p').should('contain', 'Conheça Nossos Ônibus');\ncy.scrollTo('top', {\n  timeout: 1000\n});\ncy.get('[href=\"#salasvips\"]').click();\ncy.get('#salasvips > p').should('contain', 'SALAS VIPS');\ncy.scrollTo('top', {\n  timeout: 1000\n});\ncy.get('[href=\"#salasnets\"]').click();\ncy.get('[style=\"margin: auto auto auto auto \"] > [style=\"padding: 2rem 2rem 2rem 2rem \"] > :nth-child(1) > .aem-Grid--phone--12 > :nth-child(1) > #salasnets > p').should('contain', 'SALAS NETS');\ncy.scrollTo('top', {\n  timeout: 1000\n});\ncy.get('[href=\"#clubegiro\"]').click();\ncy.get('#clubegiro > [style=\"padding: 2rem 2rem 2rem 2rem \"] > :nth-child(1) > .aem-Grid--phone--12 > :nth-child(1) > #salasnets > p').should('contain', 'CLUBE GIRO');",
              "err": {},
              "uuid": "3d380863-1b8e-42af-b4d6-70d4a1d8dd6a",
              "parentUUID": "366e7f0f-bf85-458a-a8c9-062eeb61086d",
              "isHook": false,
              "skipped": false
            },
            {
              "title": "Validar link informações de Viagem - Descontos e Gratuidades",
              "fullTitle": "Validar link informações de viagens Validar link informações de Viagem - Descontos e Gratuidades",
              "timedOut": null,
              "duration": 14033,
              "state": "passed",
              "speed": "slow",
              "pass": true,
              "fail": false,
              "pending": false,
              "context": null,
              "code": "cy.get('.header-nav-container > :nth-child(1) > :nth-child(1) > .focusable').click();\ncy.url().should('include', 'informacao-para-sua-viagem');\ncy.get(':nth-child(4) > :nth-child(2) > :nth-child(2) > :nth-child(1) > .aem-Grid--12 > .cmp > .custom-padding > .container > :nth-child(1) > .aem-Grid > .image > .cmp-image > #cmp-image-link > .cmp-image__image').click();\ncy.get('[href=\"#estudante\"]').click();\ncy.get('#estudante > p').should('contain', 'Estudante e Professor');\ncy.scrollTo('top', {\n  timeout: 1000\n});\ncy.get('[href=\"#PCD\"]').click();\ncy.get('#PCD > p').should('contain', 'Pessoa com deficiência');\ncy.scrollTo('top', {\n  timeout: 1000\n});\ncy.get('[href=\"#idoso\"]').click();\ncy.get('#idoso > p').should('contain', 'Idoso');\ncy.scrollTo('top', {\n  timeout: 1000\n});\ncy.get('[href=\"#IDJovem\"]').click();\ncy.get('#IDJovem > p').should('contain', 'ID Jovem');",
              "err": {},
              "uuid": "06039990-720e-4e23-ab85-8ac90207d028",
              "parentUUID": "366e7f0f-bf85-458a-a8c9-062eeb61086d",
              "isHook": false,
              "skipped": false
            }
          ],
          "suites": [],
          "passes": [
            "102c91de-8a4f-4a64-8df2-6a0d2fe96d0a",
            "a8ffdf9f-c0c6-46c4-9018-107408f79eb5",
            "d0c22bc7-f540-4057-a87c-a4cd5d8b00fe",
            "3d380863-1b8e-42af-b4d6-70d4a1d8dd6a",
            "06039990-720e-4e23-ab85-8ac90207d028"
          ],
          "failures": [],
          "pending": [],
          "skipped": [],
          "duration": 85878,
          "root": false,
          "rootEmpty": false,
          "_timeout": 2000
        }
      ],
      "passes": [],
      "failures": [],
      "pending": [],
      "skipped": [],
      "duration": 0,
      "root": true,
      "rootEmpty": true,
      "_timeout": 2000
    }
  ],
  "meta": {
    "mocha": {
      "version": "7.2.0"
    },
    "mochawesome": {
      "options": {
        "quiet": false,
        "reportFilename": "mochawesome",
        "saveHtml": false,
        "saveJson": true,
        "consoleReporter": "spec",
        "useInlineDiffs": false,
        "code": true
      },
      "version": "7.1.4"
    },
    "marge": {
      "options": {
        "reportDir": "cypress/reports/.jsons",
        "overwrite": false,
        "html": false,
        "json": true,
        "embeddedScreenshots": true,
        "inlineAssets": true
      },
      "version": "6.3.2"
    }
  }
}