{
  "stats": {
    "suites": 1,
    "tests": 1,
    "passes": 1,
    "pending": 0,
    "failures": 0,
    "start": "2026-04-27T21:57:39.164Z",
    "end": "2026-04-27T21:58:07.414Z",
    "duration": 28250,
    "testsRegistered": 1,
    "passPercent": 100,
    "pendingPercent": 0,
    "other": 0,
    "hasOther": false,
    "skipped": 0,
    "hasSkipped": false
  },
  "results": [
    {
      "uuid": "84fad4e1-79a3-44c1-8400-daf42ee9542d",
      "title": "",
      "fullFile": "cypress/e2e/05_link_conexao/05_conheca_nossos_onibus.cy.js",
      "file": "cypress/e2e/05_link_conexao/05_conheca_nossos_onibus.cy.js",
      "beforeHooks": [],
      "afterHooks": [],
      "tests": [],
      "suites": [
        {
          "uuid": "bb169330-0e75-46e3-8af6-1d3001b52ebb",
          "title": "Validar link de conexão com os ônibus",
          "fullFile": "",
          "file": "",
          "beforeHooks": [],
          "afterHooks": [],
          "tests": [
            {
              "title": "Deve validar o link do card de conexão com os ônibus e redirecionar para a página de contato",
              "fullTitle": "Validar link de conexão com os ônibus Deve validar o link do card de conexão com os ônibus e redirecionar para a página de contato",
              "timedOut": null,
              "duration": 28204,
              "state": "passed",
              "speed": "slow",
              "pass": true,
              "fail": false,
              "pending": false,
              "context": null,
              "code": "cy.get('#headingitem0').click();\ncy.get('#headingitem1').click();\ncy.get('#headingitem2').click();\ncy.get('#headingitem3').click();\ncy.get('[style=\"color: rgb(255,0,150);\"] > .focusable > span').click({\n  force: true\n});\ncy.url().should('include', 'fale-conosco');",
              "err": {},
              "uuid": "113b53ef-0b65-41e1-91f1-239984e72484",
              "parentUUID": "bb169330-0e75-46e3-8af6-1d3001b52ebb",
              "isHook": false,
              "skipped": false
            }
          ],
          "suites": [],
          "passes": [
            "113b53ef-0b65-41e1-91f1-239984e72484"
          ],
          "failures": [],
          "pending": [],
          "skipped": [],
          "duration": 28204,
          "root": false,
          "rootEmpty": false,
          "_timeout": 2000
        }
      ],
      "passes": [],
      "failures": [],
      "pending": [],
      "skipped": [],
      "duration": 0,
      "root": true,
      "rootEmpty": true,
      "_timeout": 2000
    }
  ],
  "meta": {
    "mocha": {
      "version": "7.2.0"
    },
    "mochawesome": {
      "options": {
        "quiet": false,
        "reportFilename": "mochawesome",
        "saveHtml": true,
        "saveJson": true,
        "consoleReporter": "spec",
        "useInlineDiffs": false,
        "code": true
      },
      "version": "7.1.4"
    },
    "marge": {
      "options": {
        "reportDir": "cypress/reports/",
        "overwrite": false,
        "html": true,
        "json": true,
        "embeddedScreenshots": true,
        "inlineAssets": true
      },
      "version": "6.3.2"
    }
  }
}