{
  "stats": {
    "suites": 1,
    "tests": 1,
    "passes": 1,
    "pending": 0,
    "failures": 0,
    "start": "2026-04-27T22:07:08.330Z",
    "end": "2026-04-27T22:07:38.692Z",
    "duration": 30362,
    "testsRegistered": 1,
    "passPercent": 100,
    "pendingPercent": 0,
    "other": 0,
    "hasOther": false,
    "skipped": 0,
    "hasSkipped": false
  },
  "results": [
    {
      "uuid": "70609973-03b7-43ed-904f-5891840f63fa",
      "title": "",
      "fullFile": "cypress/e2e/06_cards_duvidas_frequentes/04_bagagens.cy.js",
      "file": "cypress/e2e/06_cards_duvidas_frequentes/04_bagagens.cy.js",
      "beforeHooks": [],
      "afterHooks": [],
      "tests": [],
      "suites": [
        {
          "uuid": "3b1f184b-4b7b-457f-9d53-5c7f02144a17",
          "title": "Validar Cards - dúvidas frequentes",
          "fullFile": "",
          "file": "",
          "beforeHooks": [],
          "afterHooks": [],
          "tests": [
            {
              "title": "Deve validar Cards - bagagem",
              "fullTitle": "Validar Cards - dúvidas frequentes Deve validar Cards - bagagem",
              "timedOut": null,
              "duration": 30308,
              "state": "passed",
              "speed": "slow",
              "pass": true,
              "fail": false,
              "pending": false,
              "context": null,
              "code": "cy.get(':nth-child(6) > .custom-padding > .container > :nth-child(1) > .aem-Grid > .image > .cmp-image > #cmp-image-link > .cmp-image__image').click();\n// cy.url().should('include', '/bagagem')",
              "err": {},
              "uuid": "8c6d15d8-8d98-44f3-8e14-9383f5756535",
              "parentUUID": "3b1f184b-4b7b-457f-9d53-5c7f02144a17",
              "isHook": false,
              "skipped": false
            }
          ],
          "suites": [],
          "passes": [
            "8c6d15d8-8d98-44f3-8e14-9383f5756535"
          ],
          "failures": [],
          "pending": [],
          "skipped": [],
          "duration": 30308,
          "root": false,
          "rootEmpty": false,
          "_timeout": 2000
        }
      ],
      "passes": [],
      "failures": [],
      "pending": [],
      "skipped": [],
      "duration": 0,
      "root": true,
      "rootEmpty": true,
      "_timeout": 2000
    }
  ],
  "meta": {
    "mocha": {
      "version": "7.2.0"
    },
    "mochawesome": {
      "options": {
        "quiet": false,
        "reportFilename": "mochawesome",
        "saveHtml": true,
        "saveJson": true,
        "consoleReporter": "spec",
        "useInlineDiffs": false,
        "code": true
      },
      "version": "7.1.4"
    },
    "marge": {
      "options": {
        "reportDir": "cypress/reports/",
        "overwrite": false,
        "html": true,
        "json": true,
        "embeddedScreenshots": true,
        "inlineAssets": true
      },
      "version": "6.3.2"
    }
  }
}